

<!DOCTYPE html>
<html>
<head>
<meta charset="UTF-8">
<meta name="viewport" content="width=device-width, initial-scale=1, shrink-to-fit=no">
<title>Test Results - Regression_Suite</title>
<link rel="apple-touch-icon" href="https://cdn.jsdelivr.net/gh/extent-framework/extent-github-cdn@b00a2d0486596e73dd7326beacf352c639623a0e/commons/img/logo.png">
<link rel="shortcut icon" href="https://cdn.jsdelivr.net/gh/extent-framework/extent-github-cdn@b00a2d0486596e73dd7326beacf352c639623a0e/commons/img/logo.png">
<link href="https://cdn.jsdelivr.net/gh/extent-framework/extent-github-cdn@ce8b10435bcbae260c334c0d0c6b61d2c19b6168/spark/css/spark-style.css" rel="stylesheet" />
<link href="https://stackpath.bootstrapcdn.com/font-awesome/4.7.0/css/font-awesome.min.css" rel="stylesheet">
<script src="https://cdn.jsdelivr.net/gh/extent-framework/extent-github-cdn@7cc78ce/spark/js/jsontree.js"></script>
<style type="text/css"></style></head><body class="spa -report standard">
  <div class="app">
    <div class="layout">
<div class="header navbar">
<div class="vheader">
<div class="nav-logo">
<a href="#">
<div class="logo" style="background-image: url('https://cdn.jsdelivr.net/gh/extent-framework/extent-github-cdn@b00a2d0486596e73dd7326beacf352c639623a0e/commons/img/logo.png')"></div>
</a>
</div>
<ul class="nav-left">
<li class="search-box">
<a class="search-toggle" href="#">
<i class="search-icon fa fa-search"></i>
<i class="search-icon-close fa fa-close"></i>
</a>
</li>
<li class="search-input"><input id="search-tests" class="form-control" type="text" placeholder="Search..."></li>
</ul>
<ul class="nav-right">
<li class="m-r-10">
<a href="#"><span class="badge badge-primary">Magento Test Automation Report - Regression_Suite</span></a>
</li>
<li class="m-r-10">
<a href="#"><span class="badge badge-primary">May 7, 2025 03:29:16 pm</span></a>
</li>
</ul>
</div>
</div><div class="side-nav">
<div class="side-nav-inner">
<ul class="side-nav-menu">
<li class="nav-item dropdown" onclick="toggleView('test-view')">
<a id="nav-test" class="dropdown-toggle" href="#">
<span class="ico"><i class="fa fa-list"></i></span>
</a>
</li>
<li class="nav-item dropdown" onclick="toggleView('exception-view')">
<a id="nav-exception" class="dropdown-toggle" href="#">
<span class="ico"><i class="fa fa-bug"></i></span>
</a>
</li>
<li class="nav-item dropdown" onclick="toggleView('category-view')">
<a id="nav-category" class="dropdown-toggle" href="#">
<span class="ico"><i class="fa fa-tag"></i></span>
</a>
</li>
<li class="nav-item dropdown" onclick="toggleView('dashboard-view')">
<a id="nav-dashboard" class="dropdown-toggle" href="#">
<span class="ico"><i class="fa fa-bar-chart"></i></span>
</a>
</li>
</ul>
</div>
</div>      <div class="vcontainer">
        <div class="main-content">
<div class="test-wrapper row view test-view">
  <div class="test-list">
    <div class="test-list-tools">
<ul class="tools pull-left">
<li><a href="#"><span class="font-size-14">Tests</span></a></li>
</ul>
<ul class="tools text-right">
<li class="dropdown">
<a href="#" class="dropdown-toggle" data-toggle="dropdown"><i class="fa fa-exclamation-circle"></i></a>
<ul id="status-toggle" class="dropdown-menu dropdown-md p-v-0">
<a class="dropdown-item" status="pass" href="#"><span>Pass</span><span class="status success"></span></a>
<a class="dropdown-item" status="fail" href="#"><span>Fail</span><span class="status danger"></span></a>
<a class="dropdown-item" status="skip" href="#"><span>Skip</span><span class="status warning"></span></a>
<div class="dropdown-divider"></div>
<a status="clear" class="dropdown-item" href="#"><span>Clear</span><span class="pull-right"><i class="fa fa-close"></i></span></a>
</ul>
</li>
<li class="dropdown">
<a href="#" class="dropdown-toggle" data-toggle="dropdown"><i class="fa fa-tag"></i></a>
<ul id="tag-toggle" class="dropdown-menu dropdown-md p-v-0">
<a class="dropdown-item" href="#">Regression_Suite</a><a class="dropdown-item" href="#">chrome</a>
</ul>
</li>
</ul>
</div>    <div class="test-list-wrapper scrollable">
      <ul class="test-list-item">
        <li class="test-item"  status="pass" test-id="1"
          author=""
          tag="Regression_Suite chrome"
          device="">
          <div class="test-detail">
            <p class="name">testCreateAccountPageDisplayed</p>
            <p class="text-sm">
              <span>15:30:25</span> / <span>00:00:36:886</span>
              <span class="badge pass-bg log float-right">Pass</span>
            </p>
          </div>
          <div class="test-contents d-none">
<div class="detail-head">
<div class="p-v-10">
<div class="info">
<h5 class="test-status text-pass">testCreateAccountPageDisplayed</h5>
<span class='badge badge-success'>05.07.2025 15:30:25</span>
<span class='badge badge-danger'>05.07.2025 15:31:02</span>
<span class='badge badge-default'>00:00:36:886</span>
&middot; <span class='uri-anchor badge badge-default'>#test-id=1</span>
<span title='Skip to the next failed step' class='badge badge-danger pointer float-right ne ml-1'><i class="fa fa-fast-forward"></i></span>
<span title='Collapse all nodes' class='badge badge-default pointer float-right ct ml-1'><i class="fa fa-compress"></i></span>
<span title='Expand all nodes' class='badge badge-default pointer float-right et'><i class="fa fa-expand"></i></span>
</div>
<div class="m-t-15"><span class="badge badge-pill badge-default">Regression_Suite</span>
<span class="badge badge-pill badge-default">chrome</span></div>
<div class="m-t-10 m-l-5">Verify that the Create Account page is displayed correctly</div>
</div>
</div><div class="detail-body mt-4">
<table class="table table-sm">
  <thead><tr><th class="status-col">Status</th><th class="timestamp-col">Timestamp</th><th class="details-col">Details</th></tr></thead>
  <tbody>
      <tr class="event-row">
        <td><span class="badge log info-bg">Info</span></td>
        <td>15:30:25</td>
        <td>
          verifying that the Create Account page is displayed correctly.
        </td>
      </tr>
      <tr class="event-row">
        <td><span class="badge log info-bg">Info</span></td>
        <td>15:30:25</td>
        <td>
          Create Account page is displayed correctly.
        </td>
      </tr>
      <tr class="event-row">
        <td><span class="badge log pass-bg">Pass</span></td>
        <td>15:30:25</td>
        <td>
          Test passed
        </td>
      </tr>
      <tr class="event-row">
        <td><span class="badge log info-bg">Info</span></td>
        <td>15:30:26</td>
        <td>
          Driver closed after test.
        </td>
      </tr>
      <tr class="event-row">
        <td><span class="badge log info-bg">Info</span></td>
        <td>15:30:26</td>
        <td>
          Running tests on browser:: chrome
        </td>
      </tr>
      <tr class="event-row">
        <td><span class="badge log info-bg">Info</span></td>
        <td>15:31:02</td>
        <td>
          Navigating to the account creation page.
        </td>
      </tr>
  </tbody>
</table>
</div>
          </div>
        </li>
        <li class="test-item"  status="pass" test-id="2"
          author=""
          tag="Regression_Suite chrome"
          device="">
          <div class="test-detail">
            <p class="name">testNavbarComponents</p>
            <p class="text-sm">
              <span>15:30:26</span> / <span>00:00:16:180</span>
              <span class="badge pass-bg log float-right">Pass</span>
            </p>
          </div>
          <div class="test-contents d-none">
<div class="detail-head">
<div class="p-v-10">
<div class="info">
<h5 class="test-status text-pass">testNavbarComponents</h5>
<span class='badge badge-success'>05.07.2025 15:30:26</span>
<span class='badge badge-danger'>05.07.2025 15:30:42</span>
<span class='badge badge-default'>00:00:16:180</span>
&middot; <span class='uri-anchor badge badge-default'>#test-id=2</span>
<span title='Skip to the next failed step' class='badge badge-danger pointer float-right ne ml-1'><i class="fa fa-fast-forward"></i></span>
<span title='Collapse all nodes' class='badge badge-default pointer float-right ct ml-1'><i class="fa fa-compress"></i></span>
<span title='Expand all nodes' class='badge badge-default pointer float-right et'><i class="fa fa-expand"></i></span>
</div>
<div class="m-t-15"><span class="badge badge-pill badge-default">Regression_Suite</span>
<span class="badge badge-pill badge-default">chrome</span></div>
<div class="m-t-10 m-l-5">Verify that all navbar component links function correctly</div>
</div>
</div><div class="detail-body mt-4">
<table class="table table-sm">
  <thead><tr><th class="status-col">Status</th><th class="timestamp-col">Timestamp</th><th class="details-col">Details</th></tr></thead>
  <tbody>
      <tr class="event-row">
        <td><span class="badge log info-bg">Info</span></td>
        <td>15:30:26</td>
        <td>
          <div class='row'>
 <div class='col-md-12'>
  <textarea readonly class='code-block'>Parameters: [utils.dataproviders.models.NavbarTestData@80e8fa6]</textarea>
 </div>
</div>

        </td>
      </tr>
      <tr class="event-row">
        <td><span class="badge log info-bg">Info</span></td>
        <td>15:30:26</td>
        <td>
          =========================Starting test case: TC01=========================
        </td>
      </tr>
      <tr class="event-row">
        <td><span class="badge log info-bg">Info</span></td>
        <td>15:30:31</td>
        <td>
          Hovering over the main menu: Men
        </td>
      </tr>
      <tr class="event-row">
        <td><span class="badge log info-bg">Info</span></td>
        <td>15:30:31</td>
        <td>
          Hovering over the sub-menu: Tops
        </td>
      </tr>
      <tr class="event-row">
        <td><span class="badge log info-bg">Info</span></td>
        <td>15:30:32</td>
        <td>
          Clicking on the sub-sub-menu: Jackets
        </td>
      </tr>
      <tr class="event-row">
        <td><span class="badge log info-bg">Info</span></td>
        <td>15:30:37</td>
        <td>
          Verifying the URL after navigation.
        </td>
      </tr>
      <tr class="event-row">
        <td><span class="badge log info-bg">Info</span></td>
        <td>15:30:37</td>
        <td>
          Test case TC01: completed successfully.
        </td>
      </tr>
      <tr class="event-row">
        <td><span class="badge log pass-bg">Pass</span></td>
        <td>15:30:37</td>
        <td>
          Test passed
        </td>
      </tr>
      <tr class="event-row">
        <td><span class="badge log info-bg">Info</span></td>
        <td>15:30:40</td>
        <td>
          Driver closed after test.
        </td>
      </tr>
      <tr class="event-row">
        <td><span class="badge log info-bg">Info</span></td>
        <td>15:30:42</td>
        <td>
          Driver initialized for test setup.
        </td>
      </tr>
      <tr class="event-row">
        <td><span class="badge log info-bg">Info</span></td>
        <td>15:30:42</td>
        <td>
          Navigating to the landing page.
        </td>
      </tr>
  </tbody>
</table>
</div>
          </div>
        </li>
        <li class="test-item"  status="pass" test-id="3"
          author=""
          tag="Regression_Suite chrome"
          device="">
          <div class="test-detail">
            <p class="name">testLoginPageDisplayed</p>
            <p class="text-sm">
              <span>15:30:32</span> / <span>00:00:03:940</span>
              <span class="badge pass-bg log float-right">Pass</span>
            </p>
          </div>
          <div class="test-contents d-none">
<div class="detail-head">
<div class="p-v-10">
<div class="info">
<h5 class="test-status text-pass">testLoginPageDisplayed</h5>
<span class='badge badge-success'>05.07.2025 15:30:32</span>
<span class='badge badge-danger'>05.07.2025 15:30:36</span>
<span class='badge badge-default'>00:00:03:940</span>
&middot; <span class='uri-anchor badge badge-default'>#test-id=3</span>
<span title='Skip to the next failed step' class='badge badge-danger pointer float-right ne ml-1'><i class="fa fa-fast-forward"></i></span>
<span title='Collapse all nodes' class='badge badge-default pointer float-right ct ml-1'><i class="fa fa-compress"></i></span>
<span title='Expand all nodes' class='badge badge-default pointer float-right et'><i class="fa fa-expand"></i></span>
</div>
<div class="m-t-15"><span class="badge badge-pill badge-default">Regression_Suite</span>
<span class="badge badge-pill badge-default">chrome</span></div>
<div class="m-t-10 m-l-5">Verify login page is displayed</div>
</div>
</div><div class="detail-body mt-4">
<table class="table table-sm">
  <thead><tr><th class="status-col">Status</th><th class="timestamp-col">Timestamp</th><th class="details-col">Details</th></tr></thead>
  <tbody>
      <tr class="event-row">
        <td><span class="badge log info-bg">Info</span></td>
        <td>15:30:32</td>
        <td>
          Login page is displayed.
        </td>
      </tr>
      <tr class="event-row">
        <td><span class="badge log pass-bg">Pass</span></td>
        <td>15:30:32</td>
        <td>
          Test passed
        </td>
      </tr>
      <tr class="event-row">
        <td><span class="badge log info-bg">Info</span></td>
        <td>15:30:36</td>
        <td>
          Driver closed after test.
        </td>
      </tr>
      <tr class="event-row">
        <td><span class="badge log info-bg">Info</span></td>
        <td>15:30:36</td>
        <td>
          Running tests on browser:: chrome
        </td>
      </tr>
  </tbody>
</table>
</div>
          </div>
        </li>
        <li class="test-item"  status="pass" test-id="4"
          author=""
          tag="Regression_Suite chrome"
          device="">
          <div class="test-detail">
            <p class="name">testHomePageDisplayed</p>
            <p class="text-sm">
              <span>15:30:43</span> / <span>00:00:08:387</span>
              <span class="badge pass-bg log float-right">Pass</span>
            </p>
          </div>
          <div class="test-contents d-none">
<div class="detail-head">
<div class="p-v-10">
<div class="info">
<h5 class="test-status text-pass">testHomePageDisplayed</h5>
<span class='badge badge-success'>05.07.2025 15:30:43</span>
<span class='badge badge-danger'>05.07.2025 15:30:52</span>
<span class='badge badge-default'>00:00:08:387</span>
&middot; <span class='uri-anchor badge badge-default'>#test-id=4</span>
<span title='Skip to the next failed step' class='badge badge-danger pointer float-right ne ml-1'><i class="fa fa-fast-forward"></i></span>
<span title='Collapse all nodes' class='badge badge-default pointer float-right ct ml-1'><i class="fa fa-compress"></i></span>
<span title='Expand all nodes' class='badge badge-default pointer float-right et'><i class="fa fa-expand"></i></span>
</div>
<div class="m-t-15"><span class="badge badge-pill badge-default">Regression_Suite</span>
<span class="badge badge-pill badge-default">chrome</span></div>
<div class="m-t-10 m-l-5">Verify that the Home page is displayed correctly</div>
</div>
</div><div class="detail-body mt-4">
<table class="table table-sm">
  <thead><tr><th class="status-col">Status</th><th class="timestamp-col">Timestamp</th><th class="details-col">Details</th></tr></thead>
  <tbody>
      <tr class="event-row">
        <td><span class="badge log info-bg">Info</span></td>
        <td>15:30:43</td>
        <td>
          verifying that the Home page is displayed correctly.
        </td>
      </tr>
      <tr class="event-row">
        <td><span class="badge log info-bg">Info</span></td>
        <td>15:30:43</td>
        <td>
          Home page is displayed correctly.
        </td>
      </tr>
      <tr class="event-row">
        <td><span class="badge log pass-bg">Pass</span></td>
        <td>15:30:43</td>
        <td>
          Test passed
        </td>
      </tr>
      <tr class="event-row">
        <td><span class="badge log info-bg">Info</span></td>
        <td>15:30:52</td>
        <td>
          Driver closed after test.
        </td>
      </tr>
  </tbody>
</table>
</div>
          </div>
        </li>
        <li class="test-item"  status="pass" test-id="5"
          author=""
          tag="Regression_Suite chrome"
          device="">
          <div class="test-detail">
            <p class="name">testCreateAccountWithInvalidDetails</p>
            <p class="text-sm">
              <span>15:31:05</span> / <span>00:00:37:779</span>
              <span class="badge pass-bg log float-right">Pass</span>
            </p>
          </div>
          <div class="test-contents d-none">
<div class="detail-head">
<div class="p-v-10">
<div class="info">
<h5 class="test-status text-pass">testCreateAccountWithInvalidDetails</h5>
<span class='badge badge-success'>05.07.2025 15:31:05</span>
<span class='badge badge-danger'>05.07.2025 15:31:42</span>
<span class='badge badge-default'>00:00:37:779</span>
&middot; <span class='uri-anchor badge badge-default'>#test-id=5</span>
<span title='Skip to the next failed step' class='badge badge-danger pointer float-right ne ml-1'><i class="fa fa-fast-forward"></i></span>
<span title='Collapse all nodes' class='badge badge-default pointer float-right ct ml-1'><i class="fa fa-compress"></i></span>
<span title='Expand all nodes' class='badge badge-default pointer float-right et'><i class="fa fa-expand"></i></span>
</div>
<div class="m-t-15"><span class="badge badge-pill badge-default">Regression_Suite</span>
<span class="badge badge-pill badge-default">chrome</span></div>
<div class="m-t-10 m-l-5">Verify that the user cannot create an account with invalid details</div>
</div>
</div><div class="detail-body mt-4">
<table class="table table-sm">
  <thead><tr><th class="status-col">Status</th><th class="timestamp-col">Timestamp</th><th class="details-col">Details</th></tr></thead>
  <tbody>
      <tr class="event-row">
        <td><span class="badge log info-bg">Info</span></td>
        <td>15:31:05</td>
        <td>
          <div class='row'>
 <div class='col-md-12'>
  <textarea readonly class='code-block'>Parameters: [utils.dataproviders.models.SignUpTestData@1a4cbd9e]</textarea>
 </div>
</div>

        </td>
      </tr>
      <tr class="event-row">
        <td><span class="badge log info-bg">Info</span></td>
        <td>15:31:05</td>
        <td>
          =========================Starting test case: TC0=========================
        </td>
      </tr>
      <tr class="event-row">
        <td><span class="badge log info-bg">Info</span></td>
        <td>15:31:05</td>
        <td>
          Entering invalid details for account creation.
        </td>
      </tr>
      <tr class="event-row">
        <td><span class="badge log info-bg">Info</span></td>
        <td>15:31:05</td>
        <td>
          First name: , Last name: , Email: , Password: 
        </td>
      </tr>
      <tr class="event-row">
        <td><span class="badge log info-bg">Info</span></td>
        <td>15:31:06</td>
        <td>
          User is still on the Create Account page.
        </td>
      </tr>
      <tr class="event-row">
        <td><span class="badge log info-bg">Info</span></td>
        <td>15:31:06</td>
        <td>
          Test case TC0 PASSED!
        </td>
      </tr>
      <tr class="event-row">
        <td><span class="badge log pass-bg">Pass</span></td>
        <td>15:31:06</td>
        <td>
          Test passed
        </td>
      </tr>
      <tr class="event-row">
        <td><span class="badge log info-bg">Info</span></td>
        <td>15:31:07</td>
        <td>
          Driver closed after test.
        </td>
      </tr>
      <tr class="event-row">
        <td><span class="badge log info-bg">Info</span></td>
        <td>15:31:07</td>
        <td>
          Running tests on browser:: chrome
        </td>
      </tr>
      <tr class="event-row">
        <td><span class="badge log info-bg">Info</span></td>
        <td>15:31:42</td>
        <td>
          Navigating to the account creation page.
        </td>
      </tr>
  </tbody>
</table>
</div>
          </div>
        </li>
        <li class="test-item"  status="pass" test-id="6"
          author=""
          tag="Regression_Suite chrome"
          device="">
          <div class="test-detail">
            <p class="name">testClickMenuItem</p>
            <p class="text-sm">
              <span>15:31:10</span> / <span>00:00:03:895</span>
              <span class="badge pass-bg log float-right">Pass</span>
            </p>
          </div>
          <div class="test-contents d-none">
<div class="detail-head">
<div class="p-v-10">
<div class="info">
<h5 class="test-status text-pass">testClickMenuItem</h5>
<span class='badge badge-success'>05.07.2025 15:31:10</span>
<span class='badge badge-danger'>05.07.2025 15:31:13</span>
<span class='badge badge-default'>00:00:03:895</span>
&middot; <span class='uri-anchor badge badge-default'>#test-id=6</span>
<span title='Skip to the next failed step' class='badge badge-danger pointer float-right ne ml-1'><i class="fa fa-fast-forward"></i></span>
<span title='Collapse all nodes' class='badge badge-default pointer float-right ct ml-1'><i class="fa fa-compress"></i></span>
<span title='Expand all nodes' class='badge badge-default pointer float-right et'><i class="fa fa-expand"></i></span>
</div>
<div class="m-t-15"><span class="badge badge-pill badge-default">Regression_Suite</span>
<span class="badge badge-pill badge-default">chrome</span></div>
<div class="m-t-10 m-l-5">Verify that the user can click on a menu item and navigate to the correct page</div>
</div>
</div><div class="detail-body mt-4">
<table class="table table-sm">
  <thead><tr><th class="status-col">Status</th><th class="timestamp-col">Timestamp</th><th class="details-col">Details</th></tr></thead>
  <tbody>
      <tr class="event-row">
        <td><span class="badge log info-bg">Info</span></td>
        <td>15:31:10</td>
        <td>
          Clicking on the menu item: My Orders
        </td>
      </tr>
      <tr class="event-row">
        <td><span class="badge log info-bg">Info</span></td>
        <td>15:31:13</td>
        <td>
          Clicked on the menu item: My Orders
        </td>
      </tr>
      <tr class="event-row">
        <td><span class="badge log pass-bg">Pass</span></td>
        <td>15:31:13</td>
        <td>
          Test passed
        </td>
      </tr>
      <tr class="event-row">
        <td><span class="badge log info-bg">Info</span></td>
        <td>15:31:13</td>
        <td>
          Driver closed after test.
        </td>
      </tr>
  </tbody>
</table>
</div>
          </div>
        </li>
        <li class="test-item"  status="pass" test-id="7"
          author=""
          tag="Regression_Suite chrome"
          device="">
          <div class="test-detail">
            <p class="name">testNavbarComponents</p>
            <p class="text-sm">
              <span>15:31:15</span> / <span>00:00:08:660</span>
              <span class="badge pass-bg log float-right">Pass</span>
            </p>
          </div>
          <div class="test-contents d-none">
<div class="detail-head">
<div class="p-v-10">
<div class="info">
<h5 class="test-status text-pass">testNavbarComponents</h5>
<span class='badge badge-success'>05.07.2025 15:31:15</span>
<span class='badge badge-danger'>05.07.2025 15:31:24</span>
<span class='badge badge-default'>00:00:08:660</span>
&middot; <span class='uri-anchor badge badge-default'>#test-id=7</span>
<span title='Skip to the next failed step' class='badge badge-danger pointer float-right ne ml-1'><i class="fa fa-fast-forward"></i></span>
<span title='Collapse all nodes' class='badge badge-default pointer float-right ct ml-1'><i class="fa fa-compress"></i></span>
<span title='Expand all nodes' class='badge badge-default pointer float-right et'><i class="fa fa-expand"></i></span>
</div>
<div class="m-t-15"><span class="badge badge-pill badge-default">Regression_Suite</span>
<span class="badge badge-pill badge-default">chrome</span></div>
<div class="m-t-10 m-l-5">Verify that all navbar component links function correctly</div>
</div>
</div><div class="detail-body mt-4">
<table class="table table-sm">
  <thead><tr><th class="status-col">Status</th><th class="timestamp-col">Timestamp</th><th class="details-col">Details</th></tr></thead>
  <tbody>
      <tr class="event-row">
        <td><span class="badge log info-bg">Info</span></td>
        <td>15:31:15</td>
        <td>
          <div class='row'>
 <div class='col-md-12'>
  <textarea readonly class='code-block'>Parameters: [utils.dataproviders.models.NavbarTestData@5ac84db4]</textarea>
 </div>
</div>

        </td>
      </tr>
      <tr class="event-row">
        <td><span class="badge log info-bg">Info</span></td>
        <td>15:31:15</td>
        <td>
          =========================Starting test case: TC02=========================
        </td>
      </tr>
      <tr class="event-row">
        <td><span class="badge log info-bg">Info</span></td>
        <td>15:31:17</td>
        <td>
          Hovering over the main menu: Men
        </td>
      </tr>
      <tr class="event-row">
        <td><span class="badge log info-bg">Info</span></td>
        <td>15:31:18</td>
        <td>
          Hovering over the sub-menu: Tops
        </td>
      </tr>
      <tr class="event-row">
        <td><span class="badge log info-bg">Info</span></td>
        <td>15:31:18</td>
        <td>
          Clicking on the sub-sub-menu: Hoodies & Sweatshirts
        </td>
      </tr>
      <tr class="event-row">
        <td><span class="badge log info-bg">Info</span></td>
        <td>15:31:21</td>
        <td>
          Verifying the URL after navigation.
        </td>
      </tr>
      <tr class="event-row">
        <td><span class="badge log info-bg">Info</span></td>
        <td>15:31:21</td>
        <td>
          Test case TC02: completed successfully.
        </td>
      </tr>
      <tr class="event-row">
        <td><span class="badge log pass-bg">Pass</span></td>
        <td>15:31:21</td>
        <td>
          Test passed
        </td>
      </tr>
      <tr class="event-row">
        <td><span class="badge log info-bg">Info</span></td>
        <td>15:31:22</td>
        <td>
          Driver closed after test.
        </td>
      </tr>
      <tr class="event-row">
        <td><span class="badge log info-bg">Info</span></td>
        <td>15:31:24</td>
        <td>
          Driver initialized for test setup.
        </td>
      </tr>
      <tr class="event-row">
        <td><span class="badge log info-bg">Info</span></td>
        <td>15:31:24</td>
        <td>
          Navigating to the landing page.
        </td>
      </tr>
  </tbody>
</table>
</div>
          </div>
        </li>
        <li class="test-item"  status="pass" test-id="8"
          author=""
          tag="Regression_Suite chrome"
          device="">
          <div class="test-detail">
            <p class="name">testOrderCountDisplayed</p>
            <p class="text-sm">
              <span>15:31:29</span> / <span>00:00:00:318</span>
              <span class="badge pass-bg log float-right">Pass</span>
            </p>
          </div>
          <div class="test-contents d-none">
<div class="detail-head">
<div class="p-v-10">
<div class="info">
<h5 class="test-status text-pass">testOrderCountDisplayed</h5>
<span class='badge badge-success'>05.07.2025 15:31:29</span>
<span class='badge badge-danger'>05.07.2025 15:31:29</span>
<span class='badge badge-default'>00:00:00:318</span>
&middot; <span class='uri-anchor badge badge-default'>#test-id=8</span>
<span title='Skip to the next failed step' class='badge badge-danger pointer float-right ne ml-1'><i class="fa fa-fast-forward"></i></span>
<span title='Collapse all nodes' class='badge badge-default pointer float-right ct ml-1'><i class="fa fa-compress"></i></span>
<span title='Expand all nodes' class='badge badge-default pointer float-right et'><i class="fa fa-expand"></i></span>
</div>
<div class="m-t-15"><span class="badge badge-pill badge-default">Regression_Suite</span>
<span class="badge badge-pill badge-default">chrome</span></div>
<div class="m-t-10 m-l-5">Verify that the order count is displayed correctly</div>
</div>
</div><div class="detail-body mt-4">
<table class="table table-sm">
  <thead><tr><th class="status-col">Status</th><th class="timestamp-col">Timestamp</th><th class="details-col">Details</th></tr></thead>
  <tbody>
      <tr class="event-row">
        <td><span class="badge log info-bg">Info</span></td>
        <td>15:31:29</td>
        <td>
          Verifying that the order count is displayed correctly.
        </td>
      </tr>
      <tr class="event-row">
        <td><span class="badge log info-bg">Info</span></td>
        <td>15:31:29</td>
        <td>
          Order count is displayed correctly: 1
        </td>
      </tr>
      <tr class="event-row">
        <td><span class="badge log pass-bg">Pass</span></td>
        <td>15:31:29</td>
        <td>
          Test passed
        </td>
      </tr>
      <tr class="event-row">
        <td><span class="badge log info-bg">Info</span></td>
        <td>15:31:29</td>
        <td>
          Driver closed after test.
        </td>
      </tr>
  </tbody>
</table>
</div>
          </div>
        </li>
        <li class="test-item"  status="pass" test-id="9"
          author=""
          tag="Regression_Suite chrome"
          device="">
          <div class="test-detail">
            <p class="name">testAccountCreationLink</p>
            <p class="text-sm">
              <span>15:31:36</span> / <span>00:00:02:032</span>
              <span class="badge pass-bg log float-right">Pass</span>
            </p>
          </div>
          <div class="test-contents d-none">
<div class="detail-head">
<div class="p-v-10">
<div class="info">
<h5 class="test-status text-pass">testAccountCreationLink</h5>
<span class='badge badge-success'>05.07.2025 15:31:36</span>
<span class='badge badge-danger'>05.07.2025 15:31:38</span>
<span class='badge badge-default'>00:00:02:032</span>
&middot; <span class='uri-anchor badge badge-default'>#test-id=9</span>
<span title='Skip to the next failed step' class='badge badge-danger pointer float-right ne ml-1'><i class="fa fa-fast-forward"></i></span>
<span title='Collapse all nodes' class='badge badge-default pointer float-right ct ml-1'><i class="fa fa-compress"></i></span>
<span title='Expand all nodes' class='badge badge-default pointer float-right et'><i class="fa fa-expand"></i></span>
</div>
<div class="m-t-15"><span class="badge badge-pill badge-default">Regression_Suite</span>
<span class="badge badge-pill badge-default">chrome</span></div>
<div class="m-t-10 m-l-5">Verify account creation link</div>
</div>
</div><div class="detail-body mt-4">
<table class="table table-sm">
  <thead><tr><th class="status-col">Status</th><th class="timestamp-col">Timestamp</th><th class="details-col">Details</th></tr></thead>
  <tbody>
      <tr class="event-row">
        <td><span class="badge log pass-bg">Pass</span></td>
        <td>15:31:38</td>
        <td>
          Test passed
        </td>
      </tr>
      <tr class="event-row">
        <td><span class="badge log info-bg">Info</span></td>
        <td>15:31:38</td>
        <td>
          Driver closed after test.
        </td>
      </tr>
      <tr class="event-row">
        <td><span class="badge log info-bg">Info</span></td>
        <td>15:31:38</td>
        <td>
          Running tests on browser:: chrome
        </td>
      </tr>
  </tbody>
</table>
</div>
          </div>
        </li>
        <li class="test-item"  status="pass" test-id="10"
          author=""
          tag="Regression_Suite chrome"
          device="">
          <div class="test-detail">
            <p class="name">testCheckoutPageDisplayed</p>
            <p class="text-sm">
              <span>15:31:43</span> / <span>00:00:06:427</span>
              <span class="badge pass-bg log float-right">Pass</span>
            </p>
          </div>
          <div class="test-contents d-none">
<div class="detail-head">
<div class="p-v-10">
<div class="info">
<h5 class="test-status text-pass">testCheckoutPageDisplayed</h5>
<span class='badge badge-success'>05.07.2025 15:31:43</span>
<span class='badge badge-danger'>05.07.2025 15:31:49</span>
<span class='badge badge-default'>00:00:06:427</span>
&middot; <span class='uri-anchor badge badge-default'>#test-id=10</span>
<span title='Skip to the next failed step' class='badge badge-danger pointer float-right ne ml-1'><i class="fa fa-fast-forward"></i></span>
<span title='Collapse all nodes' class='badge badge-default pointer float-right ct ml-1'><i class="fa fa-compress"></i></span>
<span title='Expand all nodes' class='badge badge-default pointer float-right et'><i class="fa fa-expand"></i></span>
</div>
<div class="m-t-15"><span class="badge badge-pill badge-default">Regression_Suite</span>
<span class="badge badge-pill badge-default">chrome</span></div>
<div class="m-t-10 m-l-5">Verify that the checkout page is displayed correctly</div>
</div>
</div><div class="detail-body mt-4">
<table class="table table-sm">
  <thead><tr><th class="status-col">Status</th><th class="timestamp-col">Timestamp</th><th class="details-col">Details</th></tr></thead>
  <tbody>
      <tr class="event-row">
        <td><span class="badge log info-bg">Info</span></td>
        <td>15:31:43</td>
        <td>
          Testing checkout page display
        </td>
      </tr>
      <tr class="event-row">
        <td><span class="badge log info-bg">Info</span></td>
        <td>15:31:44</td>
        <td>
          Checkout page is displayed successfully
        </td>
      </tr>
      <tr class="event-row">
        <td><span class="badge log pass-bg">Pass</span></td>
        <td>15:31:44</td>
        <td>
          Test passed
        </td>
      </tr>
      <tr class="event-row">
        <td><span class="badge log info-bg">Info</span></td>
        <td>15:31:49</td>
        <td>
          Driver closed after test.
        </td>
      </tr>
  </tbody>
</table>
</div>
          </div>
        </li>
        <li class="test-item"  status="pass" test-id="11"
          author=""
          tag="Regression_Suite chrome"
          device="">
          <div class="test-detail">
            <p class="name">testCreateAccountWithInvalidDetails</p>
            <p class="text-sm">
              <span>15:31:45</span> / <span>00:00:06:640</span>
              <span class="badge pass-bg log float-right">Pass</span>
            </p>
          </div>
          <div class="test-contents d-none">
<div class="detail-head">
<div class="p-v-10">
<div class="info">
<h5 class="test-status text-pass">testCreateAccountWithInvalidDetails</h5>
<span class='badge badge-success'>05.07.2025 15:31:45</span>
<span class='badge badge-danger'>05.07.2025 15:31:51</span>
<span class='badge badge-default'>00:00:06:640</span>
&middot; <span class='uri-anchor badge badge-default'>#test-id=11</span>
<span title='Skip to the next failed step' class='badge badge-danger pointer float-right ne ml-1'><i class="fa fa-fast-forward"></i></span>
<span title='Collapse all nodes' class='badge badge-default pointer float-right ct ml-1'><i class="fa fa-compress"></i></span>
<span title='Expand all nodes' class='badge badge-default pointer float-right et'><i class="fa fa-expand"></i></span>
</div>
<div class="m-t-15"><span class="badge badge-pill badge-default">Regression_Suite</span>
<span class="badge badge-pill badge-default">chrome</span></div>
<div class="m-t-10 m-l-5">Verify that the user cannot create an account with invalid details</div>
</div>
</div><div class="detail-body mt-4">
<table class="table table-sm">
  <thead><tr><th class="status-col">Status</th><th class="timestamp-col">Timestamp</th><th class="details-col">Details</th></tr></thead>
  <tbody>
      <tr class="event-row">
        <td><span class="badge log info-bg">Info</span></td>
        <td>15:31:45</td>
        <td>
          <div class='row'>
 <div class='col-md-12'>
  <textarea readonly class='code-block'>Parameters: [utils.dataproviders.models.SignUpTestData@50f09e68]</textarea>
 </div>
</div>

        </td>
      </tr>
      <tr class="event-row">
        <td><span class="badge log info-bg">Info</span></td>
        <td>15:31:45</td>
        <td>
          =========================Starting test case: TC1=========================
        </td>
      </tr>
      <tr class="event-row">
        <td><span class="badge log info-bg">Info</span></td>
        <td>15:31:45</td>
        <td>
          Entering invalid details for account creation.
        </td>
      </tr>
      <tr class="event-row">
        <td><span class="badge log info-bg">Info</span></td>
        <td>15:31:45</td>
        <td>
          First name: Kwazi, Last name: doe, Email: dddninji, Password: 
        </td>
      </tr>
      <tr class="event-row">
        <td><span class="badge log info-bg">Info</span></td>
        <td>15:31:46</td>
        <td>
          User is still on the Create Account page.
        </td>
      </tr>
      <tr class="event-row">
        <td><span class="badge log info-bg">Info</span></td>
        <td>15:31:46</td>
        <td>
          Test case TC1 PASSED!
        </td>
      </tr>
      <tr class="event-row">
        <td><span class="badge log pass-bg">Pass</span></td>
        <td>15:31:46</td>
        <td>
          Test passed
        </td>
      </tr>
      <tr class="event-row">
        <td><span class="badge log info-bg">Info</span></td>
        <td>15:31:48</td>
        <td>
          Driver closed after test.
        </td>
      </tr>
      <tr class="event-row">
        <td><span class="badge log info-bg">Info</span></td>
        <td>15:31:48</td>
        <td>
          Running tests on browser:: chrome
        </td>
      </tr>
      <tr class="event-row">
        <td><span class="badge log info-bg">Info</span></td>
        <td>15:31:51</td>
        <td>
          Navigating to the account creation page.
        </td>
      </tr>
  </tbody>
</table>
</div>
          </div>
        </li>
        <li class="test-item"  status="pass" test-id="12"
          author=""
          tag="Regression_Suite chrome"
          device="">
          <div class="test-detail">
            <p class="name">testLoginFunctionality</p>
            <p class="text-sm">
              <span>15:31:48</span> / <span>00:00:01:582</span>
              <span class="badge pass-bg log float-right">Pass</span>
            </p>
          </div>
          <div class="test-contents d-none">
<div class="detail-head">
<div class="p-v-10">
<div class="info">
<h5 class="test-status text-pass">testLoginFunctionality</h5>
<span class='badge badge-success'>05.07.2025 15:31:48</span>
<span class='badge badge-danger'>05.07.2025 15:31:49</span>
<span class='badge badge-default'>00:00:01:582</span>
&middot; <span class='uri-anchor badge badge-default'>#test-id=12</span>
<span title='Skip to the next failed step' class='badge badge-danger pointer float-right ne ml-1'><i class="fa fa-fast-forward"></i></span>
<span title='Collapse all nodes' class='badge badge-default pointer float-right ct ml-1'><i class="fa fa-compress"></i></span>
<span title='Expand all nodes' class='badge badge-default pointer float-right et'><i class="fa fa-expand"></i></span>
</div>
<div class="m-t-15"><span class="badge badge-pill badge-default">Regression_Suite</span>
<span class="badge badge-pill badge-default">chrome</span></div>
<div class="m-t-10 m-l-5">Verify login functionality with different credentials</div>
</div>
</div><div class="detail-body mt-4">
<table class="table table-sm">
  <thead><tr><th class="status-col">Status</th><th class="timestamp-col">Timestamp</th><th class="details-col">Details</th></tr></thead>
  <tbody>
      <tr class="event-row">
        <td><span class="badge log info-bg">Info</span></td>
        <td>15:31:48</td>
        <td>
          <div class='row'>
 <div class='col-md-12'>
  <textarea readonly class='code-block'>Parameters: [utils.dataproviders.models.LoginTestData@76e4cbb0]</textarea>
 </div>
</div>

        </td>
      </tr>
      <tr class="event-row">
        <td><span class="badge log info-bg">Info</span></td>
        <td>15:31:48</td>
        <td>
          =========================Starting test case: TC0=========================
        </td>
      </tr>
      <tr class="event-row">
        <td><span class="badge log info-bg">Info</span></td>
        <td>15:31:48</td>
        <td>
          Checking if login was successful
        </td>
      </tr>
      <tr class="event-row">
        <td><span class="badge log info-bg">Info</span></td>
        <td>15:31:48</td>
        <td>
          Checking if error message is displayed
        </td>
      </tr>
      <tr class="event-row">
        <td><span class="badge log info-bg">Info</span></td>
        <td>15:31:48</td>
        <td>
          Login was not successful.
        </td>
      </tr>
      <tr class="event-row">
        <td><span class="badge log info-bg">Info</span></td>
        <td>15:31:48</td>
        <td>
          Test case TC0 PASSED! =====
        </td>
      </tr>
      <tr class="event-row">
        <td><span class="badge log pass-bg">Pass</span></td>
        <td>15:31:48</td>
        <td>
          Test passed
        </td>
      </tr>
      <tr class="event-row">
        <td><span class="badge log info-bg">Info</span></td>
        <td>15:31:49</td>
        <td>
          Driver closed after test.
        </td>
      </tr>
      <tr class="event-row">
        <td><span class="badge log info-bg">Info</span></td>
        <td>15:31:49</td>
        <td>
          Running tests on browser:: chrome
        </td>
      </tr>
  </tbody>
</table>
</div>
          </div>
        </li>
        <li class="test-item"  status="pass" test-id="13"
          author=""
          tag="Regression_Suite chrome"
          device="">
          <div class="test-detail">
            <p class="name">testNavbarComponents</p>
            <p class="text-sm">
              <span>15:32:15</span> / <span>00:00:06:689</span>
              <span class="badge pass-bg log float-right">Pass</span>
            </p>
          </div>
          <div class="test-contents d-none">
<div class="detail-head">
<div class="p-v-10">
<div class="info">
<h5 class="test-status text-pass">testNavbarComponents</h5>
<span class='badge badge-success'>05.07.2025 15:32:15</span>
<span class='badge badge-danger'>05.07.2025 15:32:21</span>
<span class='badge badge-default'>00:00:06:689</span>
&middot; <span class='uri-anchor badge badge-default'>#test-id=13</span>
<span title='Skip to the next failed step' class='badge badge-danger pointer float-right ne ml-1'><i class="fa fa-fast-forward"></i></span>
<span title='Collapse all nodes' class='badge badge-default pointer float-right ct ml-1'><i class="fa fa-compress"></i></span>
<span title='Expand all nodes' class='badge badge-default pointer float-right et'><i class="fa fa-expand"></i></span>
</div>
<div class="m-t-15"><span class="badge badge-pill badge-default">Regression_Suite</span>
<span class="badge badge-pill badge-default">chrome</span></div>
<div class="m-t-10 m-l-5">Verify that all navbar component links function correctly</div>
</div>
</div><div class="detail-body mt-4">
<table class="table table-sm">
  <thead><tr><th class="status-col">Status</th><th class="timestamp-col">Timestamp</th><th class="details-col">Details</th></tr></thead>
  <tbody>
      <tr class="event-row">
        <td><span class="badge log info-bg">Info</span></td>
        <td>15:32:15</td>
        <td>
          <div class='row'>
 <div class='col-md-12'>
  <textarea readonly class='code-block'>Parameters: [utils.dataproviders.models.NavbarTestData@2086b9ee]</textarea>
 </div>
</div>

        </td>
      </tr>
      <tr class="event-row">
        <td><span class="badge log info-bg">Info</span></td>
        <td>15:32:15</td>
        <td>
          =========================Starting test case: TC03=========================
        </td>
      </tr>
      <tr class="event-row">
        <td><span class="badge log info-bg">Info</span></td>
        <td>15:32:16</td>
        <td>
          Hovering over the main menu: Men
        </td>
      </tr>
      <tr class="event-row">
        <td><span class="badge log info-bg">Info</span></td>
        <td>15:32:17</td>
        <td>
          Hovering over the sub-menu: Tops
        </td>
      </tr>
      <tr class="event-row">
        <td><span class="badge log info-bg">Info</span></td>
        <td>15:32:17</td>
        <td>
          Clicking on the sub-sub-menu: Tanks
        </td>
      </tr>
      <tr class="event-row">
        <td><span class="badge log info-bg">Info</span></td>
        <td>15:32:20</td>
        <td>
          Verifying the URL after navigation.
        </td>
      </tr>
      <tr class="event-row">
        <td><span class="badge log info-bg">Info</span></td>
        <td>15:32:20</td>
        <td>
          Test case TC03: completed successfully.
        </td>
      </tr>
      <tr class="event-row">
        <td><span class="badge log pass-bg">Pass</span></td>
        <td>15:32:20</td>
        <td>
          Test passed
        </td>
      </tr>
      <tr class="event-row">
        <td><span class="badge log info-bg">Info</span></td>
        <td>15:32:20</td>
        <td>
          Driver closed after test.
        </td>
      </tr>
      <tr class="event-row">
        <td><span class="badge log info-bg">Info</span></td>
        <td>15:32:21</td>
        <td>
          Driver initialized for test setup.
        </td>
      </tr>
      <tr class="event-row">
        <td><span class="badge log info-bg">Info</span></td>
        <td>15:32:21</td>
        <td>
          Navigating to the landing page.
        </td>
      </tr>
  </tbody>
</table>
</div>
          </div>
        </li>
        <li class="test-item"  status="pass" test-id="14"
          author=""
          tag="Regression_Suite chrome"
          device="">
          <div class="test-detail">
            <p class="name">testNavbarComponents</p>
            <p class="text-sm">
              <span>15:32:26</span> / <span>00:00:05:492</span>
              <span class="badge pass-bg log float-right">Pass</span>
            </p>
          </div>
          <div class="test-contents d-none">
<div class="detail-head">
<div class="p-v-10">
<div class="info">
<h5 class="test-status text-pass">testNavbarComponents</h5>
<span class='badge badge-success'>05.07.2025 15:32:26</span>
<span class='badge badge-danger'>05.07.2025 15:32:32</span>
<span class='badge badge-default'>00:00:05:492</span>
&middot; <span class='uri-anchor badge badge-default'>#test-id=14</span>
<span title='Skip to the next failed step' class='badge badge-danger pointer float-right ne ml-1'><i class="fa fa-fast-forward"></i></span>
<span title='Collapse all nodes' class='badge badge-default pointer float-right ct ml-1'><i class="fa fa-compress"></i></span>
<span title='Expand all nodes' class='badge badge-default pointer float-right et'><i class="fa fa-expand"></i></span>
</div>
<div class="m-t-15"><span class="badge badge-pill badge-default">Regression_Suite</span>
<span class="badge badge-pill badge-default">chrome</span></div>
<div class="m-t-10 m-l-5">Verify that all navbar component links function correctly</div>
</div>
</div><div class="detail-body mt-4">
<table class="table table-sm">
  <thead><tr><th class="status-col">Status</th><th class="timestamp-col">Timestamp</th><th class="details-col">Details</th></tr></thead>
  <tbody>
      <tr class="event-row">
        <td><span class="badge log info-bg">Info</span></td>
        <td>15:32:26</td>
        <td>
          <div class='row'>
 <div class='col-md-12'>
  <textarea readonly class='code-block'>Parameters: [utils.dataproviders.models.NavbarTestData@53aa0a5d]</textarea>
 </div>
</div>

        </td>
      </tr>
      <tr class="event-row">
        <td><span class="badge log info-bg">Info</span></td>
        <td>15:32:26</td>
        <td>
          =========================Starting test case: TC04=========================
        </td>
      </tr>
      <tr class="event-row">
        <td><span class="badge log info-bg">Info</span></td>
        <td>15:32:28</td>
        <td>
          Hovering over the main menu: Men
        </td>
      </tr>
      <tr class="event-row">
        <td><span class="badge log info-bg">Info</span></td>
        <td>15:32:28</td>
        <td>
          Hovering over the sub-menu: Tops
        </td>
      </tr>
      <tr class="event-row">
        <td><span class="badge log info-bg">Info</span></td>
        <td>15:32:28</td>
        <td>
          Clicking on the sub-sub-menu: Tees
        </td>
      </tr>
      <tr class="event-row">
        <td><span class="badge log info-bg">Info</span></td>
        <td>15:32:30</td>
        <td>
          Verifying the URL after navigation.
        </td>
      </tr>
      <tr class="event-row">
        <td><span class="badge log info-bg">Info</span></td>
        <td>15:32:30</td>
        <td>
          Test case TC04: completed successfully.
        </td>
      </tr>
      <tr class="event-row">
        <td><span class="badge log pass-bg">Pass</span></td>
        <td>15:32:30</td>
        <td>
          Test passed
        </td>
      </tr>
      <tr class="event-row">
        <td><span class="badge log info-bg">Info</span></td>
        <td>15:32:31</td>
        <td>
          Driver closed after test.
        </td>
      </tr>
      <tr class="event-row">
        <td><span class="badge log info-bg">Info</span></td>
        <td>15:32:32</td>
        <td>
          Driver initialized for test setup.
        </td>
      </tr>
      <tr class="event-row">
        <td><span class="badge log info-bg">Info</span></td>
        <td>15:32:32</td>
        <td>
          Navigating to the landing page.
        </td>
      </tr>
  </tbody>
</table>
</div>
          </div>
        </li>
        <li class="test-item"  status="pass" test-id="15"
          author=""
          tag="Regression_Suite chrome"
          device="">
          <div class="test-detail">
            <p class="name">testCreateAccountWithInvalidDetails</p>
            <p class="text-sm">
              <span>15:32:32</span> / <span>00:00:05:564</span>
              <span class="badge pass-bg log float-right">Pass</span>
            </p>
          </div>
          <div class="test-contents d-none">
<div class="detail-head">
<div class="p-v-10">
<div class="info">
<h5 class="test-status text-pass">testCreateAccountWithInvalidDetails</h5>
<span class='badge badge-success'>05.07.2025 15:32:32</span>
<span class='badge badge-danger'>05.07.2025 15:32:38</span>
<span class='badge badge-default'>00:00:05:564</span>
&middot; <span class='uri-anchor badge badge-default'>#test-id=15</span>
<span title='Skip to the next failed step' class='badge badge-danger pointer float-right ne ml-1'><i class="fa fa-fast-forward"></i></span>
<span title='Collapse all nodes' class='badge badge-default pointer float-right ct ml-1'><i class="fa fa-compress"></i></span>
<span title='Expand all nodes' class='badge badge-default pointer float-right et'><i class="fa fa-expand"></i></span>
</div>
<div class="m-t-15"><span class="badge badge-pill badge-default">Regression_Suite</span>
<span class="badge badge-pill badge-default">chrome</span></div>
<div class="m-t-10 m-l-5">Verify that the user cannot create an account with invalid details</div>
</div>
</div><div class="detail-body mt-4">
<table class="table table-sm">
  <thead><tr><th class="status-col">Status</th><th class="timestamp-col">Timestamp</th><th class="details-col">Details</th></tr></thead>
  <tbody>
      <tr class="event-row">
        <td><span class="badge log info-bg">Info</span></td>
        <td>15:32:32</td>
        <td>
          <div class='row'>
 <div class='col-md-12'>
  <textarea readonly class='code-block'>Parameters: [utils.dataproviders.models.SignUpTestData@38138a77]</textarea>
 </div>
</div>

        </td>
      </tr>
      <tr class="event-row">
        <td><span class="badge log info-bg">Info</span></td>
        <td>15:32:32</td>
        <td>
          =========================Starting test case: TC2=========================
        </td>
      </tr>
      <tr class="event-row">
        <td><span class="badge log info-bg">Info</span></td>
        <td>15:32:32</td>
        <td>
          Entering invalid details for account creation.
        </td>
      </tr>
      <tr class="event-row">
        <td><span class="badge log info-bg">Info</span></td>
        <td>15:32:32</td>
        <td>
          First name: Kwazi, Last name: doe, Email: kwazidoe@gmail.com, Password: a
        </td>
      </tr>
      <tr class="event-row">
        <td><span class="badge log info-bg">Info</span></td>
        <td>15:32:34</td>
        <td>
          User is still on the Create Account page.
        </td>
      </tr>
      <tr class="event-row">
        <td><span class="badge log info-bg">Info</span></td>
        <td>15:32:34</td>
        <td>
          Test case TC2 PASSED!
        </td>
      </tr>
      <tr class="event-row">
        <td><span class="badge log pass-bg">Pass</span></td>
        <td>15:32:34</td>
        <td>
          Test passed
        </td>
      </tr>
      <tr class="event-row">
        <td><span class="badge log info-bg">Info</span></td>
        <td>15:32:34</td>
        <td>
          Driver closed after test.
        </td>
      </tr>
      <tr class="event-row">
        <td><span class="badge log info-bg">Info</span></td>
        <td>15:32:34</td>
        <td>
          Running tests on browser:: chrome
        </td>
      </tr>
      <tr class="event-row">
        <td><span class="badge log info-bg">Info</span></td>
        <td>15:32:38</td>
        <td>
          Navigating to the account creation page.
        </td>
      </tr>
  </tbody>
</table>
</div>
          </div>
        </li>
        <li class="test-item"  status="pass" test-id="16"
          author=""
          tag="Regression_Suite chrome"
          device="">
          <div class="test-detail">
            <p class="name">testLoginFunctionality</p>
            <p class="text-sm">
              <span>15:32:35</span> / <span>00:00:04:218</span>
              <span class="badge pass-bg log float-right">Pass</span>
            </p>
          </div>
          <div class="test-contents d-none">
<div class="detail-head">
<div class="p-v-10">
<div class="info">
<h5 class="test-status text-pass">testLoginFunctionality</h5>
<span class='badge badge-success'>05.07.2025 15:32:35</span>
<span class='badge badge-danger'>05.07.2025 15:32:40</span>
<span class='badge badge-default'>00:00:04:218</span>
&middot; <span class='uri-anchor badge badge-default'>#test-id=16</span>
<span title='Skip to the next failed step' class='badge badge-danger pointer float-right ne ml-1'><i class="fa fa-fast-forward"></i></span>
<span title='Collapse all nodes' class='badge badge-default pointer float-right ct ml-1'><i class="fa fa-compress"></i></span>
<span title='Expand all nodes' class='badge badge-default pointer float-right et'><i class="fa fa-expand"></i></span>
</div>
<div class="m-t-15"><span class="badge badge-pill badge-default">Regression_Suite</span>
<span class="badge badge-pill badge-default">chrome</span></div>
<div class="m-t-10 m-l-5">Verify login functionality with different credentials</div>
</div>
</div><div class="detail-body mt-4">
<table class="table table-sm">
  <thead><tr><th class="status-col">Status</th><th class="timestamp-col">Timestamp</th><th class="details-col">Details</th></tr></thead>
  <tbody>
      <tr class="event-row">
        <td><span class="badge log info-bg">Info</span></td>
        <td>15:32:35</td>
        <td>
          <div class='row'>
 <div class='col-md-12'>
  <textarea readonly class='code-block'>Parameters: [utils.dataproviders.models.LoginTestData@22034c32]</textarea>
 </div>
</div>

        </td>
      </tr>
      <tr class="event-row">
        <td><span class="badge log info-bg">Info</span></td>
        <td>15:32:35</td>
        <td>
          =========================Starting test case: TC1=========================
        </td>
      </tr>
      <tr class="event-row">
        <td><span class="badge log info-bg">Info</span></td>
        <td>15:32:37</td>
        <td>
          Checking if login was successful
        </td>
      </tr>
      <tr class="event-row">
        <td><span class="badge log info-bg">Info</span></td>
        <td>15:32:37</td>
        <td>
          Checking if error message is displayed
        </td>
      </tr>
      <tr class="event-row">
        <td><span class="badge log info-bg">Info</span></td>
        <td>15:32:37</td>
        <td>
          Login was not successful.
        </td>
      </tr>
      <tr class="event-row">
        <td><span class="badge log info-bg">Info</span></td>
        <td>15:32:37</td>
        <td>
          Test case TC1 PASSED! =====
        </td>
      </tr>
      <tr class="event-row">
        <td><span class="badge log pass-bg">Pass</span></td>
        <td>15:32:37</td>
        <td>
          Test passed
        </td>
      </tr>
      <tr class="event-row">
        <td><span class="badge log info-bg">Info</span></td>
        <td>15:32:40</td>
        <td>
          Driver closed after test.
        </td>
      </tr>
      <tr class="event-row">
        <td><span class="badge log info-bg">Info</span></td>
        <td>15:32:40</td>
        <td>
          Running tests on browser:: chrome
        </td>
      </tr>
  </tbody>
</table>
</div>
          </div>
        </li>
        <li class="test-item"  status="pass" test-id="17"
          author=""
          tag="Regression_Suite chrome"
          device="">
          <div class="test-detail">
            <p class="name">testLogout</p>
            <p class="text-sm">
              <span>15:32:39</span> / <span>00:00:10:058</span>
              <span class="badge pass-bg log float-right">Pass</span>
            </p>
          </div>
          <div class="test-contents d-none">
<div class="detail-head">
<div class="p-v-10">
<div class="info">
<h5 class="test-status text-pass">testLogout</h5>
<span class='badge badge-success'>05.07.2025 15:32:39</span>
<span class='badge badge-danger'>05.07.2025 15:32:49</span>
<span class='badge badge-default'>00:00:10:058</span>
&middot; <span class='uri-anchor badge badge-default'>#test-id=17</span>
<span title='Skip to the next failed step' class='badge badge-danger pointer float-right ne ml-1'><i class="fa fa-fast-forward"></i></span>
<span title='Collapse all nodes' class='badge badge-default pointer float-right ct ml-1'><i class="fa fa-compress"></i></span>
<span title='Expand all nodes' class='badge badge-default pointer float-right et'><i class="fa fa-expand"></i></span>
</div>
<div class="m-t-15"><span class="badge badge-pill badge-default">Regression_Suite</span>
<span class="badge badge-pill badge-default">chrome</span></div>
<div class="m-t-10 m-l-5">Verify that the user can log out successfully</div>
</div>
</div><div class="detail-body mt-4">
<table class="table table-sm">
  <thead><tr><th class="status-col">Status</th><th class="timestamp-col">Timestamp</th><th class="details-col">Details</th></tr></thead>
  <tbody>
      <tr class="event-row">
        <td><span class="badge log info-bg">Info</span></td>
        <td>15:32:39</td>
        <td>
          Logging out of the application.
        </td>
      </tr>
      <tr class="event-row">
        <td><span class="badge log info-bg">Info</span></td>
        <td>15:32:49</td>
        <td>
          Logged out of the application successfully.
        </td>
      </tr>
      <tr class="event-row">
        <td><span class="badge log pass-bg">Pass</span></td>
        <td>15:32:49</td>
        <td>
          Test passed
        </td>
      </tr>
      <tr class="event-row">
        <td><span class="badge log info-bg">Info</span></td>
        <td>15:32:49</td>
        <td>
          Driver closed after test.
        </td>
      </tr>
  </tbody>
</table>
</div>
          </div>
        </li>
        <li class="test-item"  status="fail" test-id="18"
          author=""
          tag="Regression_Suite chrome"
          device="">
          <div class="test-detail">
            <p class="name">testCheckoutPageProceedToOverview</p>
            <p class="text-sm">
              <span>15:33:17</span> / <span>00:00:03:284</span>
              <span class="badge fail-bg log float-right">Fail</span>
            </p>
          </div>
          <div class="test-contents d-none">
<div class="detail-head">
<div class="p-v-10">
<div class="info">
<h5 class="test-status text-fail">testCheckoutPageProceedToOverview</h5>
<span class='badge badge-success'>05.07.2025 15:33:17</span>
<span class='badge badge-danger'>05.07.2025 15:33:20</span>
<span class='badge badge-default'>00:00:03:284</span>
&middot; <span class='uri-anchor badge badge-default'>#test-id=18</span>
<span title='Skip to the next failed step' class='badge badge-danger pointer float-right ne ml-1'><i class="fa fa-fast-forward"></i></span>
<span title='Collapse all nodes' class='badge badge-default pointer float-right ct ml-1'><i class="fa fa-compress"></i></span>
<span title='Expand all nodes' class='badge badge-default pointer float-right et'><i class="fa fa-expand"></i></span>
</div>
<div class="m-t-15"><span class="badge badge-pill badge-default">Regression_Suite</span>
<span class="badge badge-pill badge-default">chrome</span></div>
<div class="m-t-10 m-l-5">Verify that the checkout page allows proceeding to the overview page</div>
</div>
</div>    <div class="row mb-3"><div class="col-md-3">
    

<img data-featherlight='C:\Users\kwazinkosizwane\eclipse-workspace\MagentoTestingFramework/screenshots/testCheckoutPageProceedToOverview_1746624799550.png' src="C:\Users\kwazinkosizwane\eclipse-workspace\MagentoTestingFramework/screenshots/testCheckoutPageProceedToOverview_1746624799550.png">
  
    

    </div></div>
<div class="detail-body mt-4">
<table class="table table-sm">
  <thead><tr><th class="status-col">Status</th><th class="timestamp-col">Timestamp</th><th class="details-col">Details</th></tr></thead>
  <tbody>
      <tr class="event-row">
        <td><span class="badge log info-bg">Info</span></td>
        <td>15:33:17</td>
        <td>
          Testing checkout page proceed to overview
        </td>
      </tr>
      <tr class="event-row">
        <td><span class="badge log fail-bg">Fail</span></td>
        <td>15:33:19</td>
        <td>
          Screenshot: com.aventstack.extentreports.ExtentTest@6fba273e
        </td>
      </tr>
      <tr class="event-row">
        <td><span class="badge log fail-bg">Fail</span></td>
        <td>15:33:19</td>
        <td>
          <textarea readonly class="code-block">java.lang.RuntimeException: An unexpected error occurred: element click intercepted: Element <button data-role="opc-continue" type="submit" class="button action continue primary">...</button> is not clickable at point (898, 494). Other element would receive the click: <div id="checkout-shipping-method-load">...</div>
  (Session info: chrome=135.0.7049.115)
Build info: version: '4.23.0', revision: '4df0a231af'
System info: os.name: 'Windows 11', os.arch: 'amd64', os.version: '10.0', java.version: '17.0.14'
Driver info: org.openqa.selenium.chrome.ChromeDriver
Command: [06d5c323549bbd9636cad6028a306523, clickElement {id=f.C0F2FE6A54EDC81C46C1589740D20404.d.82A77561A85D63E614FF8F175DA515A0.e.745}]
Capabilities {acceptInsecureCerts: false, browserName: chrome, browserVersion: 135.0.7049.115, chrome: {chromedriverVersion: 135.0.7049.114 (63fd8a7d9d0..., userDataDir: C:\Users\KWAZIN~1\AppData\L...}, fedcm:accounts: true, goog:chromeOptions: {debuggerAddress: localhost:51619}, networkConnectionEnabled: false, pageLoadStrategy: normal, platformName: windows, proxy: Proxy(), se:cdp: ws://localhost:51619/devtoo..., se:cdpVersion: 135.0.7049.115, setWindowRect: true, strictFileInteractability: false, timeouts: {implicit: 0, pageLoad: 300000, script: 30000}, unhandledPromptBehavior: ignore, webauthn:extension:credBlob: true, webauthn:extension:largeBlob: true, webauthn:extension:minPinLength: true, webauthn:extension:prf: true, webauthn:virtualAuthenticators: true}
Element: [[ChromeDriver: chrome on windows (06d5c323549bbd9636cad6028a306523)] -> xpath: //button[@class='button action continue primary']]
Session ID: 06d5c323549bbd9636cad6028a306523
	at pages.CheckoutPage.continueToOverview(CheckoutPage.java:46)
	at tests.pages.CheckoutPageTests.testCheckoutPageProceedToOverview(CheckoutPageTests.java:84)
	at java.base/jdk.internal.reflect.NativeMethodAccessorImpl.invoke0(Native Method)
	at java.base/jdk.internal.reflect.NativeMethodAccessorImpl.invoke(NativeMethodAccessorImpl.java:77)
	at java.base/jdk.internal.reflect.DelegatingMethodAccessorImpl.invoke(DelegatingMethodAccessorImpl.java:43)
	at java.base/java.lang.reflect.Method.invoke(Method.java:569)
	at org.testng.internal.invokers.MethodInvocationHelper.invokeMethod(MethodInvocationHelper.java:141)
	at org.testng.internal.invokers.TestInvoker.invokeMethod(TestInvoker.java:686)
	at org.testng.internal.invokers.TestInvoker.invokeTestMethod(TestInvoker.java:230)
	at org.testng.internal.invokers.MethodRunner.runInSequence(MethodRunner.java:63)
	at org.testng.internal.invokers.TestInvoker$MethodInvocationAgent.invoke(TestInvoker.java:992)
	at org.testng.internal.invokers.TestInvoker.invokeTestMethods(TestInvoker.java:203)
	at org.testng.internal.invokers.TestMethodWorker.invokeTestMethods(TestMethodWorker.java:154)
	at org.testng.internal.invokers.TestMethodWorker.run(TestMethodWorker.java:134)
	at java.base/java.util.concurrent.Executors$RunnableAdapter.call(Executors.java:539)
	at java.base/java.util.concurrent.FutureTask.run(FutureTask.java:264)
	at org.testng.internal.thread.graph.TestNGFutureTask.run(TestNGFutureTask.java:22)
	at java.base/java.util.concurrent.ThreadPoolExecutor.runWorker(ThreadPoolExecutor.java:1136)
	at java.base/java.util.concurrent.ThreadPoolExecutor$Worker.run(ThreadPoolExecutor.java:635)
	at java.base/java.lang.Thread.run(Thread.java:840)
</textarea>
          
        </td>
      </tr>
      <tr class="event-row">
        <td><span class="badge log info-bg">Info</span></td>
        <td>15:33:20</td>
        <td>
          Driver closed after test.
        </td>
      </tr>
  </tbody>
</table>
</div>
          </div>
        </li>
        <li class="test-item"  status="pass" test-id="19"
          author=""
          tag="Regression_Suite chrome"
          device="">
          <div class="test-detail">
            <p class="name">testCreateAccountWithInvalidDetails</p>
            <p class="text-sm">
              <span>15:33:20</span> / <span>00:00:12:228</span>
              <span class="badge pass-bg log float-right">Pass</span>
            </p>
          </div>
          <div class="test-contents d-none">
<div class="detail-head">
<div class="p-v-10">
<div class="info">
<h5 class="test-status text-pass">testCreateAccountWithInvalidDetails</h5>
<span class='badge badge-success'>05.07.2025 15:33:20</span>
<span class='badge badge-danger'>05.07.2025 15:33:32</span>
<span class='badge badge-default'>00:00:12:228</span>
&middot; <span class='uri-anchor badge badge-default'>#test-id=19</span>
<span title='Skip to the next failed step' class='badge badge-danger pointer float-right ne ml-1'><i class="fa fa-fast-forward"></i></span>
<span title='Collapse all nodes' class='badge badge-default pointer float-right ct ml-1'><i class="fa fa-compress"></i></span>
<span title='Expand all nodes' class='badge badge-default pointer float-right et'><i class="fa fa-expand"></i></span>
</div>
<div class="m-t-15"><span class="badge badge-pill badge-default">Regression_Suite</span>
<span class="badge badge-pill badge-default">chrome</span></div>
<div class="m-t-10 m-l-5">Verify that the user cannot create an account with invalid details</div>
</div>
</div><div class="detail-body mt-4">
<table class="table table-sm">
  <thead><tr><th class="status-col">Status</th><th class="timestamp-col">Timestamp</th><th class="details-col">Details</th></tr></thead>
  <tbody>
      <tr class="event-row">
        <td><span class="badge log info-bg">Info</span></td>
        <td>15:33:20</td>
        <td>
          <div class='row'>
 <div class='col-md-12'>
  <textarea readonly class='code-block'>Parameters: [utils.dataproviders.models.SignUpTestData@33443294]</textarea>
 </div>
</div>

        </td>
      </tr>
      <tr class="event-row">
        <td><span class="badge log info-bg">Info</span></td>
        <td>15:33:20</td>
        <td>
          =========================Starting test case: TC3=========================
        </td>
      </tr>
      <tr class="event-row">
        <td><span class="badge log info-bg">Info</span></td>
        <td>15:33:20</td>
        <td>
          Entering invalid details for account creation.
        </td>
      </tr>
      <tr class="event-row">
        <td><span class="badge log info-bg">Info</span></td>
        <td>15:33:20</td>
        <td>
          First name: Kwazi, Last name: doe, Email: kwazidoe@gmail.com, Password: password123
        </td>
      </tr>
      <tr class="event-row">
        <td><span class="badge log info-bg">Info</span></td>
        <td>15:33:21</td>
        <td>
          User is still on the Create Account page.
        </td>
      </tr>
      <tr class="event-row">
        <td><span class="badge log info-bg">Info</span></td>
        <td>15:33:21</td>
        <td>
          Test case TC3 PASSED!
        </td>
      </tr>
      <tr class="event-row">
        <td><span class="badge log pass-bg">Pass</span></td>
        <td>15:33:21</td>
        <td>
          Test passed
        </td>
      </tr>
      <tr class="event-row">
        <td><span class="badge log info-bg">Info</span></td>
        <td>15:33:22</td>
        <td>
          Driver closed after test.
        </td>
      </tr>
      <tr class="event-row">
        <td><span class="badge log info-bg">Info</span></td>
        <td>15:33:22</td>
        <td>
          Running tests on browser:: chrome
        </td>
      </tr>
      <tr class="event-row">
        <td><span class="badge log info-bg">Info</span></td>
        <td>15:33:32</td>
        <td>
          Navigating to the account creation page.
        </td>
      </tr>
  </tbody>
</table>
</div>
          </div>
        </li>
        <li class="test-item"  status="pass" test-id="20"
          author=""
          tag="Regression_Suite chrome"
          device="">
          <div class="test-detail">
            <p class="name">testLoginFunctionality</p>
            <p class="text-sm">
              <span>15:33:22</span> / <span>00:00:01:601</span>
              <span class="badge pass-bg log float-right">Pass</span>
            </p>
          </div>
          <div class="test-contents d-none">
<div class="detail-head">
<div class="p-v-10">
<div class="info">
<h5 class="test-status text-pass">testLoginFunctionality</h5>
<span class='badge badge-success'>05.07.2025 15:33:22</span>
<span class='badge badge-danger'>05.07.2025 15:33:23</span>
<span class='badge badge-default'>00:00:01:601</span>
&middot; <span class='uri-anchor badge badge-default'>#test-id=20</span>
<span title='Skip to the next failed step' class='badge badge-danger pointer float-right ne ml-1'><i class="fa fa-fast-forward"></i></span>
<span title='Collapse all nodes' class='badge badge-default pointer float-right ct ml-1'><i class="fa fa-compress"></i></span>
<span title='Expand all nodes' class='badge badge-default pointer float-right et'><i class="fa fa-expand"></i></span>
</div>
<div class="m-t-15"><span class="badge badge-pill badge-default">Regression_Suite</span>
<span class="badge badge-pill badge-default">chrome</span></div>
<div class="m-t-10 m-l-5">Verify login functionality with different credentials</div>
</div>
</div><div class="detail-body mt-4">
<table class="table table-sm">
  <thead><tr><th class="status-col">Status</th><th class="timestamp-col">Timestamp</th><th class="details-col">Details</th></tr></thead>
  <tbody>
      <tr class="event-row">
        <td><span class="badge log info-bg">Info</span></td>
        <td>15:33:22</td>
        <td>
          <div class='row'>
 <div class='col-md-12'>
  <textarea readonly class='code-block'>Parameters: [utils.dataproviders.models.LoginTestData@a9ea94d]</textarea>
 </div>
</div>

        </td>
      </tr>
      <tr class="event-row">
        <td><span class="badge log info-bg">Info</span></td>
        <td>15:33:22</td>
        <td>
          =========================Starting test case: TC2=========================
        </td>
      </tr>
      <tr class="event-row">
        <td><span class="badge log info-bg">Info</span></td>
        <td>15:33:22</td>
        <td>
          Checking if login was successful
        </td>
      </tr>
      <tr class="event-row">
        <td><span class="badge log info-bg">Info</span></td>
        <td>15:33:22</td>
        <td>
          Checking if error message is displayed
        </td>
      </tr>
      <tr class="event-row">
        <td><span class="badge log info-bg">Info</span></td>
        <td>15:33:23</td>
        <td>
          Login was not successful.
        </td>
      </tr>
      <tr class="event-row">
        <td><span class="badge log info-bg">Info</span></td>
        <td>15:33:23</td>
        <td>
          Test case TC2 PASSED! =====
        </td>
      </tr>
      <tr class="event-row">
        <td><span class="badge log pass-bg">Pass</span></td>
        <td>15:33:23</td>
        <td>
          Test passed
        </td>
      </tr>
      <tr class="event-row">
        <td><span class="badge log info-bg">Info</span></td>
        <td>15:33:23</td>
        <td>
          Driver closed after test.
        </td>
      </tr>
      <tr class="event-row">
        <td><span class="badge log info-bg">Info</span></td>
        <td>15:33:23</td>
        <td>
          Running tests on browser:: chrome
        </td>
      </tr>
  </tbody>
</table>
</div>
          </div>
        </li>
        <li class="test-item"  status="pass" test-id="21"
          author=""
          tag="Regression_Suite chrome"
          device="">
          <div class="test-detail">
            <p class="name">testNavbarComponents</p>
            <p class="text-sm">
              <span>15:33:24</span> / <span>00:00:07:347</span>
              <span class="badge pass-bg log float-right">Pass</span>
            </p>
          </div>
          <div class="test-contents d-none">
<div class="detail-head">
<div class="p-v-10">
<div class="info">
<h5 class="test-status text-pass">testNavbarComponents</h5>
<span class='badge badge-success'>05.07.2025 15:33:24</span>
<span class='badge badge-danger'>05.07.2025 15:33:32</span>
<span class='badge badge-default'>00:00:07:347</span>
&middot; <span class='uri-anchor badge badge-default'>#test-id=21</span>
<span title='Skip to the next failed step' class='badge badge-danger pointer float-right ne ml-1'><i class="fa fa-fast-forward"></i></span>
<span title='Collapse all nodes' class='badge badge-default pointer float-right ct ml-1'><i class="fa fa-compress"></i></span>
<span title='Expand all nodes' class='badge badge-default pointer float-right et'><i class="fa fa-expand"></i></span>
</div>
<div class="m-t-15"><span class="badge badge-pill badge-default">Regression_Suite</span>
<span class="badge badge-pill badge-default">chrome</span></div>
<div class="m-t-10 m-l-5">Verify that all navbar component links function correctly</div>
</div>
</div><div class="detail-body mt-4">
<table class="table table-sm">
  <thead><tr><th class="status-col">Status</th><th class="timestamp-col">Timestamp</th><th class="details-col">Details</th></tr></thead>
  <tbody>
      <tr class="event-row">
        <td><span class="badge log info-bg">Info</span></td>
        <td>15:33:24</td>
        <td>
          <div class='row'>
 <div class='col-md-12'>
  <textarea readonly class='code-block'>Parameters: [utils.dataproviders.models.NavbarTestData@59bfaf5b]</textarea>
 </div>
</div>

        </td>
      </tr>
      <tr class="event-row">
        <td><span class="badge log info-bg">Info</span></td>
        <td>15:33:24</td>
        <td>
          =========================Starting test case: TC05=========================
        </td>
      </tr>
      <tr class="event-row">
        <td><span class="badge log info-bg">Info</span></td>
        <td>15:33:26</td>
        <td>
          Hovering over the main menu: Men
        </td>
      </tr>
      <tr class="event-row">
        <td><span class="badge log info-bg">Info</span></td>
        <td>15:33:27</td>
        <td>
          Hovering over the sub-menu: Bottoms
        </td>
      </tr>
      <tr class="event-row">
        <td><span class="badge log info-bg">Info</span></td>
        <td>15:33:27</td>
        <td>
          Clicking on the sub-sub-menu: Pants
        </td>
      </tr>
      <tr class="event-row">
        <td><span class="badge log info-bg">Info</span></td>
        <td>15:33:30</td>
        <td>
          Verifying the URL after navigation.
        </td>
      </tr>
      <tr class="event-row">
        <td><span class="badge log info-bg">Info</span></td>
        <td>15:33:30</td>
        <td>
          Test case TC05: completed successfully.
        </td>
      </tr>
      <tr class="event-row">
        <td><span class="badge log pass-bg">Pass</span></td>
        <td>15:33:30</td>
        <td>
          Test passed
        </td>
      </tr>
      <tr class="event-row">
        <td><span class="badge log info-bg">Info</span></td>
        <td>15:33:30</td>
        <td>
          Driver closed after test.
        </td>
      </tr>
      <tr class="event-row">
        <td><span class="badge log info-bg">Info</span></td>
        <td>15:33:32</td>
        <td>
          Driver initialized for test setup.
        </td>
      </tr>
      <tr class="event-row">
        <td><span class="badge log info-bg">Info</span></td>
        <td>15:33:32</td>
        <td>
          Navigating to the landing page.
        </td>
      </tr>
  </tbody>
</table>
</div>
          </div>
        </li>
        <li class="test-item"  status="pass" test-id="22"
          author=""
          tag="Regression_Suite chrome"
          device="">
          <div class="test-detail">
            <p class="name">testCreateAccountWithInvalidDetails</p>
            <p class="text-sm">
              <span>15:33:34</span> / <span>00:00:08:605</span>
              <span class="badge pass-bg log float-right">Pass</span>
            </p>
          </div>
          <div class="test-contents d-none">
<div class="detail-head">
<div class="p-v-10">
<div class="info">
<h5 class="test-status text-pass">testCreateAccountWithInvalidDetails</h5>
<span class='badge badge-success'>05.07.2025 15:33:34</span>
<span class='badge badge-danger'>05.07.2025 15:33:42</span>
<span class='badge badge-default'>00:00:08:605</span>
&middot; <span class='uri-anchor badge badge-default'>#test-id=22</span>
<span title='Skip to the next failed step' class='badge badge-danger pointer float-right ne ml-1'><i class="fa fa-fast-forward"></i></span>
<span title='Collapse all nodes' class='badge badge-default pointer float-right ct ml-1'><i class="fa fa-compress"></i></span>
<span title='Expand all nodes' class='badge badge-default pointer float-right et'><i class="fa fa-expand"></i></span>
</div>
<div class="m-t-15"><span class="badge badge-pill badge-default">Regression_Suite</span>
<span class="badge badge-pill badge-default">chrome</span></div>
<div class="m-t-10 m-l-5">Verify that the user cannot create an account with invalid details</div>
</div>
</div><div class="detail-body mt-4">
<table class="table table-sm">
  <thead><tr><th class="status-col">Status</th><th class="timestamp-col">Timestamp</th><th class="details-col">Details</th></tr></thead>
  <tbody>
      <tr class="event-row">
        <td><span class="badge log info-bg">Info</span></td>
        <td>15:33:34</td>
        <td>
          <div class='row'>
 <div class='col-md-12'>
  <textarea readonly class='code-block'>Parameters: [utils.dataproviders.models.SignUpTestData@18f8d70]</textarea>
 </div>
</div>

        </td>
      </tr>
      <tr class="event-row">
        <td><span class="badge log info-bg">Info</span></td>
        <td>15:33:34</td>
        <td>
          =========================Starting test case: TC4=========================
        </td>
      </tr>
      <tr class="event-row">
        <td><span class="badge log info-bg">Info</span></td>
        <td>15:33:34</td>
        <td>
          Entering invalid details for account creation.
        </td>
      </tr>
      <tr class="event-row">
        <td><span class="badge log info-bg">Info</span></td>
        <td>15:33:34</td>
        <td>
          First name: Kwazi, Last name: doe, Email: kwazidoe@gmail.com, Password: Password123
        </td>
      </tr>
      <tr class="event-row">
        <td><span class="badge log info-bg">Info</span></td>
        <td>15:33:36</td>
        <td>
          User is still on the Create Account page.
        </td>
      </tr>
      <tr class="event-row">
        <td><span class="badge log info-bg">Info</span></td>
        <td>15:33:36</td>
        <td>
          Test case TC4 PASSED!
        </td>
      </tr>
      <tr class="event-row">
        <td><span class="badge log pass-bg">Pass</span></td>
        <td>15:33:36</td>
        <td>
          Test passed
        </td>
      </tr>
      <tr class="event-row">
        <td><span class="badge log info-bg">Info</span></td>
        <td>15:33:42</td>
        <td>
          Driver closed after test.
        </td>
      </tr>
  </tbody>
</table>
</div>
          </div>
        </li>
        <li class="test-item"  status="pass" test-id="23"
          author=""
          tag="Regression_Suite chrome"
          device="">
          <div class="test-detail">
            <p class="name">testNavbarComponents</p>
            <p class="text-sm">
              <span>15:33:38</span> / <span>00:00:59:942</span>
              <span class="badge pass-bg log float-right">Pass</span>
            </p>
          </div>
          <div class="test-contents d-none">
<div class="detail-head">
<div class="p-v-10">
<div class="info">
<h5 class="test-status text-pass">testNavbarComponents</h5>
<span class='badge badge-success'>05.07.2025 15:33:38</span>
<span class='badge badge-danger'>05.07.2025 15:34:38</span>
<span class='badge badge-default'>00:00:59:942</span>
&middot; <span class='uri-anchor badge badge-default'>#test-id=23</span>
<span title='Skip to the next failed step' class='badge badge-danger pointer float-right ne ml-1'><i class="fa fa-fast-forward"></i></span>
<span title='Collapse all nodes' class='badge badge-default pointer float-right ct ml-1'><i class="fa fa-compress"></i></span>
<span title='Expand all nodes' class='badge badge-default pointer float-right et'><i class="fa fa-expand"></i></span>
</div>
<div class="m-t-15"><span class="badge badge-pill badge-default">Regression_Suite</span>
<span class="badge badge-pill badge-default">chrome</span></div>
<div class="m-t-10 m-l-5">Verify that all navbar component links function correctly</div>
</div>
</div><div class="detail-body mt-4">
<table class="table table-sm">
  <thead><tr><th class="status-col">Status</th><th class="timestamp-col">Timestamp</th><th class="details-col">Details</th></tr></thead>
  <tbody>
      <tr class="event-row">
        <td><span class="badge log info-bg">Info</span></td>
        <td>15:33:38</td>
        <td>
          <div class='row'>
 <div class='col-md-12'>
  <textarea readonly class='code-block'>Parameters: [utils.dataproviders.models.NavbarTestData@5239fa6d]</textarea>
 </div>
</div>

        </td>
      </tr>
      <tr class="event-row">
        <td><span class="badge log info-bg">Info</span></td>
        <td>15:33:38</td>
        <td>
          =========================Starting test case: TC06=========================
        </td>
      </tr>
      <tr class="event-row">
        <td><span class="badge log info-bg">Info</span></td>
        <td>15:34:30</td>
        <td>
          Hovering over the main menu: Men
        </td>
      </tr>
      <tr class="event-row">
        <td><span class="badge log info-bg">Info</span></td>
        <td>15:34:31</td>
        <td>
          Hovering over the sub-menu: Bottoms
        </td>
      </tr>
      <tr class="event-row">
        <td><span class="badge log info-bg">Info</span></td>
        <td>15:34:31</td>
        <td>
          Clicking on the sub-sub-menu: Shorts
        </td>
      </tr>
      <tr class="event-row">
        <td><span class="badge log info-bg">Info</span></td>
        <td>15:34:34</td>
        <td>
          Verifying the URL after navigation.
        </td>
      </tr>
      <tr class="event-row">
        <td><span class="badge log info-bg">Info</span></td>
        <td>15:34:34</td>
        <td>
          Test case TC06: completed successfully.
        </td>
      </tr>
      <tr class="event-row">
        <td><span class="badge log pass-bg">Pass</span></td>
        <td>15:34:34</td>
        <td>
          Test passed
        </td>
      </tr>
      <tr class="event-row">
        <td><span class="badge log info-bg">Info</span></td>
        <td>15:34:36</td>
        <td>
          Driver closed after test.
        </td>
      </tr>
      <tr class="event-row">
        <td><span class="badge log info-bg">Info</span></td>
        <td>15:34:38</td>
        <td>
          Driver initialized for test setup.
        </td>
      </tr>
      <tr class="event-row">
        <td><span class="badge log info-bg">Info</span></td>
        <td>15:34:38</td>
        <td>
          Navigating to the landing page.
        </td>
      </tr>
  </tbody>
</table>
</div>
          </div>
        </li>
        <li class="test-item"  status="fail" test-id="24"
          author=""
          tag="Regression_Suite chrome"
          device="">
          <div class="test-detail">
            <p class="name">testPaymentSummary</p>
            <p class="text-sm">
              <span>15:33:48</span> / <span>00:00:02:394</span>
              <span class="badge fail-bg log float-right">Fail</span>
            </p>
          </div>
          <div class="test-contents d-none">
<div class="detail-head">
<div class="p-v-10">
<div class="info">
<h5 class="test-status text-fail">testPaymentSummary</h5>
<span class='badge badge-success'>05.07.2025 15:33:48</span>
<span class='badge badge-danger'>05.07.2025 15:33:50</span>
<span class='badge badge-default'>00:00:02:394</span>
&middot; <span class='uri-anchor badge badge-default'>#test-id=24</span>
<span title='Skip to the next failed step' class='badge badge-danger pointer float-right ne ml-1'><i class="fa fa-fast-forward"></i></span>
<span title='Collapse all nodes' class='badge badge-default pointer float-right ct ml-1'><i class="fa fa-compress"></i></span>
<span title='Expand all nodes' class='badge badge-default pointer float-right et'><i class="fa fa-expand"></i></span>
</div>
<div class="m-t-15"><span class="badge badge-pill badge-default">Regression_Suite</span>
<span class="badge badge-pill badge-default">chrome</span></div>
<div class="m-t-10 m-l-5">Verify payment summary is displayed correctly</div>
</div>
</div>    <div class="row mb-3"><div class="col-md-3">
    

<img data-featherlight='C:\Users\kwazinkosizwane\eclipse-workspace\MagentoTestingFramework/screenshots/testPaymentSummary_1746624828935.png' src="C:\Users\kwazinkosizwane\eclipse-workspace\MagentoTestingFramework/screenshots/testPaymentSummary_1746624828935.png">
  
    

    </div></div>
<div class="detail-body mt-4">
<table class="table table-sm">
  <thead><tr><th class="status-col">Status</th><th class="timestamp-col">Timestamp</th><th class="details-col">Details</th></tr></thead>
  <tbody>
      <tr class="event-row">
        <td><span class="badge log info-bg">Info</span></td>
        <td>15:33:48</td>
        <td>
          Testing payment summary
        </td>
      </tr>
      <tr class="event-row">
        <td><span class="badge log fail-bg">Fail</span></td>
        <td>15:33:48</td>
        <td>
          Screenshot: com.aventstack.extentreports.ExtentTest@3f93af5c
        </td>
      </tr>
      <tr class="event-row">
        <td><span class="badge log fail-bg">Fail</span></td>
        <td>15:33:48</td>
        <td>
          <textarea readonly class="code-block">org.openqa.selenium.NoSuchElementException: Cannot locate an element using [unknown locator]
For documentation on this error, please visit: https://www.selenium.dev/documentation/webdriver/troubleshooting/errors#no-such-element-exception
Build info: version: '4.23.0', revision: '4df0a231af'
System info: os.name: 'Windows 11', os.arch: 'amd64', os.version: '10.0', java.version: '17.0.14'
Driver info: driver.version: RemoteWebDriver
	at org.openqa.selenium.By.findElement(By.java:124)
	at org.openqa.selenium.remote.ElementLocation$ElementFinder$1.findElement(ElementLocation.java:139)
	at org.openqa.selenium.remote.ElementLocation.findElement(ElementLocation.java:59)
	at org.openqa.selenium.remote.RemoteWebDriver.findElement(RemoteWebDriver.java:357)
	at org.openqa.selenium.remote.RemoteWebDriver.findElement(RemoteWebDriver.java:351)
	at pages.CheckoutOverviewPage.getPaymentSummary(CheckoutOverviewPage.java:44)
	at tests.pages.CheckoutOverviewPageTests.testPaymentSummary(CheckoutOverviewPageTests.java:75)
	at java.base/jdk.internal.reflect.NativeMethodAccessorImpl.invoke0(Native Method)
	at java.base/jdk.internal.reflect.NativeMethodAccessorImpl.invoke(NativeMethodAccessorImpl.java:77)
	at java.base/jdk.internal.reflect.DelegatingMethodAccessorImpl.invoke(DelegatingMethodAccessorImpl.java:43)
	at java.base/java.lang.reflect.Method.invoke(Method.java:569)
	at org.testng.internal.invokers.MethodInvocationHelper.invokeMethod(MethodInvocationHelper.java:141)
	at org.testng.internal.invokers.TestInvoker.invokeMethod(TestInvoker.java:686)
	at org.testng.internal.invokers.TestInvoker.invokeTestMethod(TestInvoker.java:230)
	at org.testng.internal.invokers.MethodRunner.runInSequence(MethodRunner.java:63)
	at org.testng.internal.invokers.TestInvoker$MethodInvocationAgent.invoke(TestInvoker.java:992)
	at org.testng.internal.invokers.TestInvoker.invokeTestMethods(TestInvoker.java:203)
	at org.testng.internal.invokers.TestMethodWorker.invokeTestMethods(TestMethodWorker.java:154)
	at org.testng.internal.invokers.TestMethodWorker.run(TestMethodWorker.java:134)
	at java.base/java.util.concurrent.Executors$RunnableAdapter.call(Executors.java:539)
	at java.base/java.util.concurrent.FutureTask.run(FutureTask.java:264)
	at org.testng.internal.thread.graph.TestNGFutureTask.run(TestNGFutureTask.java:22)
	at java.base/java.util.concurrent.ThreadPoolExecutor.runWorker(ThreadPoolExecutor.java:1136)
	at java.base/java.util.concurrent.ThreadPoolExecutor$Worker.run(ThreadPoolExecutor.java:635)
	at java.base/java.lang.Thread.run(Thread.java:840)
</textarea>
          
        </td>
      </tr>
      <tr class="event-row">
        <td><span class="badge log info-bg">Info</span></td>
        <td>15:33:50</td>
        <td>
          Driver closed after test.
        </td>
      </tr>
  </tbody>
</table>
</div>
          </div>
        </li>
        <li class="test-item"  status="fail" test-id="25"
          author=""
          tag="Regression_Suite chrome"
          device="">
          <div class="test-detail">
            <p class="name">testRemoveProductFromCart</p>
            <p class="text-sm">
              <span>15:34:15</span> / <span>00:00:13:329</span>
              <span class="badge fail-bg log float-right">Fail</span>
            </p>
          </div>
          <div class="test-contents d-none">
<div class="detail-head">
<div class="p-v-10">
<div class="info">
<h5 class="test-status text-fail">testRemoveProductFromCart</h5>
<span class='badge badge-success'>05.07.2025 15:34:15</span>
<span class='badge badge-danger'>05.07.2025 15:34:28</span>
<span class='badge badge-default'>00:00:13:329</span>
&middot; <span class='uri-anchor badge badge-default'>#test-id=25</span>
<span title='Skip to the next failed step' class='badge badge-danger pointer float-right ne ml-1'><i class="fa fa-fast-forward"></i></span>
<span title='Collapse all nodes' class='badge badge-default pointer float-right ct ml-1'><i class="fa fa-compress"></i></span>
<span title='Expand all nodes' class='badge badge-default pointer float-right et'><i class="fa fa-expand"></i></span>
</div>
<div class="m-t-15"><span class="badge badge-pill badge-default">Regression_Suite</span>
<span class="badge badge-pill badge-default">chrome</span></div>
<div class="m-t-10 m-l-5">Verify removing a product from the cart works correctly</div>
</div>
</div>    <div class="row mb-3"><div class="col-md-3">
    

<img data-featherlight='C:\Users\kwazinkosizwane\eclipse-workspace\MagentoTestingFramework/screenshots/testRemoveProductFromCart_1746624862685.png' src="C:\Users\kwazinkosizwane\eclipse-workspace\MagentoTestingFramework/screenshots/testRemoveProductFromCart_1746624862685.png">
  
    

    </div></div>
<div class="detail-body mt-4">
<table class="table table-sm">
  <thead><tr><th class="status-col">Status</th><th class="timestamp-col">Timestamp</th><th class="details-col">Details</th></tr></thead>
  <tbody>
      <tr class="event-row">
        <td><span class="badge log info-bg">Info</span></td>
        <td>15:34:15</td>
        <td>
          Testing removal of product from cart
        </td>
      </tr>
      <tr class="event-row">
        <td><span class="badge log info-bg">Info</span></td>
        <td>15:34:16</td>
        <td>
          Initial cart count: 2
        </td>
      </tr>
      <tr class="event-row">
        <td><span class="badge log info-bg">Info</span></td>
        <td>15:34:21</td>
        <td>
          Removed product: Didi Sport Watch
        </td>
      </tr>
      <tr class="event-row">
        <td><span class="badge log fail-bg">Fail</span></td>
        <td>15:34:22</td>
        <td>
          Screenshot: com.aventstack.extentreports.ExtentTest@2d636ffb
        </td>
      </tr>
      <tr class="event-row">
        <td><span class="badge log fail-bg">Fail</span></td>
        <td>15:34:22</td>
        <td>
          <textarea readonly class="code-block">java.lang.AssertionError: Cart count should decrease after removal expected [1] but found [2]
	at org.testng.Assert.fail(Assert.java:111)
	at org.testng.Assert.failNotEquals(Assert.java:1578)
	at org.testng.Assert.assertEqualsImpl(Assert.java:150)
	at org.testng.Assert.assertEquals(Assert.java:132)
	at org.testng.Assert.assertEquals(Assert.java:1419)
	at org.testng.Assert.assertEquals(Assert.java:1383)
	at tests.pages.CartPageTests.testRemoveProductFromCart(CartPageTests.java:84)
	at java.base/jdk.internal.reflect.NativeMethodAccessorImpl.invoke0(Native Method)
	at java.base/jdk.internal.reflect.NativeMethodAccessorImpl.invoke(NativeMethodAccessorImpl.java:77)
	at java.base/jdk.internal.reflect.DelegatingMethodAccessorImpl.invoke(DelegatingMethodAccessorImpl.java:43)
	at java.base/java.lang.reflect.Method.invoke(Method.java:569)
	at org.testng.internal.invokers.MethodInvocationHelper.invokeMethod(MethodInvocationHelper.java:141)
	at org.testng.internal.invokers.TestInvoker.invokeMethod(TestInvoker.java:686)
	at org.testng.internal.invokers.TestInvoker.invokeTestMethod(TestInvoker.java:230)
	at org.testng.internal.invokers.MethodRunner.runInSequence(MethodRunner.java:63)
	at org.testng.internal.invokers.TestInvoker$MethodInvocationAgent.invoke(TestInvoker.java:992)
	at org.testng.internal.invokers.TestInvoker.invokeTestMethods(TestInvoker.java:203)
	at org.testng.internal.invokers.TestMethodWorker.invokeTestMethods(TestMethodWorker.java:154)
	at org.testng.internal.invokers.TestMethodWorker.run(TestMethodWorker.java:134)
	at java.base/java.util.concurrent.Executors$RunnableAdapter.call(Executors.java:539)
	at java.base/java.util.concurrent.FutureTask.run(FutureTask.java:264)
	at org.testng.internal.thread.graph.TestNGFutureTask.run(TestNGFutureTask.java:22)
	at java.base/java.util.concurrent.ThreadPoolExecutor.runWorker(ThreadPoolExecutor.java:1136)
	at java.base/java.util.concurrent.ThreadPoolExecutor$Worker.run(ThreadPoolExecutor.java:635)
	at java.base/java.lang.Thread.run(Thread.java:840)
</textarea>
          
        </td>
      </tr>
      <tr class="event-row">
        <td><span class="badge log info-bg">Info</span></td>
        <td>15:34:28</td>
        <td>
          Driver closed after test.
        </td>
      </tr>
  </tbody>
</table>
</div>
          </div>
        </li>
        <li class="test-item"  status="pass" test-id="26"
          author=""
          tag="Regression_Suite chrome"
          device="">
          <div class="test-detail">
            <p class="name">testLoginFunctionality</p>
            <p class="text-sm">
              <span>15:34:21</span> / <span>00:00:03:068</span>
              <span class="badge pass-bg log float-right">Pass</span>
            </p>
          </div>
          <div class="test-contents d-none">
<div class="detail-head">
<div class="p-v-10">
<div class="info">
<h5 class="test-status text-pass">testLoginFunctionality</h5>
<span class='badge badge-success'>05.07.2025 15:34:21</span>
<span class='badge badge-danger'>05.07.2025 15:34:24</span>
<span class='badge badge-default'>00:00:03:068</span>
&middot; <span class='uri-anchor badge badge-default'>#test-id=26</span>
<span title='Skip to the next failed step' class='badge badge-danger pointer float-right ne ml-1'><i class="fa fa-fast-forward"></i></span>
<span title='Collapse all nodes' class='badge badge-default pointer float-right ct ml-1'><i class="fa fa-compress"></i></span>
<span title='Expand all nodes' class='badge badge-default pointer float-right et'><i class="fa fa-expand"></i></span>
</div>
<div class="m-t-15"><span class="badge badge-pill badge-default">Regression_Suite</span>
<span class="badge badge-pill badge-default">chrome</span></div>
<div class="m-t-10 m-l-5">Verify login functionality with different credentials</div>
</div>
</div><div class="detail-body mt-4">
<table class="table table-sm">
  <thead><tr><th class="status-col">Status</th><th class="timestamp-col">Timestamp</th><th class="details-col">Details</th></tr></thead>
  <tbody>
      <tr class="event-row">
        <td><span class="badge log info-bg">Info</span></td>
        <td>15:34:21</td>
        <td>
          <div class='row'>
 <div class='col-md-12'>
  <textarea readonly class='code-block'>Parameters: [utils.dataproviders.models.LoginTestData@3e50ca6a]</textarea>
 </div>
</div>

        </td>
      </tr>
      <tr class="event-row">
        <td><span class="badge log info-bg">Info</span></td>
        <td>15:34:21</td>
        <td>
          =========================Starting test case: TC3=========================
        </td>
      </tr>
      <tr class="event-row">
        <td><span class="badge log info-bg">Info</span></td>
        <td>15:34:23</td>
        <td>
          Checking if login was successful
        </td>
      </tr>
      <tr class="event-row">
        <td><span class="badge log info-bg">Info</span></td>
        <td>15:34:23</td>
        <td>
          Checking if error message is displayed
        </td>
      </tr>
      <tr class="event-row">
        <td><span class="badge log info-bg">Info</span></td>
        <td>15:34:23</td>
        <td>
          Login was not successful.
        </td>
      </tr>
      <tr class="event-row">
        <td><span class="badge log info-bg">Info</span></td>
        <td>15:34:23</td>
        <td>
          Test case TC3 PASSED! =====
        </td>
      </tr>
      <tr class="event-row">
        <td><span class="badge log pass-bg">Pass</span></td>
        <td>15:34:23</td>
        <td>
          Test passed
        </td>
      </tr>
      <tr class="event-row">
        <td><span class="badge log info-bg">Info</span></td>
        <td>15:34:24</td>
        <td>
          Driver closed after test.
        </td>
      </tr>
      <tr class="event-row">
        <td><span class="badge log info-bg">Info</span></td>
        <td>15:34:24</td>
        <td>
          Running tests on browser:: chrome
        </td>
      </tr>
  </tbody>
</table>
</div>
          </div>
        </li>
        <li class="test-item"  status="pass" test-id="27"
          author=""
          tag="Regression_Suite chrome"
          device="">
          <div class="test-detail">
            <p class="name">testLoginFunctionality</p>
            <p class="text-sm">
              <span>15:34:29</span> / <span>00:00:05:527</span>
              <span class="badge pass-bg log float-right">Pass</span>
            </p>
          </div>
          <div class="test-contents d-none">
<div class="detail-head">
<div class="p-v-10">
<div class="info">
<h5 class="test-status text-pass">testLoginFunctionality</h5>
<span class='badge badge-success'>05.07.2025 15:34:29</span>
<span class='badge badge-danger'>05.07.2025 15:34:35</span>
<span class='badge badge-default'>00:00:05:527</span>
&middot; <span class='uri-anchor badge badge-default'>#test-id=27</span>
<span title='Skip to the next failed step' class='badge badge-danger pointer float-right ne ml-1'><i class="fa fa-fast-forward"></i></span>
<span title='Collapse all nodes' class='badge badge-default pointer float-right ct ml-1'><i class="fa fa-compress"></i></span>
<span title='Expand all nodes' class='badge badge-default pointer float-right et'><i class="fa fa-expand"></i></span>
</div>
<div class="m-t-15"><span class="badge badge-pill badge-default">Regression_Suite</span>
<span class="badge badge-pill badge-default">chrome</span></div>
<div class="m-t-10 m-l-5">Verify login functionality with different credentials</div>
</div>
</div><div class="detail-body mt-4">
<table class="table table-sm">
  <thead><tr><th class="status-col">Status</th><th class="timestamp-col">Timestamp</th><th class="details-col">Details</th></tr></thead>
  <tbody>
      <tr class="event-row">
        <td><span class="badge log info-bg">Info</span></td>
        <td>15:34:29</td>
        <td>
          <div class='row'>
 <div class='col-md-12'>
  <textarea readonly class='code-block'>Parameters: [utils.dataproviders.models.LoginTestData@6e86e167]</textarea>
 </div>
</div>

        </td>
      </tr>
      <tr class="event-row">
        <td><span class="badge log info-bg">Info</span></td>
        <td>15:34:29</td>
        <td>
          =========================Starting test case: TC4=========================
        </td>
      </tr>
      <tr class="event-row">
        <td><span class="badge log info-bg">Info</span></td>
        <td>15:34:34</td>
        <td>
          Checking if login was successful
        </td>
      </tr>
      <tr class="event-row">
        <td><span class="badge log info-bg">Info</span></td>
        <td>15:34:34</td>
        <td>
          Login was successful.
        </td>
      </tr>
      <tr class="event-row">
        <td><span class="badge log info-bg">Info</span></td>
        <td>15:34:34</td>
        <td>
          Test case TC4 PASSED! =====
        </td>
      </tr>
      <tr class="event-row">
        <td><span class="badge log pass-bg">Pass</span></td>
        <td>15:34:34</td>
        <td>
          Test passed
        </td>
      </tr>
      <tr class="event-row">
        <td><span class="badge log info-bg">Info</span></td>
        <td>15:34:35</td>
        <td>
          Driver closed after test.
        </td>
      </tr>
  </tbody>
</table>
</div>
          </div>
        </li>
        <li class="test-item"  status="pass" test-id="28"
          author=""
          tag="Regression_Suite chrome"
          device="">
          <div class="test-detail">
            <p class="name">testNavbarComponents</p>
            <p class="text-sm">
              <span>15:34:44</span> / <span>00:00:05:172</span>
              <span class="badge pass-bg log float-right">Pass</span>
            </p>
          </div>
          <div class="test-contents d-none">
<div class="detail-head">
<div class="p-v-10">
<div class="info">
<h5 class="test-status text-pass">testNavbarComponents</h5>
<span class='badge badge-success'>05.07.2025 15:34:44</span>
<span class='badge badge-danger'>05.07.2025 15:34:49</span>
<span class='badge badge-default'>00:00:05:172</span>
&middot; <span class='uri-anchor badge badge-default'>#test-id=28</span>
<span title='Skip to the next failed step' class='badge badge-danger pointer float-right ne ml-1'><i class="fa fa-fast-forward"></i></span>
<span title='Collapse all nodes' class='badge badge-default pointer float-right ct ml-1'><i class="fa fa-compress"></i></span>
<span title='Expand all nodes' class='badge badge-default pointer float-right et'><i class="fa fa-expand"></i></span>
</div>
<div class="m-t-15"><span class="badge badge-pill badge-default">Regression_Suite</span>
<span class="badge badge-pill badge-default">chrome</span></div>
<div class="m-t-10 m-l-5">Verify that all navbar component links function correctly</div>
</div>
</div><div class="detail-body mt-4">
<table class="table table-sm">
  <thead><tr><th class="status-col">Status</th><th class="timestamp-col">Timestamp</th><th class="details-col">Details</th></tr></thead>
  <tbody>
      <tr class="event-row">
        <td><span class="badge log info-bg">Info</span></td>
        <td>15:34:44</td>
        <td>
          <div class='row'>
 <div class='col-md-12'>
  <textarea readonly class='code-block'>Parameters: [utils.dataproviders.models.NavbarTestData@4b374428]</textarea>
 </div>
</div>

        </td>
      </tr>
      <tr class="event-row">
        <td><span class="badge log info-bg">Info</span></td>
        <td>15:34:44</td>
        <td>
          =========================Starting test case: TC07=========================
        </td>
      </tr>
      <tr class="event-row">
        <td><span class="badge log info-bg">Info</span></td>
        <td>15:34:45</td>
        <td>
          Hovering over the main menu: Women
        </td>
      </tr>
      <tr class="event-row">
        <td><span class="badge log info-bg">Info</span></td>
        <td>15:34:45</td>
        <td>
          Hovering over the sub-menu: Tops
        </td>
      </tr>
      <tr class="event-row">
        <td><span class="badge log info-bg">Info</span></td>
        <td>15:34:46</td>
        <td>
          Clicking on the sub-sub-menu: Jackets
        </td>
      </tr>
      <tr class="event-row">
        <td><span class="badge log info-bg">Info</span></td>
        <td>15:34:47</td>
        <td>
          Verifying the URL after navigation.
        </td>
      </tr>
      <tr class="event-row">
        <td><span class="badge log info-bg">Info</span></td>
        <td>15:34:47</td>
        <td>
          Test case TC07: completed successfully.
        </td>
      </tr>
      <tr class="event-row">
        <td><span class="badge log pass-bg">Pass</span></td>
        <td>15:34:47</td>
        <td>
          Test passed
        </td>
      </tr>
      <tr class="event-row">
        <td><span class="badge log info-bg">Info</span></td>
        <td>15:34:48</td>
        <td>
          Driver closed after test.
        </td>
      </tr>
      <tr class="event-row">
        <td><span class="badge log info-bg">Info</span></td>
        <td>15:34:49</td>
        <td>
          Driver initialized for test setup.
        </td>
      </tr>
      <tr class="event-row">
        <td><span class="badge log info-bg">Info</span></td>
        <td>15:34:49</td>
        <td>
          Navigating to the landing page.
        </td>
      </tr>
  </tbody>
</table>
</div>
          </div>
        </li>
        <li class="test-item"  status="skip" test-id="29"
          author=""
          tag="Regression_Suite chrome"
          device="">
          <div class="test-detail">
            <p class="name">testTotalAmount</p>
            <p class="text-sm">
              <span>15:34:51</span> / <span>00:00:00:000</span>
              <span class="badge skip-bg log float-right">Skip</span>
            </p>
          </div>
          <div class="test-contents d-none">
<div class="detail-head">
<div class="p-v-10">
<div class="info">
<h5 class="test-status text-skip">testTotalAmount</h5>
<span class='badge badge-success'>05.07.2025 15:34:51</span>
<span class='badge badge-danger'>05.07.2025 15:34:51</span>
<span class='badge badge-default'>00:00:00:000</span>
&middot; <span class='uri-anchor badge badge-default'>#test-id=29</span>
<span title='Skip to the next failed step' class='badge badge-danger pointer float-right ne ml-1'><i class="fa fa-fast-forward"></i></span>
<span title='Collapse all nodes' class='badge badge-default pointer float-right ct ml-1'><i class="fa fa-compress"></i></span>
<span title='Expand all nodes' class='badge badge-default pointer float-right et'><i class="fa fa-expand"></i></span>
</div>
<div class="m-t-15"><span class="badge badge-pill badge-default">Regression_Suite</span>
<span class="badge badge-pill badge-default">chrome</span></div>
<div class="m-t-10 m-l-5">Verify the total amount is displayed correctly</div>
</div>
</div><div class="detail-body mt-4">
<table class="table table-sm">
  <thead><tr><th class="status-col">Status</th><th class="timestamp-col">Timestamp</th><th class="details-col">Details</th></tr></thead>
  <tbody>
      <tr class="event-row">
        <td><span class="badge log skip-bg">Skip</span></td>
        <td>15:34:51</td>
        <td>
          Test skipped: Cannot invoke "pages.CheckoutOverviewPage.getCustomWait()" because "this.checkoutOverviewPage" is null
        </td>
      </tr>
  </tbody>
</table>
</div>
          </div>
        </li>
        <li class="test-item"  status="skip" test-id="30"
          author=""
          tag="Regression_Suite chrome"
          device="">
          <div class="test-detail">
            <p class="name">testCheckoutCompletion</p>
            <p class="text-sm">
              <span>15:34:51</span> / <span>00:00:00:001</span>
              <span class="badge skip-bg log float-right">Skip</span>
            </p>
          </div>
          <div class="test-contents d-none">
<div class="detail-head">
<div class="p-v-10">
<div class="info">
<h5 class="test-status text-skip">testCheckoutCompletion</h5>
<span class='badge badge-success'>05.07.2025 15:34:51</span>
<span class='badge badge-danger'>05.07.2025 15:34:51</span>
<span class='badge badge-default'>00:00:00:001</span>
&middot; <span class='uri-anchor badge badge-default'>#test-id=30</span>
<span title='Skip to the next failed step' class='badge badge-danger pointer float-right ne ml-1'><i class="fa fa-fast-forward"></i></span>
<span title='Collapse all nodes' class='badge badge-default pointer float-right ct ml-1'><i class="fa fa-compress"></i></span>
<span title='Expand all nodes' class='badge badge-default pointer float-right et'><i class="fa fa-expand"></i></span>
</div>
<div class="m-t-15"><span class="badge badge-pill badge-default">Regression_Suite</span>
<span class="badge badge-pill badge-default">chrome</span></div>
<div class="m-t-10 m-l-5">Verify completion of checkout process</div>
</div>
</div><div class="detail-body mt-4">
<table class="table table-sm">
  <thead><tr><th class="status-col">Status</th><th class="timestamp-col">Timestamp</th><th class="details-col">Details</th></tr></thead>
  <tbody>
      <tr class="event-row">
        <td><span class="badge log skip-bg">Skip</span></td>
        <td>15:34:51</td>
        <td>
          Test skipped: Cannot invoke "pages.CheckoutOverviewPage.getCustomWait()" because "this.checkoutOverviewPage" is null
        </td>
      </tr>
  </tbody>
</table>
</div>
          </div>
        </li>
        <li class="test-item"  status="pass" test-id="31"
          author=""
          tag="Regression_Suite chrome"
          device="">
          <div class="test-detail">
            <p class="name">testNavbarComponents</p>
            <p class="text-sm">
              <span>15:34:52</span> / <span>00:00:06:478</span>
              <span class="badge pass-bg log float-right">Pass</span>
            </p>
          </div>
          <div class="test-contents d-none">
<div class="detail-head">
<div class="p-v-10">
<div class="info">
<h5 class="test-status text-pass">testNavbarComponents</h5>
<span class='badge badge-success'>05.07.2025 15:34:52</span>
<span class='badge badge-danger'>05.07.2025 15:34:59</span>
<span class='badge badge-default'>00:00:06:478</span>
&middot; <span class='uri-anchor badge badge-default'>#test-id=31</span>
<span title='Skip to the next failed step' class='badge badge-danger pointer float-right ne ml-1'><i class="fa fa-fast-forward"></i></span>
<span title='Collapse all nodes' class='badge badge-default pointer float-right ct ml-1'><i class="fa fa-compress"></i></span>
<span title='Expand all nodes' class='badge badge-default pointer float-right et'><i class="fa fa-expand"></i></span>
</div>
<div class="m-t-15"><span class="badge badge-pill badge-default">Regression_Suite</span>
<span class="badge badge-pill badge-default">chrome</span></div>
<div class="m-t-10 m-l-5">Verify that all navbar component links function correctly</div>
</div>
</div><div class="detail-body mt-4">
<table class="table table-sm">
  <thead><tr><th class="status-col">Status</th><th class="timestamp-col">Timestamp</th><th class="details-col">Details</th></tr></thead>
  <tbody>
      <tr class="event-row">
        <td><span class="badge log info-bg">Info</span></td>
        <td>15:34:52</td>
        <td>
          <div class='row'>
 <div class='col-md-12'>
  <textarea readonly class='code-block'>Parameters: [utils.dataproviders.models.NavbarTestData@41f912a9]</textarea>
 </div>
</div>

        </td>
      </tr>
      <tr class="event-row">
        <td><span class="badge log info-bg">Info</span></td>
        <td>15:34:52</td>
        <td>
          =========================Starting test case: TC08=========================
        </td>
      </tr>
      <tr class="event-row">
        <td><span class="badge log info-bg">Info</span></td>
        <td>15:34:54</td>
        <td>
          Hovering over the main menu: Women
        </td>
      </tr>
      <tr class="event-row">
        <td><span class="badge log info-bg">Info</span></td>
        <td>15:34:55</td>
        <td>
          Hovering over the sub-menu: Tops
        </td>
      </tr>
      <tr class="event-row">
        <td><span class="badge log info-bg">Info</span></td>
        <td>15:34:55</td>
        <td>
          Clicking on the sub-sub-menu: Hoodies & Sweatshirts
        </td>
      </tr>
      <tr class="event-row">
        <td><span class="badge log info-bg">Info</span></td>
        <td>15:34:57</td>
        <td>
          Verifying the URL after navigation.
        </td>
      </tr>
      <tr class="event-row">
        <td><span class="badge log info-bg">Info</span></td>
        <td>15:34:57</td>
        <td>
          Test case TC08: completed successfully.
        </td>
      </tr>
      <tr class="event-row">
        <td><span class="badge log pass-bg">Pass</span></td>
        <td>15:34:57</td>
        <td>
          Test passed
        </td>
      </tr>
      <tr class="event-row">
        <td><span class="badge log info-bg">Info</span></td>
        <td>15:34:57</td>
        <td>
          Driver closed after test.
        </td>
      </tr>
      <tr class="event-row">
        <td><span class="badge log info-bg">Info</span></td>
        <td>15:34:59</td>
        <td>
          Driver initialized for test setup.
        </td>
      </tr>
      <tr class="event-row">
        <td><span class="badge log info-bg">Info</span></td>
        <td>15:34:59</td>
        <td>
          Navigating to the landing page.
        </td>
      </tr>
  </tbody>
</table>
</div>
          </div>
        </li>
        <li class="test-item"  status="pass" test-id="32"
          author=""
          tag="Regression_Suite chrome"
          device="">
          <div class="test-detail">
            <p class="name">testCartContainsAddedProduct</p>
            <p class="text-sm">
              <span>15:35:00</span> / <span>00:00:08:249</span>
              <span class="badge pass-bg log float-right">Pass</span>
            </p>
          </div>
          <div class="test-contents d-none">
<div class="detail-head">
<div class="p-v-10">
<div class="info">
<h5 class="test-status text-pass">testCartContainsAddedProduct</h5>
<span class='badge badge-success'>05.07.2025 15:35:00</span>
<span class='badge badge-danger'>05.07.2025 15:35:08</span>
<span class='badge badge-default'>00:00:08:249</span>
&middot; <span class='uri-anchor badge badge-default'>#test-id=32</span>
<span title='Skip to the next failed step' class='badge badge-danger pointer float-right ne ml-1'><i class="fa fa-fast-forward"></i></span>
<span title='Collapse all nodes' class='badge badge-default pointer float-right ct ml-1'><i class="fa fa-compress"></i></span>
<span title='Expand all nodes' class='badge badge-default pointer float-right et'><i class="fa fa-expand"></i></span>
</div>
<div class="m-t-15"><span class="badge badge-pill badge-default">Regression_Suite</span>
<span class="badge badge-pill badge-default">chrome</span></div>
<div class="m-t-10 m-l-5">Verify the cart page contains the added product</div>
</div>
</div><div class="detail-body mt-4">
<table class="table table-sm">
  <thead><tr><th class="status-col">Status</th><th class="timestamp-col">Timestamp</th><th class="details-col">Details</th></tr></thead>
  <tbody>
      <tr class="event-row">
        <td><span class="badge log info-bg">Info</span></td>
        <td>15:35:00</td>
        <td>
          Testing cart contains added product
        </td>
      </tr>
      <tr class="event-row">
        <td><span class="badge log info-bg">Info</span></td>
        <td>15:35:00</td>
        <td>
          Product is present in the cart
        </td>
      </tr>
      <tr class="event-row">
        <td><span class="badge log pass-bg">Pass</span></td>
        <td>15:35:00</td>
        <td>
          Test passed
        </td>
      </tr>
      <tr class="event-row">
        <td><span class="badge log info-bg">Info</span></td>
        <td>15:35:08</td>
        <td>
          Driver closed after test.
        </td>
      </tr>
  </tbody>
</table>
</div>
          </div>
        </li>
        <li class="test-item"  status="pass" test-id="33"
          author=""
          tag="Regression_Suite chrome"
          device="">
          <div class="test-detail">
            <p class="name">testNavbarComponents</p>
            <p class="text-sm">
              <span>15:35:31</span> / <span>00:00:31:494</span>
              <span class="badge pass-bg log float-right">Pass</span>
            </p>
          </div>
          <div class="test-contents d-none">
<div class="detail-head">
<div class="p-v-10">
<div class="info">
<h5 class="test-status text-pass">testNavbarComponents</h5>
<span class='badge badge-success'>05.07.2025 15:35:31</span>
<span class='badge badge-danger'>05.07.2025 15:36:03</span>
<span class='badge badge-default'>00:00:31:494</span>
&middot; <span class='uri-anchor badge badge-default'>#test-id=33</span>
<span title='Skip to the next failed step' class='badge badge-danger pointer float-right ne ml-1'><i class="fa fa-fast-forward"></i></span>
<span title='Collapse all nodes' class='badge badge-default pointer float-right ct ml-1'><i class="fa fa-compress"></i></span>
<span title='Expand all nodes' class='badge badge-default pointer float-right et'><i class="fa fa-expand"></i></span>
</div>
<div class="m-t-15"><span class="badge badge-pill badge-default">Regression_Suite</span>
<span class="badge badge-pill badge-default">chrome</span></div>
<div class="m-t-10 m-l-5">Verify that all navbar component links function correctly</div>
</div>
</div><div class="detail-body mt-4">
<table class="table table-sm">
  <thead><tr><th class="status-col">Status</th><th class="timestamp-col">Timestamp</th><th class="details-col">Details</th></tr></thead>
  <tbody>
      <tr class="event-row">
        <td><span class="badge log info-bg">Info</span></td>
        <td>15:35:31</td>
        <td>
          <div class='row'>
 <div class='col-md-12'>
  <textarea readonly class='code-block'>Parameters: [utils.dataproviders.models.NavbarTestData@40204785]</textarea>
 </div>
</div>

        </td>
      </tr>
      <tr class="event-row">
        <td><span class="badge log info-bg">Info</span></td>
        <td>15:35:31</td>
        <td>
          =========================Starting test case: TC09=========================
        </td>
      </tr>
      <tr class="event-row">
        <td><span class="badge log info-bg">Info</span></td>
        <td>15:35:58</td>
        <td>
          Hovering over the main menu: Women
        </td>
      </tr>
      <tr class="event-row">
        <td><span class="badge log info-bg">Info</span></td>
        <td>15:35:59</td>
        <td>
          Hovering over the sub-menu: Tops
        </td>
      </tr>
      <tr class="event-row">
        <td><span class="badge log info-bg">Info</span></td>
        <td>15:35:59</td>
        <td>
          Clicking on the sub-sub-menu: Bras & Tanks
        </td>
      </tr>
      <tr class="event-row">
        <td><span class="badge log info-bg">Info</span></td>
        <td>15:36:01</td>
        <td>
          Verifying the URL after navigation.
        </td>
      </tr>
      <tr class="event-row">
        <td><span class="badge log info-bg">Info</span></td>
        <td>15:36:01</td>
        <td>
          Test case TC09: completed successfully.
        </td>
      </tr>
      <tr class="event-row">
        <td><span class="badge log pass-bg">Pass</span></td>
        <td>15:36:01</td>
        <td>
          Test passed
        </td>
      </tr>
      <tr class="event-row">
        <td><span class="badge log info-bg">Info</span></td>
        <td>15:36:01</td>
        <td>
          Driver closed after test.
        </td>
      </tr>
      <tr class="event-row">
        <td><span class="badge log info-bg">Info</span></td>
        <td>15:36:03</td>
        <td>
          Driver initialized for test setup.
        </td>
      </tr>
      <tr class="event-row">
        <td><span class="badge log info-bg">Info</span></td>
        <td>15:36:03</td>
        <td>
          Navigating to the landing page.
        </td>
      </tr>
  </tbody>
</table>
</div>
          </div>
        </li>
        <li class="test-item"  status="pass" test-id="34"
          author=""
          tag="Regression_Suite chrome"
          device="">
          <div class="test-detail">
            <p class="name">testCartItemCount</p>
            <p class="text-sm">
              <span>15:36:05</span> / <span>00:00:08:266</span>
              <span class="badge pass-bg log float-right">Pass</span>
            </p>
          </div>
          <div class="test-contents d-none">
<div class="detail-head">
<div class="p-v-10">
<div class="info">
<h5 class="test-status text-pass">testCartItemCount</h5>
<span class='badge badge-success'>05.07.2025 15:36:05</span>
<span class='badge badge-danger'>05.07.2025 15:36:13</span>
<span class='badge badge-default'>00:00:08:266</span>
&middot; <span class='uri-anchor badge badge-default'>#test-id=34</span>
<span title='Skip to the next failed step' class='badge badge-danger pointer float-right ne ml-1'><i class="fa fa-fast-forward"></i></span>
<span title='Collapse all nodes' class='badge badge-default pointer float-right ct ml-1'><i class="fa fa-compress"></i></span>
<span title='Expand all nodes' class='badge badge-default pointer float-right et'><i class="fa fa-expand"></i></span>
</div>
<div class="m-t-15"><span class="badge badge-pill badge-default">Regression_Suite</span>
<span class="badge badge-pill badge-default">chrome</span></div>
<div class="m-t-10 m-l-5">Verify the cart page displays the correct item count</div>
</div>
</div><div class="detail-body mt-4">
<table class="table table-sm">
  <thead><tr><th class="status-col">Status</th><th class="timestamp-col">Timestamp</th><th class="details-col">Details</th></tr></thead>
  <tbody>
      <tr class="event-row">
        <td><span class="badge log info-bg">Info</span></td>
        <td>15:36:05</td>
        <td>
          Testing cart item count
        </td>
      </tr>
      <tr class="event-row">
        <td><span class="badge log info-bg">Info</span></td>
        <td>15:36:05</td>
        <td>
          Expected item count: 2
        </td>
      </tr>
      <tr class="event-row">
        <td><span class="badge log info-bg">Info</span></td>
        <td>15:36:05</td>
        <td>
          Cart item count is correct
        </td>
      </tr>
      <tr class="event-row">
        <td><span class="badge log pass-bg">Pass</span></td>
        <td>15:36:05</td>
        <td>
          Test passed
        </td>
      </tr>
      <tr class="event-row">
        <td><span class="badge log info-bg">Info</span></td>
        <td>15:36:13</td>
        <td>
          Driver closed after test.
        </td>
      </tr>
  </tbody>
</table>
</div>
          </div>
        </li>
        <li class="test-item"  status="pass" test-id="35"
          author=""
          tag="Regression_Suite chrome"
          device="">
          <div class="test-detail">
            <p class="name">testNavbarComponents</p>
            <p class="text-sm">
              <span>15:36:06</span> / <span>00:00:06:840</span>
              <span class="badge pass-bg log float-right">Pass</span>
            </p>
          </div>
          <div class="test-contents d-none">
<div class="detail-head">
<div class="p-v-10">
<div class="info">
<h5 class="test-status text-pass">testNavbarComponents</h5>
<span class='badge badge-success'>05.07.2025 15:36:06</span>
<span class='badge badge-danger'>05.07.2025 15:36:13</span>
<span class='badge badge-default'>00:00:06:840</span>
&middot; <span class='uri-anchor badge badge-default'>#test-id=35</span>
<span title='Skip to the next failed step' class='badge badge-danger pointer float-right ne ml-1'><i class="fa fa-fast-forward"></i></span>
<span title='Collapse all nodes' class='badge badge-default pointer float-right ct ml-1'><i class="fa fa-compress"></i></span>
<span title='Expand all nodes' class='badge badge-default pointer float-right et'><i class="fa fa-expand"></i></span>
</div>
<div class="m-t-15"><span class="badge badge-pill badge-default">Regression_Suite</span>
<span class="badge badge-pill badge-default">chrome</span></div>
<div class="m-t-10 m-l-5">Verify that all navbar component links function correctly</div>
</div>
</div><div class="detail-body mt-4">
<table class="table table-sm">
  <thead><tr><th class="status-col">Status</th><th class="timestamp-col">Timestamp</th><th class="details-col">Details</th></tr></thead>
  <tbody>
      <tr class="event-row">
        <td><span class="badge log info-bg">Info</span></td>
        <td>15:36:06</td>
        <td>
          <div class='row'>
 <div class='col-md-12'>
  <textarea readonly class='code-block'>Parameters: [utils.dataproviders.models.NavbarTestData@63359150]</textarea>
 </div>
</div>

        </td>
      </tr>
      <tr class="event-row">
        <td><span class="badge log info-bg">Info</span></td>
        <td>15:36:06</td>
        <td>
          =========================Starting test case: TC10=========================
        </td>
      </tr>
      <tr class="event-row">
        <td><span class="badge log info-bg">Info</span></td>
        <td>15:36:09</td>
        <td>
          Hovering over the main menu: Women
        </td>
      </tr>
      <tr class="event-row">
        <td><span class="badge log info-bg">Info</span></td>
        <td>15:36:09</td>
        <td>
          Hovering over the sub-menu: Tops
        </td>
      </tr>
      <tr class="event-row">
        <td><span class="badge log info-bg">Info</span></td>
        <td>15:36:09</td>
        <td>
          Clicking on the sub-sub-menu: Tees
        </td>
      </tr>
      <tr class="event-row">
        <td><span class="badge log info-bg">Info</span></td>
        <td>15:36:12</td>
        <td>
          Verifying the URL after navigation.
        </td>
      </tr>
      <tr class="event-row">
        <td><span class="badge log info-bg">Info</span></td>
        <td>15:36:12</td>
        <td>
          Test case TC10: completed successfully.
        </td>
      </tr>
      <tr class="event-row">
        <td><span class="badge log pass-bg">Pass</span></td>
        <td>15:36:12</td>
        <td>
          Test passed
        </td>
      </tr>
      <tr class="event-row">
        <td><span class="badge log info-bg">Info</span></td>
        <td>15:36:12</td>
        <td>
          Driver closed after test.
        </td>
      </tr>
      <tr class="event-row">
        <td><span class="badge log info-bg">Info</span></td>
        <td>15:36:13</td>
        <td>
          Driver initialized for test setup.
        </td>
      </tr>
      <tr class="event-row">
        <td><span class="badge log info-bg">Info</span></td>
        <td>15:36:13</td>
        <td>
          Navigating to the landing page.
        </td>
      </tr>
  </tbody>
</table>
</div>
          </div>
        </li>
        <li class="test-item"  status="pass" test-id="36"
          author=""
          tag="Regression_Suite chrome"
          device="">
          <div class="test-detail">
            <p class="name">testClearCart</p>
            <p class="text-sm">
              <span>15:36:42</span> / <span>00:00:12:123</span>
              <span class="badge pass-bg log float-right">Pass</span>
            </p>
          </div>
          <div class="test-contents d-none">
<div class="detail-head">
<div class="p-v-10">
<div class="info">
<h5 class="test-status text-pass">testClearCart</h5>
<span class='badge badge-success'>05.07.2025 15:36:42</span>
<span class='badge badge-danger'>05.07.2025 15:36:54</span>
<span class='badge badge-default'>00:00:12:123</span>
&middot; <span class='uri-anchor badge badge-default'>#test-id=36</span>
<span title='Skip to the next failed step' class='badge badge-danger pointer float-right ne ml-1'><i class="fa fa-fast-forward"></i></span>
<span title='Collapse all nodes' class='badge badge-default pointer float-right ct ml-1'><i class="fa fa-compress"></i></span>
<span title='Expand all nodes' class='badge badge-default pointer float-right et'><i class="fa fa-expand"></i></span>
</div>
<div class="m-t-15"><span class="badge badge-pill badge-default">Regression_Suite</span>
<span class="badge badge-pill badge-default">chrome</span></div>
<div class="m-t-10 m-l-5">Verify the cart page allows clearing the cart</div>
</div>
</div><div class="detail-body mt-4">
<table class="table table-sm">
  <thead><tr><th class="status-col">Status</th><th class="timestamp-col">Timestamp</th><th class="details-col">Details</th></tr></thead>
  <tbody>
      <tr class="event-row">
        <td><span class="badge log info-bg">Info</span></td>
        <td>15:36:42</td>
        <td>
          Testing clear cart functionality
        </td>
      </tr>
      <tr class="event-row">
        <td><span class="badge log info-bg">Info</span></td>
        <td>15:36:50</td>
        <td>
          Cleared the cart
        </td>
      </tr>
      <tr class="event-row">
        <td><span class="badge log info-bg">Info</span></td>
        <td>15:36:52</td>
        <td>
          Cart is empty after clearing
        </td>
      </tr>
      <tr class="event-row">
        <td><span class="badge log pass-bg">Pass</span></td>
        <td>15:36:52</td>
        <td>
          Test passed
        </td>
      </tr>
      <tr class="event-row">
        <td><span class="badge log info-bg">Info</span></td>
        <td>15:36:54</td>
        <td>
          Driver closed after test.
        </td>
      </tr>
  </tbody>
</table>
</div>
          </div>
        </li>
        <li class="test-item"  status="pass" test-id="37"
          author=""
          tag="Regression_Suite chrome"
          device="">
          <div class="test-detail">
            <p class="name">testNavbarComponents</p>
            <p class="text-sm">
              <span>15:36:53</span> / <span>00:00:37:053</span>
              <span class="badge pass-bg log float-right">Pass</span>
            </p>
          </div>
          <div class="test-contents d-none">
<div class="detail-head">
<div class="p-v-10">
<div class="info">
<h5 class="test-status text-pass">testNavbarComponents</h5>
<span class='badge badge-success'>05.07.2025 15:36:53</span>
<span class='badge badge-danger'>05.07.2025 15:37:30</span>
<span class='badge badge-default'>00:00:37:053</span>
&middot; <span class='uri-anchor badge badge-default'>#test-id=37</span>
<span title='Skip to the next failed step' class='badge badge-danger pointer float-right ne ml-1'><i class="fa fa-fast-forward"></i></span>
<span title='Collapse all nodes' class='badge badge-default pointer float-right ct ml-1'><i class="fa fa-compress"></i></span>
<span title='Expand all nodes' class='badge badge-default pointer float-right et'><i class="fa fa-expand"></i></span>
</div>
<div class="m-t-15"><span class="badge badge-pill badge-default">Regression_Suite</span>
<span class="badge badge-pill badge-default">chrome</span></div>
<div class="m-t-10 m-l-5">Verify that all navbar component links function correctly</div>
</div>
</div><div class="detail-body mt-4">
<table class="table table-sm">
  <thead><tr><th class="status-col">Status</th><th class="timestamp-col">Timestamp</th><th class="details-col">Details</th></tr></thead>
  <tbody>
      <tr class="event-row">
        <td><span class="badge log info-bg">Info</span></td>
        <td>15:36:53</td>
        <td>
          <div class='row'>
 <div class='col-md-12'>
  <textarea readonly class='code-block'>Parameters: [utils.dataproviders.models.NavbarTestData@3b6a89a3]</textarea>
 </div>
</div>

        </td>
      </tr>
      <tr class="event-row">
        <td><span class="badge log info-bg">Info</span></td>
        <td>15:36:53</td>
        <td>
          =========================Starting test case: TC11=========================
        </td>
      </tr>
      <tr class="event-row">
        <td><span class="badge log info-bg">Info</span></td>
        <td>15:37:25</td>
        <td>
          Hovering over the main menu: Women
        </td>
      </tr>
      <tr class="event-row">
        <td><span class="badge log info-bg">Info</span></td>
        <td>15:37:26</td>
        <td>
          Hovering over the sub-menu: Bottoms
        </td>
      </tr>
      <tr class="event-row">
        <td><span class="badge log info-bg">Info</span></td>
        <td>15:37:26</td>
        <td>
          Clicking on the sub-sub-menu: Pants
        </td>
      </tr>
      <tr class="event-row">
        <td><span class="badge log info-bg">Info</span></td>
        <td>15:37:28</td>
        <td>
          Verifying the URL after navigation.
        </td>
      </tr>
      <tr class="event-row">
        <td><span class="badge log info-bg">Info</span></td>
        <td>15:37:28</td>
        <td>
          Test case TC11: completed successfully.
        </td>
      </tr>
      <tr class="event-row">
        <td><span class="badge log pass-bg">Pass</span></td>
        <td>15:37:28</td>
        <td>
          Test passed
        </td>
      </tr>
      <tr class="event-row">
        <td><span class="badge log info-bg">Info</span></td>
        <td>15:37:28</td>
        <td>
          Driver closed after test.
        </td>
      </tr>
      <tr class="event-row">
        <td><span class="badge log info-bg">Info</span></td>
        <td>15:37:30</td>
        <td>
          Driver initialized for test setup.
        </td>
      </tr>
      <tr class="event-row">
        <td><span class="badge log info-bg">Info</span></td>
        <td>15:37:30</td>
        <td>
          Navigating to the landing page.
        </td>
      </tr>
  </tbody>
</table>
</div>
          </div>
        </li>
        <li class="test-item"  status="pass" test-id="38"
          author=""
          tag="Regression_Suite chrome"
          device="">
          <div class="test-detail">
            <p class="name">testProceedToCheckout</p>
            <p class="text-sm">
              <span>15:37:28</span> / <span>00:00:06:291</span>
              <span class="badge pass-bg log float-right">Pass</span>
            </p>
          </div>
          <div class="test-contents d-none">
<div class="detail-head">
<div class="p-v-10">
<div class="info">
<h5 class="test-status text-pass">testProceedToCheckout</h5>
<span class='badge badge-success'>05.07.2025 15:37:28</span>
<span class='badge badge-danger'>05.07.2025 15:37:34</span>
<span class='badge badge-default'>00:00:06:291</span>
&middot; <span class='uri-anchor badge badge-default'>#test-id=38</span>
<span title='Skip to the next failed step' class='badge badge-danger pointer float-right ne ml-1'><i class="fa fa-fast-forward"></i></span>
<span title='Collapse all nodes' class='badge badge-default pointer float-right ct ml-1'><i class="fa fa-compress"></i></span>
<span title='Expand all nodes' class='badge badge-default pointer float-right et'><i class="fa fa-expand"></i></span>
</div>
<div class="m-t-15"><span class="badge badge-pill badge-default">Regression_Suite</span>
<span class="badge badge-pill badge-default">chrome</span></div>
<div class="m-t-10 m-l-5">Verify the cart page allows proceeding to checkout</div>
</div>
</div><div class="detail-body mt-4">
<table class="table table-sm">
  <thead><tr><th class="status-col">Status</th><th class="timestamp-col">Timestamp</th><th class="details-col">Details</th></tr></thead>
  <tbody>
      <tr class="event-row">
        <td><span class="badge log info-bg">Info</span></td>
        <td>15:37:28</td>
        <td>
          Testing proceed to checkout
        </td>
      </tr>
      <tr class="event-row">
        <td><span class="badge log info-bg">Info</span></td>
        <td>15:37:33</td>
        <td>
          Clicked on checkout button
        </td>
      </tr>
      <tr class="event-row">
        <td><span class="badge log info-bg">Info</span></td>
        <td>15:37:34</td>
        <td>
          Checkout page is displayed
        </td>
      </tr>
      <tr class="event-row">
        <td><span class="badge log pass-bg">Pass</span></td>
        <td>15:37:34</td>
        <td>
          Test passed
        </td>
      </tr>
      <tr class="event-row">
        <td><span class="badge log info-bg">Info</span></td>
        <td>15:37:34</td>
        <td>
          Driver closed after test.
        </td>
      </tr>
  </tbody>
</table>
</div>
          </div>
        </li>
        <li class="test-item"  status="pass" test-id="39"
          author=""
          tag="Regression_Suite chrome"
          device="">
          <div class="test-detail">
            <p class="name">testNavbarComponents</p>
            <p class="text-sm">
              <span>15:37:34</span> / <span>00:00:05:483</span>
              <span class="badge pass-bg log float-right">Pass</span>
            </p>
          </div>
          <div class="test-contents d-none">
<div class="detail-head">
<div class="p-v-10">
<div class="info">
<h5 class="test-status text-pass">testNavbarComponents</h5>
<span class='badge badge-success'>05.07.2025 15:37:34</span>
<span class='badge badge-danger'>05.07.2025 15:37:40</span>
<span class='badge badge-default'>00:00:05:483</span>
&middot; <span class='uri-anchor badge badge-default'>#test-id=39</span>
<span title='Skip to the next failed step' class='badge badge-danger pointer float-right ne ml-1'><i class="fa fa-fast-forward"></i></span>
<span title='Collapse all nodes' class='badge badge-default pointer float-right ct ml-1'><i class="fa fa-compress"></i></span>
<span title='Expand all nodes' class='badge badge-default pointer float-right et'><i class="fa fa-expand"></i></span>
</div>
<div class="m-t-15"><span class="badge badge-pill badge-default">Regression_Suite</span>
<span class="badge badge-pill badge-default">chrome</span></div>
<div class="m-t-10 m-l-5">Verify that all navbar component links function correctly</div>
</div>
</div><div class="detail-body mt-4">
<table class="table table-sm">
  <thead><tr><th class="status-col">Status</th><th class="timestamp-col">Timestamp</th><th class="details-col">Details</th></tr></thead>
  <tbody>
      <tr class="event-row">
        <td><span class="badge log info-bg">Info</span></td>
        <td>15:37:34</td>
        <td>
          <div class='row'>
 <div class='col-md-12'>
  <textarea readonly class='code-block'>Parameters: [utils.dataproviders.models.NavbarTestData@1f4b1380]</textarea>
 </div>
</div>

        </td>
      </tr>
      <tr class="event-row">
        <td><span class="badge log info-bg">Info</span></td>
        <td>15:37:34</td>
        <td>
          =========================Starting test case: TC12=========================
        </td>
      </tr>
      <tr class="event-row">
        <td><span class="badge log info-bg">Info</span></td>
        <td>15:37:36</td>
        <td>
          Hovering over the main menu: Women
        </td>
      </tr>
      <tr class="event-row">
        <td><span class="badge log info-bg">Info</span></td>
        <td>15:37:36</td>
        <td>
          Hovering over the sub-menu: Bottoms
        </td>
      </tr>
      <tr class="event-row">
        <td><span class="badge log info-bg">Info</span></td>
        <td>15:37:36</td>
        <td>
          Clicking on the sub-sub-menu: Shorts
        </td>
      </tr>
      <tr class="event-row">
        <td><span class="badge log info-bg">Info</span></td>
        <td>15:37:38</td>
        <td>
          Verifying the URL after navigation.
        </td>
      </tr>
      <tr class="event-row">
        <td><span class="badge log info-bg">Info</span></td>
        <td>15:37:38</td>
        <td>
          Test case TC12: completed successfully.
        </td>
      </tr>
      <tr class="event-row">
        <td><span class="badge log pass-bg">Pass</span></td>
        <td>15:37:38</td>
        <td>
          Test passed
        </td>
      </tr>
      <tr class="event-row">
        <td><span class="badge log info-bg">Info</span></td>
        <td>15:37:38</td>
        <td>
          Driver closed after test.
        </td>
      </tr>
      <tr class="event-row">
        <td><span class="badge log info-bg">Info</span></td>
        <td>15:37:40</td>
        <td>
          Driver initialized for test setup.
        </td>
      </tr>
      <tr class="event-row">
        <td><span class="badge log info-bg">Info</span></td>
        <td>15:37:40</td>
        <td>
          Navigating to the landing page.
        </td>
      </tr>
  </tbody>
</table>
</div>
          </div>
        </li>
        <li class="test-item"  status="pass" test-id="40"
          author=""
          tag="Regression_Suite chrome"
          device="">
          <div class="test-detail">
            <p class="name">testNavbarComponents</p>
            <p class="text-sm">
              <span>15:37:44</span> / <span>00:00:06:442</span>
              <span class="badge pass-bg log float-right">Pass</span>
            </p>
          </div>
          <div class="test-contents d-none">
<div class="detail-head">
<div class="p-v-10">
<div class="info">
<h5 class="test-status text-pass">testNavbarComponents</h5>
<span class='badge badge-success'>05.07.2025 15:37:44</span>
<span class='badge badge-danger'>05.07.2025 15:37:50</span>
<span class='badge badge-default'>00:00:06:442</span>
&middot; <span class='uri-anchor badge badge-default'>#test-id=40</span>
<span title='Skip to the next failed step' class='badge badge-danger pointer float-right ne ml-1'><i class="fa fa-fast-forward"></i></span>
<span title='Collapse all nodes' class='badge badge-default pointer float-right ct ml-1'><i class="fa fa-compress"></i></span>
<span title='Expand all nodes' class='badge badge-default pointer float-right et'><i class="fa fa-expand"></i></span>
</div>
<div class="m-t-15"><span class="badge badge-pill badge-default">Regression_Suite</span>
<span class="badge badge-pill badge-default">chrome</span></div>
<div class="m-t-10 m-l-5">Verify that all navbar component links function correctly</div>
</div>
</div><div class="detail-body mt-4">
<table class="table table-sm">
  <thead><tr><th class="status-col">Status</th><th class="timestamp-col">Timestamp</th><th class="details-col">Details</th></tr></thead>
  <tbody>
      <tr class="event-row">
        <td><span class="badge log info-bg">Info</span></td>
        <td>15:37:44</td>
        <td>
          <div class='row'>
 <div class='col-md-12'>
  <textarea readonly class='code-block'>Parameters: [utils.dataproviders.models.NavbarTestData@5c2c4a9f]</textarea>
 </div>
</div>

        </td>
      </tr>
      <tr class="event-row">
        <td><span class="badge log info-bg">Info</span></td>
        <td>15:37:44</td>
        <td>
          =========================Starting test case: TC13=========================
        </td>
      </tr>
      <tr class="event-row">
        <td><span class="badge log info-bg">Info</span></td>
        <td>15:37:46</td>
        <td>
          Hovering over the main menu: Gear
        </td>
      </tr>
      <tr class="event-row">
        <td><span class="badge log info-bg">Info</span></td>
        <td>15:37:46</td>
        <td>
          Hovering over the sub-menu: Bags
        </td>
      </tr>
      <tr class="event-row">
        <td><span class="badge log info-bg">Info</span></td>
        <td>15:37:47</td>
        <td>
          Clicking on the sub-menu: Bags
        </td>
      </tr>
      <tr class="event-row">
        <td><span class="badge log info-bg">Info</span></td>
        <td>15:37:49</td>
        <td>
          Verifying the URL after navigation.
        </td>
      </tr>
      <tr class="event-row">
        <td><span class="badge log info-bg">Info</span></td>
        <td>15:37:49</td>
        <td>
          Test case TC13: completed successfully.
        </td>
      </tr>
      <tr class="event-row">
        <td><span class="badge log pass-bg">Pass</span></td>
        <td>15:37:49</td>
        <td>
          Test passed
        </td>
      </tr>
      <tr class="event-row">
        <td><span class="badge log info-bg">Info</span></td>
        <td>15:37:49</td>
        <td>
          Driver closed after test.
        </td>
      </tr>
      <tr class="event-row">
        <td><span class="badge log info-bg">Info</span></td>
        <td>15:37:50</td>
        <td>
          Driver initialized for test setup.
        </td>
      </tr>
      <tr class="event-row">
        <td><span class="badge log info-bg">Info</span></td>
        <td>15:37:50</td>
        <td>
          Navigating to the landing page.
        </td>
      </tr>
  </tbody>
</table>
</div>
          </div>
        </li>
        <li class="test-item"  status="pass" test-id="41"
          author=""
          tag="Regression_Suite chrome"
          device="">
          <div class="test-detail">
            <p class="name">testNavbarComponents</p>
            <p class="text-sm">
              <span>15:37:57</span> / <span>00:00:05:378</span>
              <span class="badge pass-bg log float-right">Pass</span>
            </p>
          </div>
          <div class="test-contents d-none">
<div class="detail-head">
<div class="p-v-10">
<div class="info">
<h5 class="test-status text-pass">testNavbarComponents</h5>
<span class='badge badge-success'>05.07.2025 15:37:57</span>
<span class='badge badge-danger'>05.07.2025 15:38:02</span>
<span class='badge badge-default'>00:00:05:378</span>
&middot; <span class='uri-anchor badge badge-default'>#test-id=41</span>
<span title='Skip to the next failed step' class='badge badge-danger pointer float-right ne ml-1'><i class="fa fa-fast-forward"></i></span>
<span title='Collapse all nodes' class='badge badge-default pointer float-right ct ml-1'><i class="fa fa-compress"></i></span>
<span title='Expand all nodes' class='badge badge-default pointer float-right et'><i class="fa fa-expand"></i></span>
</div>
<div class="m-t-15"><span class="badge badge-pill badge-default">Regression_Suite</span>
<span class="badge badge-pill badge-default">chrome</span></div>
<div class="m-t-10 m-l-5">Verify that all navbar component links function correctly</div>
</div>
</div><div class="detail-body mt-4">
<table class="table table-sm">
  <thead><tr><th class="status-col">Status</th><th class="timestamp-col">Timestamp</th><th class="details-col">Details</th></tr></thead>
  <tbody>
      <tr class="event-row">
        <td><span class="badge log info-bg">Info</span></td>
        <td>15:37:57</td>
        <td>
          <div class='row'>
 <div class='col-md-12'>
  <textarea readonly class='code-block'>Parameters: [utils.dataproviders.models.NavbarTestData@6429460c]</textarea>
 </div>
</div>

        </td>
      </tr>
      <tr class="event-row">
        <td><span class="badge log info-bg">Info</span></td>
        <td>15:37:57</td>
        <td>
          =========================Starting test case: TC14=========================
        </td>
      </tr>
      <tr class="event-row">
        <td><span class="badge log info-bg">Info</span></td>
        <td>15:37:58</td>
        <td>
          Hovering over the main menu: Gear
        </td>
      </tr>
      <tr class="event-row">
        <td><span class="badge log info-bg">Info</span></td>
        <td>15:37:59</td>
        <td>
          Hovering over the sub-menu: Fitness Equipment
        </td>
      </tr>
      <tr class="event-row">
        <td><span class="badge log info-bg">Info</span></td>
        <td>15:37:59</td>
        <td>
          Clicking on the sub-menu: Fitness Equipment
        </td>
      </tr>
      <tr class="event-row">
        <td><span class="badge log info-bg">Info</span></td>
        <td>15:38:00</td>
        <td>
          Verifying the URL after navigation.
        </td>
      </tr>
      <tr class="event-row">
        <td><span class="badge log info-bg">Info</span></td>
        <td>15:38:00</td>
        <td>
          Test case TC14: completed successfully.
        </td>
      </tr>
      <tr class="event-row">
        <td><span class="badge log pass-bg">Pass</span></td>
        <td>15:38:00</td>
        <td>
          Test passed
        </td>
      </tr>
      <tr class="event-row">
        <td><span class="badge log info-bg">Info</span></td>
        <td>15:38:01</td>
        <td>
          Driver closed after test.
        </td>
      </tr>
      <tr class="event-row">
        <td><span class="badge log info-bg">Info</span></td>
        <td>15:38:02</td>
        <td>
          Driver initialized for test setup.
        </td>
      </tr>
      <tr class="event-row">
        <td><span class="badge log info-bg">Info</span></td>
        <td>15:38:02</td>
        <td>
          Navigating to the landing page.
        </td>
      </tr>
  </tbody>
</table>
</div>
          </div>
        </li>
        <li class="test-item"  status="pass" test-id="42"
          author=""
          tag="Regression_Suite chrome"
          device="">
          <div class="test-detail">
            <p class="name">testNavbarComponents</p>
            <p class="text-sm">
              <span>15:38:08</span> / <span>00:00:05:372</span>
              <span class="badge pass-bg log float-right">Pass</span>
            </p>
          </div>
          <div class="test-contents d-none">
<div class="detail-head">
<div class="p-v-10">
<div class="info">
<h5 class="test-status text-pass">testNavbarComponents</h5>
<span class='badge badge-success'>05.07.2025 15:38:08</span>
<span class='badge badge-danger'>05.07.2025 15:38:13</span>
<span class='badge badge-default'>00:00:05:372</span>
&middot; <span class='uri-anchor badge badge-default'>#test-id=42</span>
<span title='Skip to the next failed step' class='badge badge-danger pointer float-right ne ml-1'><i class="fa fa-fast-forward"></i></span>
<span title='Collapse all nodes' class='badge badge-default pointer float-right ct ml-1'><i class="fa fa-compress"></i></span>
<span title='Expand all nodes' class='badge badge-default pointer float-right et'><i class="fa fa-expand"></i></span>
</div>
<div class="m-t-15"><span class="badge badge-pill badge-default">Regression_Suite</span>
<span class="badge badge-pill badge-default">chrome</span></div>
<div class="m-t-10 m-l-5">Verify that all navbar component links function correctly</div>
</div>
</div><div class="detail-body mt-4">
<table class="table table-sm">
  <thead><tr><th class="status-col">Status</th><th class="timestamp-col">Timestamp</th><th class="details-col">Details</th></tr></thead>
  <tbody>
      <tr class="event-row">
        <td><span class="badge log info-bg">Info</span></td>
        <td>15:38:08</td>
        <td>
          <div class='row'>
 <div class='col-md-12'>
  <textarea readonly class='code-block'>Parameters: [utils.dataproviders.models.NavbarTestData@11034d0f]</textarea>
 </div>
</div>

        </td>
      </tr>
      <tr class="event-row">
        <td><span class="badge log info-bg">Info</span></td>
        <td>15:38:08</td>
        <td>
          =========================Starting test case: TC15=========================
        </td>
      </tr>
      <tr class="event-row">
        <td><span class="badge log info-bg">Info</span></td>
        <td>15:38:09</td>
        <td>
          Hovering over the main menu: Gear
        </td>
      </tr>
      <tr class="event-row">
        <td><span class="badge log info-bg">Info</span></td>
        <td>15:38:10</td>
        <td>
          Hovering over the sub-menu: Watches
        </td>
      </tr>
      <tr class="event-row">
        <td><span class="badge log info-bg">Info</span></td>
        <td>15:38:10</td>
        <td>
          Clicking on the sub-menu: Watches
        </td>
      </tr>
      <tr class="event-row">
        <td><span class="badge log info-bg">Info</span></td>
        <td>15:38:12</td>
        <td>
          Verifying the URL after navigation.
        </td>
      </tr>
      <tr class="event-row">
        <td><span class="badge log info-bg">Info</span></td>
        <td>15:38:12</td>
        <td>
          Test case TC15: completed successfully.
        </td>
      </tr>
      <tr class="event-row">
        <td><span class="badge log pass-bg">Pass</span></td>
        <td>15:38:12</td>
        <td>
          Test passed
        </td>
      </tr>
      <tr class="event-row">
        <td><span class="badge log info-bg">Info</span></td>
        <td>15:38:12</td>
        <td>
          Driver closed after test.
        </td>
      </tr>
      <tr class="event-row">
        <td><span class="badge log info-bg">Info</span></td>
        <td>15:38:13</td>
        <td>
          Driver initialized for test setup.
        </td>
      </tr>
      <tr class="event-row">
        <td><span class="badge log info-bg">Info</span></td>
        <td>15:38:13</td>
        <td>
          Navigating to the landing page.
        </td>
      </tr>
  </tbody>
</table>
</div>
          </div>
        </li>
        <li class="test-item"  status="pass" test-id="43"
          author=""
          tag="Regression_Suite chrome"
          device="">
          <div class="test-detail">
            <p class="name">testNavbarComponents</p>
            <p class="text-sm">
              <span>15:38:16</span> / <span>00:00:06:024</span>
              <span class="badge pass-bg log float-right">Pass</span>
            </p>
          </div>
          <div class="test-contents d-none">
<div class="detail-head">
<div class="p-v-10">
<div class="info">
<h5 class="test-status text-pass">testNavbarComponents</h5>
<span class='badge badge-success'>05.07.2025 15:38:16</span>
<span class='badge badge-danger'>05.07.2025 15:38:22</span>
<span class='badge badge-default'>00:00:06:024</span>
&middot; <span class='uri-anchor badge badge-default'>#test-id=43</span>
<span title='Skip to the next failed step' class='badge badge-danger pointer float-right ne ml-1'><i class="fa fa-fast-forward"></i></span>
<span title='Collapse all nodes' class='badge badge-default pointer float-right ct ml-1'><i class="fa fa-compress"></i></span>
<span title='Expand all nodes' class='badge badge-default pointer float-right et'><i class="fa fa-expand"></i></span>
</div>
<div class="m-t-15"><span class="badge badge-pill badge-default">Regression_Suite</span>
<span class="badge badge-pill badge-default">chrome</span></div>
<div class="m-t-10 m-l-5">Verify that all navbar component links function correctly</div>
</div>
</div><div class="detail-body mt-4">
<table class="table table-sm">
  <thead><tr><th class="status-col">Status</th><th class="timestamp-col">Timestamp</th><th class="details-col">Details</th></tr></thead>
  <tbody>
      <tr class="event-row">
        <td><span class="badge log info-bg">Info</span></td>
        <td>15:38:16</td>
        <td>
          <div class='row'>
 <div class='col-md-12'>
  <textarea readonly class='code-block'>Parameters: [utils.dataproviders.models.NavbarTestData@6dc3f3f1]</textarea>
 </div>
</div>

        </td>
      </tr>
      <tr class="event-row">
        <td><span class="badge log info-bg">Info</span></td>
        <td>15:38:16</td>
        <td>
          =========================Starting test case: TC16=========================
        </td>
      </tr>
      <tr class="event-row">
        <td><span class="badge log info-bg">Info</span></td>
        <td>15:38:19</td>
        <td>
          Hovering over the main menu: Training
        </td>
      </tr>
      <tr class="event-row">
        <td><span class="badge log info-bg">Info</span></td>
        <td>15:38:20</td>
        <td>
          Hovering over the sub-menu: Video Download
        </td>
      </tr>
      <tr class="event-row">
        <td><span class="badge log info-bg">Info</span></td>
        <td>15:38:20</td>
        <td>
          Clicking on the sub-menu: Video Download
        </td>
      </tr>
      <tr class="event-row">
        <td><span class="badge log info-bg">Info</span></td>
        <td>15:38:21</td>
        <td>
          Verifying the URL after navigation.
        </td>
      </tr>
      <tr class="event-row">
        <td><span class="badge log info-bg">Info</span></td>
        <td>15:38:21</td>
        <td>
          Test case TC16: completed successfully.
        </td>
      </tr>
      <tr class="event-row">
        <td><span class="badge log pass-bg">Pass</span></td>
        <td>15:38:21</td>
        <td>
          Test passed
        </td>
      </tr>
      <tr class="event-row">
        <td><span class="badge log info-bg">Info</span></td>
        <td>15:38:21</td>
        <td>
          Driver closed after test.
        </td>
      </tr>
      <tr class="event-row">
        <td><span class="badge log info-bg">Info</span></td>
        <td>15:38:22</td>
        <td>
          Driver initialized for test setup.
        </td>
      </tr>
      <tr class="event-row">
        <td><span class="badge log info-bg">Info</span></td>
        <td>15:38:22</td>
        <td>
          Navigating to the landing page.
        </td>
      </tr>
  </tbody>
</table>
</div>
          </div>
        </li>
        <li class="test-item"  status="pass" test-id="44"
          author=""
          tag="Regression_Suite chrome"
          device="">
          <div class="test-detail">
            <p class="name">testNavbarComponents</p>
            <p class="text-sm">
              <span>15:38:25</span> / <span>00:00:05:186</span>
              <span class="badge pass-bg log float-right">Pass</span>
            </p>
          </div>
          <div class="test-contents d-none">
<div class="detail-head">
<div class="p-v-10">
<div class="info">
<h5 class="test-status text-pass">testNavbarComponents</h5>
<span class='badge badge-success'>05.07.2025 15:38:25</span>
<span class='badge badge-danger'>05.07.2025 15:38:30</span>
<span class='badge badge-default'>00:00:05:186</span>
&middot; <span class='uri-anchor badge badge-default'>#test-id=44</span>
<span title='Skip to the next failed step' class='badge badge-danger pointer float-right ne ml-1'><i class="fa fa-fast-forward"></i></span>
<span title='Collapse all nodes' class='badge badge-default pointer float-right ct ml-1'><i class="fa fa-compress"></i></span>
<span title='Expand all nodes' class='badge badge-default pointer float-right et'><i class="fa fa-expand"></i></span>
</div>
<div class="m-t-15"><span class="badge badge-pill badge-default">Regression_Suite</span>
<span class="badge badge-pill badge-default">chrome</span></div>
<div class="m-t-10 m-l-5">Verify that all navbar component links function correctly</div>
</div>
</div><div class="detail-body mt-4">
<table class="table table-sm">
  <thead><tr><th class="status-col">Status</th><th class="timestamp-col">Timestamp</th><th class="details-col">Details</th></tr></thead>
  <tbody>
      <tr class="event-row">
        <td><span class="badge log info-bg">Info</span></td>
        <td>15:38:25</td>
        <td>
          <div class='row'>
 <div class='col-md-12'>
  <textarea readonly class='code-block'>Parameters: [utils.dataproviders.models.NavbarTestData@7d168a66]</textarea>
 </div>
</div>

        </td>
      </tr>
      <tr class="event-row">
        <td><span class="badge log info-bg">Info</span></td>
        <td>15:38:25</td>
        <td>
          =========================Starting test case: TC17=========================
        </td>
      </tr>
      <tr class="event-row">
        <td><span class="badge log info-bg">Info</span></td>
        <td>15:38:27</td>
        <td>
          Hovering over the main menu: What's New
        </td>
      </tr>
      <tr class="event-row">
        <td><span class="badge log info-bg">Info</span></td>
        <td>15:38:27</td>
        <td>
          Clicking on main menu item without submenu
        </td>
      </tr>
      <tr class="event-row">
        <td><span class="badge log info-bg">Info</span></td>
        <td>15:38:28</td>
        <td>
          Verifying the URL after navigation.
        </td>
      </tr>
      <tr class="event-row">
        <td><span class="badge log info-bg">Info</span></td>
        <td>15:38:28</td>
        <td>
          Test case TC17: completed successfully.
        </td>
      </tr>
      <tr class="event-row">
        <td><span class="badge log pass-bg">Pass</span></td>
        <td>15:38:28</td>
        <td>
          Test passed
        </td>
      </tr>
      <tr class="event-row">
        <td><span class="badge log info-bg">Info</span></td>
        <td>15:38:29</td>
        <td>
          Driver closed after test.
        </td>
      </tr>
      <tr class="event-row">
        <td><span class="badge log info-bg">Info</span></td>
        <td>15:38:30</td>
        <td>
          Driver initialized for test setup.
        </td>
      </tr>
      <tr class="event-row">
        <td><span class="badge log info-bg">Info</span></td>
        <td>15:38:30</td>
        <td>
          Navigating to the landing page.
        </td>
      </tr>
  </tbody>
</table>
</div>
          </div>
        </li>
        <li class="test-item"  status="pass" test-id="45"
          author=""
          tag="Regression_Suite chrome"
          device="">
          <div class="test-detail">
            <p class="name">testNavbarComponents</p>
            <p class="text-sm">
              <span>15:38:33</span> / <span>00:00:06:750</span>
              <span class="badge pass-bg log float-right">Pass</span>
            </p>
          </div>
          <div class="test-contents d-none">
<div class="detail-head">
<div class="p-v-10">
<div class="info">
<h5 class="test-status text-pass">testNavbarComponents</h5>
<span class='badge badge-success'>05.07.2025 15:38:33</span>
<span class='badge badge-danger'>05.07.2025 15:38:40</span>
<span class='badge badge-default'>00:00:06:750</span>
&middot; <span class='uri-anchor badge badge-default'>#test-id=45</span>
<span title='Skip to the next failed step' class='badge badge-danger pointer float-right ne ml-1'><i class="fa fa-fast-forward"></i></span>
<span title='Collapse all nodes' class='badge badge-default pointer float-right ct ml-1'><i class="fa fa-compress"></i></span>
<span title='Expand all nodes' class='badge badge-default pointer float-right et'><i class="fa fa-expand"></i></span>
</div>
<div class="m-t-15"><span class="badge badge-pill badge-default">Regression_Suite</span>
<span class="badge badge-pill badge-default">chrome</span></div>
<div class="m-t-10 m-l-5">Verify that all navbar component links function correctly</div>
</div>
</div><div class="detail-body mt-4">
<table class="table table-sm">
  <thead><tr><th class="status-col">Status</th><th class="timestamp-col">Timestamp</th><th class="details-col">Details</th></tr></thead>
  <tbody>
      <tr class="event-row">
        <td><span class="badge log info-bg">Info</span></td>
        <td>15:38:33</td>
        <td>
          <div class='row'>
 <div class='col-md-12'>
  <textarea readonly class='code-block'>Parameters: [utils.dataproviders.models.NavbarTestData@126e5849]</textarea>
 </div>
</div>

        </td>
      </tr>
      <tr class="event-row">
        <td><span class="badge log info-bg">Info</span></td>
        <td>15:38:33</td>
        <td>
          =========================Starting test case: TC18=========================
        </td>
      </tr>
      <tr class="event-row">
        <td><span class="badge log info-bg">Info</span></td>
        <td>15:38:36</td>
        <td>
          Hovering over the main menu: Sale
        </td>
      </tr>
      <tr class="event-row">
        <td><span class="badge log info-bg">Info</span></td>
        <td>15:38:36</td>
        <td>
          Clicking on main menu item without submenu
        </td>
      </tr>
      <tr class="event-row">
        <td><span class="badge log info-bg">Info</span></td>
        <td>15:38:38</td>
        <td>
          Verifying the URL after navigation.
        </td>
      </tr>
      <tr class="event-row">
        <td><span class="badge log info-bg">Info</span></td>
        <td>15:38:38</td>
        <td>
          Test case TC18: completed successfully.
        </td>
      </tr>
      <tr class="event-row">
        <td><span class="badge log pass-bg">Pass</span></td>
        <td>15:38:38</td>
        <td>
          Test passed
        </td>
      </tr>
      <tr class="event-row">
        <td><span class="badge log info-bg">Info</span></td>
        <td>15:38:38</td>
        <td>
          Driver closed after test.
        </td>
      </tr>
      <tr class="event-row">
        <td><span class="badge log info-bg">Info</span></td>
        <td>15:38:40</td>
        <td>
          Driver initialized for test setup.
        </td>
      </tr>
      <tr class="event-row">
        <td><span class="badge log info-bg">Info</span></td>
        <td>15:38:40</td>
        <td>
          Navigating to the landing page.
        </td>
      </tr>
  </tbody>
</table>
</div>
          </div>
        </li>
        <li class="test-item"  status="pass" test-id="46"
          author=""
          tag="Regression_Suite chrome"
          device="">
          <div class="test-detail">
            <p class="name">testLogoIsDisplayed</p>
            <p class="text-sm">
              <span>15:38:44</span> / <span>00:00:01:575</span>
              <span class="badge pass-bg log float-right">Pass</span>
            </p>
          </div>
          <div class="test-contents d-none">
<div class="detail-head">
<div class="p-v-10">
<div class="info">
<h5 class="test-status text-pass">testLogoIsDisplayed</h5>
<span class='badge badge-success'>05.07.2025 15:38:44</span>
<span class='badge badge-danger'>05.07.2025 15:38:45</span>
<span class='badge badge-default'>00:00:01:575</span>
&middot; <span class='uri-anchor badge badge-default'>#test-id=46</span>
<span title='Skip to the next failed step' class='badge badge-danger pointer float-right ne ml-1'><i class="fa fa-fast-forward"></i></span>
<span title='Collapse all nodes' class='badge badge-default pointer float-right ct ml-1'><i class="fa fa-compress"></i></span>
<span title='Expand all nodes' class='badge badge-default pointer float-right et'><i class="fa fa-expand"></i></span>
</div>
<div class="m-t-15"><span class="badge badge-pill badge-default">Regression_Suite</span>
<span class="badge badge-pill badge-default">chrome</span></div>
<div class="m-t-10 m-l-5">Verify that the logo is displayed on the landing page</div>
</div>
</div><div class="detail-body mt-4">
<table class="table table-sm">
  <thead><tr><th class="status-col">Status</th><th class="timestamp-col">Timestamp</th><th class="details-col">Details</th></tr></thead>
  <tbody>
      <tr class="event-row">
        <td><span class="badge log info-bg">Info</span></td>
        <td>15:38:44</td>
        <td>
          Verifying that the logo is displayed.
        </td>
      </tr>
      <tr class="event-row">
        <td><span class="badge log info-bg">Info</span></td>
        <td>15:38:44</td>
        <td>
          Logo is displayed successfully.
        </td>
      </tr>
      <tr class="event-row">
        <td><span class="badge log pass-bg">Pass</span></td>
        <td>15:38:44</td>
        <td>
          Test passed
        </td>
      </tr>
      <tr class="event-row">
        <td><span class="badge log info-bg">Info</span></td>
        <td>15:38:44</td>
        <td>
          Driver closed after test.
        </td>
      </tr>
      <tr class="event-row">
        <td><span class="badge log info-bg">Info</span></td>
        <td>15:38:45</td>
        <td>
          Driver initialized for test setup.
        </td>
      </tr>
      <tr class="event-row">
        <td><span class="badge log info-bg">Info</span></td>
        <td>15:38:45</td>
        <td>
          Navigating to the landing page.
        </td>
      </tr>
  </tbody>
</table>
</div>
          </div>
        </li>
        <li class="test-item"  status="pass" test-id="47"
          author=""
          tag="Regression_Suite chrome"
          device="">
          <div class="test-detail">
            <p class="name">testSignInLinkNavigation</p>
            <p class="text-sm">
              <span>15:38:52</span> / <span>00:00:02:859</span>
              <span class="badge pass-bg log float-right">Pass</span>
            </p>
          </div>
          <div class="test-contents d-none">
<div class="detail-head">
<div class="p-v-10">
<div class="info">
<h5 class="test-status text-pass">testSignInLinkNavigation</h5>
<span class='badge badge-success'>05.07.2025 15:38:52</span>
<span class='badge badge-danger'>05.07.2025 15:38:55</span>
<span class='badge badge-default'>00:00:02:859</span>
&middot; <span class='uri-anchor badge badge-default'>#test-id=47</span>
<span title='Skip to the next failed step' class='badge badge-danger pointer float-right ne ml-1'><i class="fa fa-fast-forward"></i></span>
<span title='Collapse all nodes' class='badge badge-default pointer float-right ct ml-1'><i class="fa fa-compress"></i></span>
<span title='Expand all nodes' class='badge badge-default pointer float-right et'><i class="fa fa-expand"></i></span>
</div>
<div class="m-t-15"><span class="badge badge-pill badge-default">Regression_Suite</span>
<span class="badge badge-pill badge-default">chrome</span></div>
<div class="m-t-10 m-l-5">Verify that clicking the Sign In link navigates to the login page</div>
</div>
</div><div class="detail-body mt-4">
<table class="table table-sm">
  <thead><tr><th class="status-col">Status</th><th class="timestamp-col">Timestamp</th><th class="details-col">Details</th></tr></thead>
  <tbody>
      <tr class="event-row">
        <td><span class="badge log info-bg">Info</span></td>
        <td>15:38:52</td>
        <td>
          Clicking the Sign In link.
        </td>
      </tr>
      <tr class="event-row">
        <td><span class="badge log info-bg">Info</span></td>
        <td>15:38:53</td>
        <td>
          Verifying that the Sign In page is displayed.
        </td>
      </tr>
      <tr class="event-row">
        <td><span class="badge log info-bg">Info</span></td>
        <td>15:38:53</td>
        <td>
          Sign In page is displayed successfully.
        </td>
      </tr>
      <tr class="event-row">
        <td><span class="badge log pass-bg">Pass</span></td>
        <td>15:38:53</td>
        <td>
          Test passed
        </td>
      </tr>
      <tr class="event-row">
        <td><span class="badge log info-bg">Info</span></td>
        <td>15:38:54</td>
        <td>
          Driver closed after test.
        </td>
      </tr>
      <tr class="event-row">
        <td><span class="badge log info-bg">Info</span></td>
        <td>15:38:55</td>
        <td>
          Driver initialized for test setup.
        </td>
      </tr>
      <tr class="event-row">
        <td><span class="badge log info-bg">Info</span></td>
        <td>15:38:55</td>
        <td>
          Navigating to the landing page.
        </td>
      </tr>
  </tbody>
</table>
</div>
          </div>
        </li>
        <li class="test-item"  status="pass" test-id="48"
          author=""
          tag="Regression_Suite chrome"
          device="">
          <div class="test-detail">
            <p class="name">testCreateAccountLinkNavigation</p>
            <p class="text-sm">
              <span>15:38:57</span> / <span>00:00:04:068</span>
              <span class="badge pass-bg log float-right">Pass</span>
            </p>
          </div>
          <div class="test-contents d-none">
<div class="detail-head">
<div class="p-v-10">
<div class="info">
<h5 class="test-status text-pass">testCreateAccountLinkNavigation</h5>
<span class='badge badge-success'>05.07.2025 15:38:57</span>
<span class='badge badge-danger'>05.07.2025 15:39:02</span>
<span class='badge badge-default'>00:00:04:068</span>
&middot; <span class='uri-anchor badge badge-default'>#test-id=48</span>
<span title='Skip to the next failed step' class='badge badge-danger pointer float-right ne ml-1'><i class="fa fa-fast-forward"></i></span>
<span title='Collapse all nodes' class='badge badge-default pointer float-right ct ml-1'><i class="fa fa-compress"></i></span>
<span title='Expand all nodes' class='badge badge-default pointer float-right et'><i class="fa fa-expand"></i></span>
</div>
<div class="m-t-15"><span class="badge badge-pill badge-default">Regression_Suite</span>
<span class="badge badge-pill badge-default">chrome</span></div>
<div class="m-t-10 m-l-5">Verify that clicking the Create Account link navigates to the account creation page</div>
</div>
</div><div class="detail-body mt-4">
<table class="table table-sm">
  <thead><tr><th class="status-col">Status</th><th class="timestamp-col">Timestamp</th><th class="details-col">Details</th></tr></thead>
  <tbody>
      <tr class="event-row">
        <td><span class="badge log info-bg">Info</span></td>
        <td>15:38:57</td>
        <td>
          Clicking the Create Account link.
        </td>
      </tr>
      <tr class="event-row">
        <td><span class="badge log info-bg">Info</span></td>
        <td>15:39:00</td>
        <td>
          Verifying that the Create Account page is displayed.
        </td>
      </tr>
      <tr class="event-row">
        <td><span class="badge log info-bg">Info</span></td>
        <td>15:39:00</td>
        <td>
          Create Account page is displayed successfully.
        </td>
      </tr>
      <tr class="event-row">
        <td><span class="badge log pass-bg">Pass</span></td>
        <td>15:39:00</td>
        <td>
          Test passed
        </td>
      </tr>
      <tr class="event-row">
        <td><span class="badge log info-bg">Info</span></td>
        <td>15:39:00</td>
        <td>
          Driver closed after test.
        </td>
      </tr>
      <tr class="event-row">
        <td><span class="badge log info-bg">Info</span></td>
        <td>15:39:02</td>
        <td>
          Driver initialized for test setup.
        </td>
      </tr>
      <tr class="event-row">
        <td><span class="badge log info-bg">Info</span></td>
        <td>15:39:02</td>
        <td>
          Navigating to the landing page.
        </td>
      </tr>
  </tbody>
</table>
</div>
          </div>
        </li>
        <li class="test-item"  status="pass" test-id="49"
          author=""
          tag="Regression_Suite chrome"
          device="">
          <div class="test-detail">
            <p class="name">testSearchFunctionality</p>
            <p class="text-sm">
              <span>15:39:04</span> / <span>00:00:04:098</span>
              <span class="badge pass-bg log float-right">Pass</span>
            </p>
          </div>
          <div class="test-contents d-none">
<div class="detail-head">
<div class="p-v-10">
<div class="info">
<h5 class="test-status text-pass">testSearchFunctionality</h5>
<span class='badge badge-success'>05.07.2025 15:39:04</span>
<span class='badge badge-danger'>05.07.2025 15:39:08</span>
<span class='badge badge-default'>00:00:04:098</span>
&middot; <span class='uri-anchor badge badge-default'>#test-id=49</span>
<span title='Skip to the next failed step' class='badge badge-danger pointer float-right ne ml-1'><i class="fa fa-fast-forward"></i></span>
<span title='Collapse all nodes' class='badge badge-default pointer float-right ct ml-1'><i class="fa fa-compress"></i></span>
<span title='Expand all nodes' class='badge badge-default pointer float-right et'><i class="fa fa-expand"></i></span>
</div>
<div class="m-t-15"><span class="badge badge-pill badge-default">Regression_Suite</span>
<span class="badge badge-pill badge-default">chrome</span></div>
<div class="m-t-10 m-l-5">Verify that the search functionality works as expected</div>
</div>
</div><div class="detail-body mt-4">
<table class="table table-sm">
  <thead><tr><th class="status-col">Status</th><th class="timestamp-col">Timestamp</th><th class="details-col">Details</th></tr></thead>
  <tbody>
      <tr class="event-row">
        <td><span class="badge log info-bg">Info</span></td>
        <td>15:39:04</td>
        <td>
          <div class='row'>
 <div class='col-md-12'>
  <textarea readonly class='code-block'>Parameters: [utils.dataproviders.models.SearchTestData@520d2e1d]</textarea>
 </div>
</div>

        </td>
      </tr>
      <tr class="event-row">
        <td><span class="badge log info-bg">Info</span></td>
        <td>15:39:04</td>
        <td>
          =========================testSearchFunctionality()::Starting test case: TC0=========================
        </td>
      </tr>
      <tr class="event-row">
        <td><span class="badge log info-bg">Info</span></td>
        <td>15:39:04</td>
        <td>
          Searching for the product: hoodie
        </td>
      </tr>
      <tr class="event-row">
        <td><span class="badge log info-bg">Info</span></td>
        <td>15:39:07</td>
        <td>
          Verifying the search results.
        </td>
      </tr>
      <tr class="event-row">
        <td><span class="badge log info-bg">Info</span></td>
        <td>15:39:07</td>
        <td>
          Product is displayed in search results successfully.
        </td>
      </tr>
      <tr class="event-row">
        <td><span class="badge log info-bg">Info</span></td>
        <td>15:39:07</td>
        <td>
          testSearchFunctionality():: Test case TC0: completed successfully.
        </td>
      </tr>
      <tr class="event-row">
        <td><span class="badge log pass-bg">Pass</span></td>
        <td>15:39:07</td>
        <td>
          Test passed
        </td>
      </tr>
      <tr class="event-row">
        <td><span class="badge log info-bg">Info</span></td>
        <td>15:39:07</td>
        <td>
          Driver closed after test.
        </td>
      </tr>
      <tr class="event-row">
        <td><span class="badge log info-bg">Info</span></td>
        <td>15:39:08</td>
        <td>
          Driver initialized for test setup.
        </td>
      </tr>
      <tr class="event-row">
        <td><span class="badge log info-bg">Info</span></td>
        <td>15:39:08</td>
        <td>
          Navigating to the landing page.
        </td>
      </tr>
  </tbody>
</table>
</div>
          </div>
        </li>
        <li class="test-item"  status="pass" test-id="50"
          author=""
          tag="Regression_Suite chrome"
          device="">
          <div class="test-detail">
            <p class="name">testSearchFunctionality</p>
            <p class="text-sm">
              <span>15:39:11</span> / <span>00:00:01:560</span>
              <span class="badge pass-bg log float-right">Pass</span>
            </p>
          </div>
          <div class="test-contents d-none">
<div class="detail-head">
<div class="p-v-10">
<div class="info">
<h5 class="test-status text-pass">testSearchFunctionality</h5>
<span class='badge badge-success'>05.07.2025 15:39:11</span>
<span class='badge badge-danger'>05.07.2025 15:39:12</span>
<span class='badge badge-default'>00:00:01:560</span>
&middot; <span class='uri-anchor badge badge-default'>#test-id=50</span>
<span title='Skip to the next failed step' class='badge badge-danger pointer float-right ne ml-1'><i class="fa fa-fast-forward"></i></span>
<span title='Collapse all nodes' class='badge badge-default pointer float-right ct ml-1'><i class="fa fa-compress"></i></span>
<span title='Expand all nodes' class='badge badge-default pointer float-right et'><i class="fa fa-expand"></i></span>
</div>
<div class="m-t-15"><span class="badge badge-pill badge-default">Regression_Suite</span>
<span class="badge badge-pill badge-default">chrome</span></div>
<div class="m-t-10 m-l-5">Verify that the search functionality works as expected</div>
</div>
</div><div class="detail-body mt-4">
<table class="table table-sm">
  <thead><tr><th class="status-col">Status</th><th class="timestamp-col">Timestamp</th><th class="details-col">Details</th></tr></thead>
  <tbody>
      <tr class="event-row">
        <td><span class="badge log info-bg">Info</span></td>
        <td>15:39:11</td>
        <td>
          <div class='row'>
 <div class='col-md-12'>
  <textarea readonly class='code-block'>Parameters: [utils.dataproviders.models.SearchTestData@56c23edf]</textarea>
 </div>
</div>

        </td>
      </tr>
      <tr class="event-row">
        <td><span class="badge log info-bg">Info</span></td>
        <td>15:39:11</td>
        <td>
          =========================testSearchFunctionality()::Starting test case: TC1=========================
        </td>
      </tr>
      <tr class="event-row">
        <td><span class="badge log info-bg">Info</span></td>
        <td>15:39:11</td>
        <td>
          Searching for the product: fghsdfvg
        </td>
      </tr>
      <tr class="event-row">
        <td><span class="badge log info-bg">Info</span></td>
        <td>15:39:12</td>
        <td>
          Verifying the search results.
        </td>
      </tr>
      <tr class="event-row">
        <td><span class="badge log info-bg">Info</span></td>
        <td>15:39:12</td>
        <td>
          No results message is displayed successfully.
        </td>
      </tr>
      <tr class="event-row">
        <td><span class="badge log info-bg">Info</span></td>
        <td>15:39:12</td>
        <td>
          testSearchFunctionality():: Test case TC1: completed successfully.
        </td>
      </tr>
      <tr class="event-row">
        <td><span class="badge log pass-bg">Pass</span></td>
        <td>15:39:12</td>
        <td>
          Test passed
        </td>
      </tr>
      <tr class="event-row">
        <td><span class="badge log info-bg">Info</span></td>
        <td>15:39:12</td>
        <td>
          Driver closed after test.
        </td>
      </tr>
  </tbody>
</table>
</div>
          </div>
        </li>
      </ul>
    </div>
  </div>
<div class="test-content scrollable">
<div class="test-content-tools">
<ul><li><a class="back-to-test" href="#"><i class="fa fa-arrow-left"></i></a></li></ul>
</div>
<div class="test-content-detail"><div class="detail-body"></div></div>
</div></div>
<div class="test-wrapper row view exception-view attributes-view">
<div class="test-list">
<div class="test-list-tools">
<ul class="tools pull-left"><li><a href=""><span class="font-size-14">Exception</span></a></li></ul>
<ul class="tools text-right"><li><a href="#"><span class="badge badge-primary">3</span></a></li></ul>
</div>
<div class="test-list-wrapper scrollable">
<ul class="test-list-item">
<li class="test-item">
<div class="test-detail">
<span class="meta">
<span class='badge log badge-danger'>1</span>
</span>
<p class="name">org.openqa.selenium.NoSuchElementException</p>
<p class="duration text-sm">1 tests</p>
</div>
<div class="test-contents d-none">
<div class="info">
<h4>org.openqa.selenium.NoSuchElementException</h4>
<span status="fail" class='badge log badge-danger'>1 failed</span>
</div>
<table class='table table-sm mt-4'>
<thead>
<tr>
<th class="status-col">Status</th>
<th class="timestamp-col">Timestamp</th>
<th>TestName</th>
</tr>
</thead>
<tbody>
<tr class="tag-test-status" status="fail">
<td><span class="badge log fail-bg">Fail</span></td>
<td>15:33:48 pm</td>
<td>
<a href="#" class="linked" test-id='24' id='24'>testPaymentSummary</a>
</td>
</tr>
</tbody>
</table>
</div>
</li>
<li class="test-item">
<div class="test-detail">
<span class="meta">
<span class='badge log badge-danger'>1</span>
</span>
<p class="name">java.lang.RuntimeException</p>
<p class="duration text-sm">1 tests</p>
</div>
<div class="test-contents d-none">
<div class="info">
<h4>java.lang.RuntimeException</h4>
<span status="fail" class='badge log badge-danger'>1 failed</span>
</div>
<table class='table table-sm mt-4'>
<thead>
<tr>
<th class="status-col">Status</th>
<th class="timestamp-col">Timestamp</th>
<th>TestName</th>
</tr>
</thead>
<tbody>
<tr class="tag-test-status" status="fail">
<td><span class="badge log fail-bg">Fail</span></td>
<td>15:33:17 pm</td>
<td>
<a href="#" class="linked" test-id='18' id='18'>testCheckoutPageProceedToOverview</a>
</td>
</tr>
</tbody>
</table>
</div>
</li>
<li class="test-item">
<div class="test-detail">
<span class="meta">
<span class='badge log badge-danger'>1</span>
</span>
<p class="name">java.lang.AssertionError</p>
<p class="duration text-sm">1 tests</p>
</div>
<div class="test-contents d-none">
<div class="info">
<h4>java.lang.AssertionError</h4>
<span status="fail" class='badge log badge-danger'>1 failed</span>
</div>
<table class='table table-sm mt-4'>
<thead>
<tr>
<th class="status-col">Status</th>
<th class="timestamp-col">Timestamp</th>
<th>TestName</th>
</tr>
</thead>
<tbody>
<tr class="tag-test-status" status="fail">
<td><span class="badge log fail-bg">Fail</span></td>
<td>15:34:15 pm</td>
<td>
<a href="#" class="linked" test-id='25' id='25'>testRemoveProductFromCart</a>
</td>
</tr>
</tbody>
</table>
</div>
</li>
</ul>
</div>
</div>
<div class="test-content scrollable">
<div class="test-content-detail">
<div class="detail-body"></div>
</div>
</div>
</div><div class="test-wrapper row view category-view attributes-view">
<div class="test-list">
<div class="test-list-tools">
<ul class="tools pull-left"><li><a href=""><span class="font-size-14">Category</span></a></li></ul>
<ul class="tools text-right"><li><a href="#"><span class="badge badge-primary">2</span></a></li></ul>
</div>
<div class="test-list-wrapper scrollable">
<ul class="test-list-item">
<li class="test-item">
<div class="test-detail">
<span class="meta">
<span class='badge log pass-bg'>45</span>
<span class='badge log badge-danger'>3</span>
<span class='badge log badge-skip'>2</span>
</span>
<p class="name">Regression_Suite</p>
<p class="duration text-sm">50 tests</p>
</div>
<div class="test-contents d-none">
<div class="info">
<h4>Regression_Suite</h4>
<span status="pass" class='badge log pass-bg'>45 passed</span>
<span status="fail" class='badge log badge-danger'>3 failed</span>
<span status="skip" class='badge log badge-skip'>2 skipped</span>
</div>
<table class='table table-sm mt-4'>
<thead>
<tr>
<th class="status-col">Status</th>
<th class="timestamp-col">Timestamp</th>
<th>TestName</th>
</tr>
</thead>
<tbody>
<tr class="tag-test-status" status="pass">
<td><span class="badge log pass-bg">Pass</span></td>
<td>15:30:25 pm</td>
<td>
<a href="#" class="linked" test-id='1' id='1'>testCreateAccountPageDisplayed</a>
</td>
</tr>
<tr class="tag-test-status" status="pass">
<td><span class="badge log pass-bg">Pass</span></td>
<td>15:30:26 pm</td>
<td>
<a href="#" class="linked" test-id='2' id='2'>testNavbarComponents</a>
</td>
</tr>
<tr class="tag-test-status" status="pass">
<td><span class="badge log pass-bg">Pass</span></td>
<td>15:30:32 pm</td>
<td>
<a href="#" class="linked" test-id='3' id='3'>testLoginPageDisplayed</a>
</td>
</tr>
<tr class="tag-test-status" status="pass">
<td><span class="badge log pass-bg">Pass</span></td>
<td>15:30:43 pm</td>
<td>
<a href="#" class="linked" test-id='4' id='4'>testHomePageDisplayed</a>
</td>
</tr>
<tr class="tag-test-status" status="pass">
<td><span class="badge log pass-bg">Pass</span></td>
<td>15:31:05 pm</td>
<td>
<a href="#" class="linked" test-id='5' id='5'>testCreateAccountWithInvalidDetails</a>
</td>
</tr>
<tr class="tag-test-status" status="pass">
<td><span class="badge log pass-bg">Pass</span></td>
<td>15:31:10 pm</td>
<td>
<a href="#" class="linked" test-id='6' id='6'>testClickMenuItem</a>
</td>
</tr>
<tr class="tag-test-status" status="pass">
<td><span class="badge log pass-bg">Pass</span></td>
<td>15:31:15 pm</td>
<td>
<a href="#" class="linked" test-id='7' id='7'>testNavbarComponents</a>
</td>
</tr>
<tr class="tag-test-status" status="pass">
<td><span class="badge log pass-bg">Pass</span></td>
<td>15:31:29 pm</td>
<td>
<a href="#" class="linked" test-id='8' id='8'>testOrderCountDisplayed</a>
</td>
</tr>
<tr class="tag-test-status" status="pass">
<td><span class="badge log pass-bg">Pass</span></td>
<td>15:31:36 pm</td>
<td>
<a href="#" class="linked" test-id='9' id='9'>testAccountCreationLink</a>
</td>
</tr>
<tr class="tag-test-status" status="pass">
<td><span class="badge log pass-bg">Pass</span></td>
<td>15:31:43 pm</td>
<td>
<a href="#" class="linked" test-id='10' id='10'>testCheckoutPageDisplayed</a>
</td>
</tr>
<tr class="tag-test-status" status="pass">
<td><span class="badge log pass-bg">Pass</span></td>
<td>15:31:45 pm</td>
<td>
<a href="#" class="linked" test-id='11' id='11'>testCreateAccountWithInvalidDetails</a>
</td>
</tr>
<tr class="tag-test-status" status="pass">
<td><span class="badge log pass-bg">Pass</span></td>
<td>15:31:48 pm</td>
<td>
<a href="#" class="linked" test-id='12' id='12'>testLoginFunctionality</a>
</td>
</tr>
<tr class="tag-test-status" status="pass">
<td><span class="badge log pass-bg">Pass</span></td>
<td>15:32:15 pm</td>
<td>
<a href="#" class="linked" test-id='13' id='13'>testNavbarComponents</a>
</td>
</tr>
<tr class="tag-test-status" status="pass">
<td><span class="badge log pass-bg">Pass</span></td>
<td>15:32:26 pm</td>
<td>
<a href="#" class="linked" test-id='14' id='14'>testNavbarComponents</a>
</td>
</tr>
<tr class="tag-test-status" status="pass">
<td><span class="badge log pass-bg">Pass</span></td>
<td>15:32:32 pm</td>
<td>
<a href="#" class="linked" test-id='15' id='15'>testCreateAccountWithInvalidDetails</a>
</td>
</tr>
<tr class="tag-test-status" status="pass">
<td><span class="badge log pass-bg">Pass</span></td>
<td>15:32:35 pm</td>
<td>
<a href="#" class="linked" test-id='16' id='16'>testLoginFunctionality</a>
</td>
</tr>
<tr class="tag-test-status" status="pass">
<td><span class="badge log pass-bg">Pass</span></td>
<td>15:32:39 pm</td>
<td>
<a href="#" class="linked" test-id='17' id='17'>testLogout</a>
</td>
</tr>
<tr class="tag-test-status" status="fail">
<td><span class="badge log fail-bg">Fail</span></td>
<td>15:33:17 pm</td>
<td>
<a href="#" class="linked" test-id='18' id='18'>testCheckoutPageProceedToOverview</a>
</td>
</tr>
<tr class="tag-test-status" status="pass">
<td><span class="badge log pass-bg">Pass</span></td>
<td>15:33:20 pm</td>
<td>
<a href="#" class="linked" test-id='19' id='19'>testCreateAccountWithInvalidDetails</a>
</td>
</tr>
<tr class="tag-test-status" status="pass">
<td><span class="badge log pass-bg">Pass</span></td>
<td>15:33:22 pm</td>
<td>
<a href="#" class="linked" test-id='20' id='20'>testLoginFunctionality</a>
</td>
</tr>
<tr class="tag-test-status" status="pass">
<td><span class="badge log pass-bg">Pass</span></td>
<td>15:33:24 pm</td>
<td>
<a href="#" class="linked" test-id='21' id='21'>testNavbarComponents</a>
</td>
</tr>
<tr class="tag-test-status" status="pass">
<td><span class="badge log pass-bg">Pass</span></td>
<td>15:33:34 pm</td>
<td>
<a href="#" class="linked" test-id='22' id='22'>testCreateAccountWithInvalidDetails</a>
</td>
</tr>
<tr class="tag-test-status" status="pass">
<td><span class="badge log pass-bg">Pass</span></td>
<td>15:33:38 pm</td>
<td>
<a href="#" class="linked" test-id='23' id='23'>testNavbarComponents</a>
</td>
</tr>
<tr class="tag-test-status" status="fail">
<td><span class="badge log fail-bg">Fail</span></td>
<td>15:33:48 pm</td>
<td>
<a href="#" class="linked" test-id='24' id='24'>testPaymentSummary</a>
</td>
</tr>
<tr class="tag-test-status" status="fail">
<td><span class="badge log fail-bg">Fail</span></td>
<td>15:34:15 pm</td>
<td>
<a href="#" class="linked" test-id='25' id='25'>testRemoveProductFromCart</a>
</td>
</tr>
<tr class="tag-test-status" status="pass">
<td><span class="badge log pass-bg">Pass</span></td>
<td>15:34:21 pm</td>
<td>
<a href="#" class="linked" test-id='26' id='26'>testLoginFunctionality</a>
</td>
</tr>
<tr class="tag-test-status" status="pass">
<td><span class="badge log pass-bg">Pass</span></td>
<td>15:34:29 pm</td>
<td>
<a href="#" class="linked" test-id='27' id='27'>testLoginFunctionality</a>
</td>
</tr>
<tr class="tag-test-status" status="pass">
<td><span class="badge log pass-bg">Pass</span></td>
<td>15:34:44 pm</td>
<td>
<a href="#" class="linked" test-id='28' id='28'>testNavbarComponents</a>
</td>
</tr>
<tr class="tag-test-status" status="skip">
<td><span class="badge log skip-bg">Skip</span></td>
<td>15:34:51 pm</td>
<td>
<a href="#" class="linked" test-id='29' id='29'>testTotalAmount</a>
</td>
</tr>
<tr class="tag-test-status" status="skip">
<td><span class="badge log skip-bg">Skip</span></td>
<td>15:34:51 pm</td>
<td>
<a href="#" class="linked" test-id='30' id='30'>testCheckoutCompletion</a>
</td>
</tr>
<tr class="tag-test-status" status="pass">
<td><span class="badge log pass-bg">Pass</span></td>
<td>15:34:52 pm</td>
<td>
<a href="#" class="linked" test-id='31' id='31'>testNavbarComponents</a>
</td>
</tr>
<tr class="tag-test-status" status="pass">
<td><span class="badge log pass-bg">Pass</span></td>
<td>15:35:00 pm</td>
<td>
<a href="#" class="linked" test-id='32' id='32'>testCartContainsAddedProduct</a>
</td>
</tr>
<tr class="tag-test-status" status="pass">
<td><span class="badge log pass-bg">Pass</span></td>
<td>15:35:31 pm</td>
<td>
<a href="#" class="linked" test-id='33' id='33'>testNavbarComponents</a>
</td>
</tr>
<tr class="tag-test-status" status="pass">
<td><span class="badge log pass-bg">Pass</span></td>
<td>15:36:05 pm</td>
<td>
<a href="#" class="linked" test-id='34' id='34'>testCartItemCount</a>
</td>
</tr>
<tr class="tag-test-status" status="pass">
<td><span class="badge log pass-bg">Pass</span></td>
<td>15:36:06 pm</td>
<td>
<a href="#" class="linked" test-id='35' id='35'>testNavbarComponents</a>
</td>
</tr>
<tr class="tag-test-status" status="pass">
<td><span class="badge log pass-bg">Pass</span></td>
<td>15:36:42 pm</td>
<td>
<a href="#" class="linked" test-id='36' id='36'>testClearCart</a>
</td>
</tr>
<tr class="tag-test-status" status="pass">
<td><span class="badge log pass-bg">Pass</span></td>
<td>15:36:53 pm</td>
<td>
<a href="#" class="linked" test-id='37' id='37'>testNavbarComponents</a>
</td>
</tr>
<tr class="tag-test-status" status="pass">
<td><span class="badge log pass-bg">Pass</span></td>
<td>15:37:28 pm</td>
<td>
<a href="#" class="linked" test-id='38' id='38'>testProceedToCheckout</a>
</td>
</tr>
<tr class="tag-test-status" status="pass">
<td><span class="badge log pass-bg">Pass</span></td>
<td>15:37:34 pm</td>
<td>
<a href="#" class="linked" test-id='39' id='39'>testNavbarComponents</a>
</td>
</tr>
<tr class="tag-test-status" status="pass">
<td><span class="badge log pass-bg">Pass</span></td>
<td>15:37:44 pm</td>
<td>
<a href="#" class="linked" test-id='40' id='40'>testNavbarComponents</a>
</td>
</tr>
<tr class="tag-test-status" status="pass">
<td><span class="badge log pass-bg">Pass</span></td>
<td>15:37:57 pm</td>
<td>
<a href="#" class="linked" test-id='41' id='41'>testNavbarComponents</a>
</td>
</tr>
<tr class="tag-test-status" status="pass">
<td><span class="badge log pass-bg">Pass</span></td>
<td>15:38:08 pm</td>
<td>
<a href="#" class="linked" test-id='42' id='42'>testNavbarComponents</a>
</td>
</tr>
<tr class="tag-test-status" status="pass">
<td><span class="badge log pass-bg">Pass</span></td>
<td>15:38:16 pm</td>
<td>
<a href="#" class="linked" test-id='43' id='43'>testNavbarComponents</a>
</td>
</tr>
<tr class="tag-test-status" status="pass">
<td><span class="badge log pass-bg">Pass</span></td>
<td>15:38:25 pm</td>
<td>
<a href="#" class="linked" test-id='44' id='44'>testNavbarComponents</a>
</td>
</tr>
<tr class="tag-test-status" status="pass">
<td><span class="badge log pass-bg">Pass</span></td>
<td>15:38:33 pm</td>
<td>
<a href="#" class="linked" test-id='45' id='45'>testNavbarComponents</a>
</td>
</tr>
<tr class="tag-test-status" status="pass">
<td><span class="badge log pass-bg">Pass</span></td>
<td>15:38:44 pm</td>
<td>
<a href="#" class="linked" test-id='46' id='46'>testLogoIsDisplayed</a>
</td>
</tr>
<tr class="tag-test-status" status="pass">
<td><span class="badge log pass-bg">Pass</span></td>
<td>15:38:52 pm</td>
<td>
<a href="#" class="linked" test-id='47' id='47'>testSignInLinkNavigation</a>
</td>
</tr>
<tr class="tag-test-status" status="pass">
<td><span class="badge log pass-bg">Pass</span></td>
<td>15:38:57 pm</td>
<td>
<a href="#" class="linked" test-id='48' id='48'>testCreateAccountLinkNavigation</a>
</td>
</tr>
<tr class="tag-test-status" status="pass">
<td><span class="badge log pass-bg">Pass</span></td>
<td>15:39:04 pm</td>
<td>
<a href="#" class="linked" test-id='49' id='49'>testSearchFunctionality</a>
</td>
</tr>
<tr class="tag-test-status" status="pass">
<td><span class="badge log pass-bg">Pass</span></td>
<td>15:39:11 pm</td>
<td>
<a href="#" class="linked" test-id='50' id='50'>testSearchFunctionality</a>
</td>
</tr>
</tbody>
</table>
</div>
</li>
<li class="test-item">
<div class="test-detail">
<span class="meta">
<span class='badge log pass-bg'>45</span>
<span class='badge log badge-danger'>3</span>
<span class='badge log badge-skip'>2</span>
</span>
<p class="name">chrome</p>
<p class="duration text-sm">50 tests</p>
</div>
<div class="test-contents d-none">
<div class="info">
<h4>chrome</h4>
<span status="pass" class='badge log pass-bg'>45 passed</span>
<span status="fail" class='badge log badge-danger'>3 failed</span>
<span status="skip" class='badge log badge-skip'>2 skipped</span>
</div>
<table class='table table-sm mt-4'>
<thead>
<tr>
<th class="status-col">Status</th>
<th class="timestamp-col">Timestamp</th>
<th>TestName</th>
</tr>
</thead>
<tbody>
<tr class="tag-test-status" status="pass">
<td><span class="badge log pass-bg">Pass</span></td>
<td>15:30:25 pm</td>
<td>
<a href="#" class="linked" test-id='1' id='1'>testCreateAccountPageDisplayed</a>
</td>
</tr>
<tr class="tag-test-status" status="pass">
<td><span class="badge log pass-bg">Pass</span></td>
<td>15:30:26 pm</td>
<td>
<a href="#" class="linked" test-id='2' id='2'>testNavbarComponents</a>
</td>
</tr>
<tr class="tag-test-status" status="pass">
<td><span class="badge log pass-bg">Pass</span></td>
<td>15:30:32 pm</td>
<td>
<a href="#" class="linked" test-id='3' id='3'>testLoginPageDisplayed</a>
</td>
</tr>
<tr class="tag-test-status" status="pass">
<td><span class="badge log pass-bg">Pass</span></td>
<td>15:30:43 pm</td>
<td>
<a href="#" class="linked" test-id='4' id='4'>testHomePageDisplayed</a>
</td>
</tr>
<tr class="tag-test-status" status="pass">
<td><span class="badge log pass-bg">Pass</span></td>
<td>15:31:05 pm</td>
<td>
<a href="#" class="linked" test-id='5' id='5'>testCreateAccountWithInvalidDetails</a>
</td>
</tr>
<tr class="tag-test-status" status="pass">
<td><span class="badge log pass-bg">Pass</span></td>
<td>15:31:10 pm</td>
<td>
<a href="#" class="linked" test-id='6' id='6'>testClickMenuItem</a>
</td>
</tr>
<tr class="tag-test-status" status="pass">
<td><span class="badge log pass-bg">Pass</span></td>
<td>15:31:15 pm</td>
<td>
<a href="#" class="linked" test-id='7' id='7'>testNavbarComponents</a>
</td>
</tr>
<tr class="tag-test-status" status="pass">
<td><span class="badge log pass-bg">Pass</span></td>
<td>15:31:29 pm</td>
<td>
<a href="#" class="linked" test-id='8' id='8'>testOrderCountDisplayed</a>
</td>
</tr>
<tr class="tag-test-status" status="pass">
<td><span class="badge log pass-bg">Pass</span></td>
<td>15:31:36 pm</td>
<td>
<a href="#" class="linked" test-id='9' id='9'>testAccountCreationLink</a>
</td>
</tr>
<tr class="tag-test-status" status="pass">
<td><span class="badge log pass-bg">Pass</span></td>
<td>15:31:43 pm</td>
<td>
<a href="#" class="linked" test-id='10' id='10'>testCheckoutPageDisplayed</a>
</td>
</tr>
<tr class="tag-test-status" status="pass">
<td><span class="badge log pass-bg">Pass</span></td>
<td>15:31:45 pm</td>
<td>
<a href="#" class="linked" test-id='11' id='11'>testCreateAccountWithInvalidDetails</a>
</td>
</tr>
<tr class="tag-test-status" status="pass">
<td><span class="badge log pass-bg">Pass</span></td>
<td>15:31:48 pm</td>
<td>
<a href="#" class="linked" test-id='12' id='12'>testLoginFunctionality</a>
</td>
</tr>
<tr class="tag-test-status" status="pass">
<td><span class="badge log pass-bg">Pass</span></td>
<td>15:32:15 pm</td>
<td>
<a href="#" class="linked" test-id='13' id='13'>testNavbarComponents</a>
</td>
</tr>
<tr class="tag-test-status" status="pass">
<td><span class="badge log pass-bg">Pass</span></td>
<td>15:32:26 pm</td>
<td>
<a href="#" class="linked" test-id='14' id='14'>testNavbarComponents</a>
</td>
</tr>
<tr class="tag-test-status" status="pass">
<td><span class="badge log pass-bg">Pass</span></td>
<td>15:32:32 pm</td>
<td>
<a href="#" class="linked" test-id='15' id='15'>testCreateAccountWithInvalidDetails</a>
</td>
</tr>
<tr class="tag-test-status" status="pass">
<td><span class="badge log pass-bg">Pass</span></td>
<td>15:32:35 pm</td>
<td>
<a href="#" class="linked" test-id='16' id='16'>testLoginFunctionality</a>
</td>
</tr>
<tr class="tag-test-status" status="pass">
<td><span class="badge log pass-bg">Pass</span></td>
<td>15:32:39 pm</td>
<td>
<a href="#" class="linked" test-id='17' id='17'>testLogout</a>
</td>
</tr>
<tr class="tag-test-status" status="fail">
<td><span class="badge log fail-bg">Fail</span></td>
<td>15:33:17 pm</td>
<td>
<a href="#" class="linked" test-id='18' id='18'>testCheckoutPageProceedToOverview</a>
</td>
</tr>
<tr class="tag-test-status" status="pass">
<td><span class="badge log pass-bg">Pass</span></td>
<td>15:33:20 pm</td>
<td>
<a href="#" class="linked" test-id='19' id='19'>testCreateAccountWithInvalidDetails</a>
</td>
</tr>
<tr class="tag-test-status" status="pass">
<td><span class="badge log pass-bg">Pass</span></td>
<td>15:33:22 pm</td>
<td>
<a href="#" class="linked" test-id='20' id='20'>testLoginFunctionality</a>
</td>
</tr>
<tr class="tag-test-status" status="pass">
<td><span class="badge log pass-bg">Pass</span></td>
<td>15:33:24 pm</td>
<td>
<a href="#" class="linked" test-id='21' id='21'>testNavbarComponents</a>
</td>
</tr>
<tr class="tag-test-status" status="pass">
<td><span class="badge log pass-bg">Pass</span></td>
<td>15:33:34 pm</td>
<td>
<a href="#" class="linked" test-id='22' id='22'>testCreateAccountWithInvalidDetails</a>
</td>
</tr>
<tr class="tag-test-status" status="pass">
<td><span class="badge log pass-bg">Pass</span></td>
<td>15:33:38 pm</td>
<td>
<a href="#" class="linked" test-id='23' id='23'>testNavbarComponents</a>
</td>
</tr>
<tr class="tag-test-status" status="fail">
<td><span class="badge log fail-bg">Fail</span></td>
<td>15:33:48 pm</td>
<td>
<a href="#" class="linked" test-id='24' id='24'>testPaymentSummary</a>
</td>
</tr>
<tr class="tag-test-status" status="fail">
<td><span class="badge log fail-bg">Fail</span></td>
<td>15:34:15 pm</td>
<td>
<a href="#" class="linked" test-id='25' id='25'>testRemoveProductFromCart</a>
</td>
</tr>
<tr class="tag-test-status" status="pass">
<td><span class="badge log pass-bg">Pass</span></td>
<td>15:34:21 pm</td>
<td>
<a href="#" class="linked" test-id='26' id='26'>testLoginFunctionality</a>
</td>
</tr>
<tr class="tag-test-status" status="pass">
<td><span class="badge log pass-bg">Pass</span></td>
<td>15:34:29 pm</td>
<td>
<a href="#" class="linked" test-id='27' id='27'>testLoginFunctionality</a>
</td>
</tr>
<tr class="tag-test-status" status="pass">
<td><span class="badge log pass-bg">Pass</span></td>
<td>15:34:44 pm</td>
<td>
<a href="#" class="linked" test-id='28' id='28'>testNavbarComponents</a>
</td>
</tr>
<tr class="tag-test-status" status="skip">
<td><span class="badge log skip-bg">Skip</span></td>
<td>15:34:51 pm</td>
<td>
<a href="#" class="linked" test-id='29' id='29'>testTotalAmount</a>
</td>
</tr>
<tr class="tag-test-status" status="skip">
<td><span class="badge log skip-bg">Skip</span></td>
<td>15:34:51 pm</td>
<td>
<a href="#" class="linked" test-id='30' id='30'>testCheckoutCompletion</a>
</td>
</tr>
<tr class="tag-test-status" status="pass">
<td><span class="badge log pass-bg">Pass</span></td>
<td>15:34:52 pm</td>
<td>
<a href="#" class="linked" test-id='31' id='31'>testNavbarComponents</a>
</td>
</tr>
<tr class="tag-test-status" status="pass">
<td><span class="badge log pass-bg">Pass</span></td>
<td>15:35:00 pm</td>
<td>
<a href="#" class="linked" test-id='32' id='32'>testCartContainsAddedProduct</a>
</td>
</tr>
<tr class="tag-test-status" status="pass">
<td><span class="badge log pass-bg">Pass</span></td>
<td>15:35:31 pm</td>
<td>
<a href="#" class="linked" test-id='33' id='33'>testNavbarComponents</a>
</td>
</tr>
<tr class="tag-test-status" status="pass">
<td><span class="badge log pass-bg">Pass</span></td>
<td>15:36:05 pm</td>
<td>
<a href="#" class="linked" test-id='34' id='34'>testCartItemCount</a>
</td>
</tr>
<tr class="tag-test-status" status="pass">
<td><span class="badge log pass-bg">Pass</span></td>
<td>15:36:06 pm</td>
<td>
<a href="#" class="linked" test-id='35' id='35'>testNavbarComponents</a>
</td>
</tr>
<tr class="tag-test-status" status="pass">
<td><span class="badge log pass-bg">Pass</span></td>
<td>15:36:42 pm</td>
<td>
<a href="#" class="linked" test-id='36' id='36'>testClearCart</a>
</td>
</tr>
<tr class="tag-test-status" status="pass">
<td><span class="badge log pass-bg">Pass</span></td>
<td>15:36:53 pm</td>
<td>
<a href="#" class="linked" test-id='37' id='37'>testNavbarComponents</a>
</td>
</tr>
<tr class="tag-test-status" status="pass">
<td><span class="badge log pass-bg">Pass</span></td>
<td>15:37:28 pm</td>
<td>
<a href="#" class="linked" test-id='38' id='38'>testProceedToCheckout</a>
</td>
</tr>
<tr class="tag-test-status" status="pass">
<td><span class="badge log pass-bg">Pass</span></td>
<td>15:37:34 pm</td>
<td>
<a href="#" class="linked" test-id='39' id='39'>testNavbarComponents</a>
</td>
</tr>
<tr class="tag-test-status" status="pass">
<td><span class="badge log pass-bg">Pass</span></td>
<td>15:37:44 pm</td>
<td>
<a href="#" class="linked" test-id='40' id='40'>testNavbarComponents</a>
</td>
</tr>
<tr class="tag-test-status" status="pass">
<td><span class="badge log pass-bg">Pass</span></td>
<td>15:37:57 pm</td>
<td>
<a href="#" class="linked" test-id='41' id='41'>testNavbarComponents</a>
</td>
</tr>
<tr class="tag-test-status" status="pass">
<td><span class="badge log pass-bg">Pass</span></td>
<td>15:38:08 pm</td>
<td>
<a href="#" class="linked" test-id='42' id='42'>testNavbarComponents</a>
</td>
</tr>
<tr class="tag-test-status" status="pass">
<td><span class="badge log pass-bg">Pass</span></td>
<td>15:38:16 pm</td>
<td>
<a href="#" class="linked" test-id='43' id='43'>testNavbarComponents</a>
</td>
</tr>
<tr class="tag-test-status" status="pass">
<td><span class="badge log pass-bg">Pass</span></td>
<td>15:38:25 pm</td>
<td>
<a href="#" class="linked" test-id='44' id='44'>testNavbarComponents</a>
</td>
</tr>
<tr class="tag-test-status" status="pass">
<td><span class="badge log pass-bg">Pass</span></td>
<td>15:38:33 pm</td>
<td>
<a href="#" class="linked" test-id='45' id='45'>testNavbarComponents</a>
</td>
</tr>
<tr class="tag-test-status" status="pass">
<td><span class="badge log pass-bg">Pass</span></td>
<td>15:38:44 pm</td>
<td>
<a href="#" class="linked" test-id='46' id='46'>testLogoIsDisplayed</a>
</td>
</tr>
<tr class="tag-test-status" status="pass">
<td><span class="badge log pass-bg">Pass</span></td>
<td>15:38:52 pm</td>
<td>
<a href="#" class="linked" test-id='47' id='47'>testSignInLinkNavigation</a>
</td>
</tr>
<tr class="tag-test-status" status="pass">
<td><span class="badge log pass-bg">Pass</span></td>
<td>15:38:57 pm</td>
<td>
<a href="#" class="linked" test-id='48' id='48'>testCreateAccountLinkNavigation</a>
</td>
</tr>
<tr class="tag-test-status" status="pass">
<td><span class="badge log pass-bg">Pass</span></td>
<td>15:39:04 pm</td>
<td>
<a href="#" class="linked" test-id='49' id='49'>testSearchFunctionality</a>
</td>
</tr>
<tr class="tag-test-status" status="pass">
<td><span class="badge log pass-bg">Pass</span></td>
<td>15:39:11 pm</td>
<td>
<a href="#" class="linked" test-id='50' id='50'>testSearchFunctionality</a>
</td>
</tr>
</tbody>
</table>
</div>
</li>
</ul>
</div>
</div>
<div class="test-content scrollable">
<div class="test-content-detail">
<div class="detail-body"></div>
</div>
</div>
</div><div class="container-fluid p-4 view dashboard-view">
<div class="row">
<div class="col-md-3">
<div class="card"><div class="card-body">
<p class="m-b-0">Started</p>
<h3>May 7, 2025 03:29:16 pm</h3>
</div></div>
</div>
<div class="col-md-3">
<div class="card"><div class="card-body">
<p class="m-b-0">Ended</p>
<h3>May 7, 2025 03:39:12 pm</h3>
</div></div>
</div>
<div class="col-md-3">
<div class="card"><div class="card-body">
<p class="m-b-0 text-pass">Tests Passed</p>
<h3>45</h3>
</div></div>
</div>
<div class="col-md-3">
<div class="card"><div class="card-body">
<p class="m-b-0 text-fail">Tests Failed</p>
<h3>3</h3>
</div></div>
</div>
</div>
<div class="row">
<div class="col-md-6">
<div class="card">
<div class="card-header">
<h6 class="card-title">Tests</h6>
</div>
<div class="card-body">
<div class="">
<canvas id='parent-analysis' width='115' height='90'></canvas>
</div>
</div>
<div class="card-footer">
<div><small data-tooltip='90%'>
<b>45</b> tests passed
</small>
</div>
<div>
<small data-tooltip='6%'><b>3</b> tests failed,
<b>2</b> skipped, <b data-tooltip='0%'>0</b> others
</small>
</div>
</div>
</div>
</div>
<div class="col-md-6">
<div class="card">
<div class="card-header">
<h6 class="card-title">Log events</h6>
</div>
<div class="card-body">
<div class="">
<canvas id='events-analysis' width='115' height='90'></canvas>
</div>
</div>
<div class="card-footer">
<div><small data-tooltip='11%'><b>45</b> events passed</small></div>
<div>
<small data-tooltip='1%'><b>6</b> events failed,
<b data-tooltip='%'>342</b> others
</small>
</div>
</div>
</div>
</div>
</div>
<div class="row"><div class="col-md-12">
<div class="card"><div class="card-header"><p>Timeline</p></div>
<div class="card-body pt-0"><div>
<canvas id="timeline" height="120"></canvas>
</div></div>
</div>
</div></div>
<script>
var timeline = {
"testCreateAccountPageDisplayed":36.886,"testNavbarComponents":16.18,"testLoginPageDisplayed":3.94,"testHomePageDisplayed":8.387,"testCreateAccountWithInvalidDetails":37.779,"testClickMenuItem":3.895,"testNavbarComponents":8.66,"testOrderCountDisplayed":0.318,"testAccountCreationLink":2.032,"testCheckoutPageDisplayed":6.427,"testCreateAccountWithInvalidDetails":6.64,"testLoginFunctionality":1.582,"testNavbarComponents":6.689,"testNavbarComponents":5.492,"testCreateAccountWithInvalidDetails":5.564,"testLoginFunctionality":4.218,"testLogout":10.058,"testCheckoutPageProceedToOverview":3.284,"testCreateAccountWithInvalidDetails":12.228,"testLoginFunctionality":1.601,"testNavbarComponents":7.347,"testCreateAccountWithInvalidDetails":8.605,"testNavbarComponents":59.942,"testPaymentSummary":2.394,"testRemoveProductFromCart":13.329,"testLoginFunctionality":3.068,"testLoginFunctionality":5.527,"testNavbarComponents":5.172,"testTotalAmount":0,"testCheckoutCompletion":0.001,"testNavbarComponents":6.478,"testCartContainsAddedProduct":8.249,"testNavbarComponents":31.494,"testCartItemCount":8.266,"testNavbarComponents":6.84,"testClearCart":12.123,"testNavbarComponents":37.053,"testProceedToCheckout":6.291,"testNavbarComponents":5.483,"testNavbarComponents":6.442,"testNavbarComponents":5.378,"testNavbarComponents":5.372,"testNavbarComponents":6.024,"testNavbarComponents":5.186,"testNavbarComponents":6.75,"testLogoIsDisplayed":1.575,"testSignInLinkNavigation":2.859,"testCreateAccountLinkNavigation":4.068,"testSearchFunctionality":4.098,"testSearchFunctionality":1.56
};
</script>
<div class="row">
<div class="col-lg-6 col-md-12 category-container">
<div class="card">
<div class="card-header"><p>Tags</p></div>
<div class="card-body pb-0 pt-0"><table class="table table-sm table-bordered">
<thead><tr class="bg-gray"><th>Name</th><th>Passed</th><th>Failed</th><th>Skipped</th><th>Others</th><th>Passed %</th></tr></thead><tbody>
<tr>
<td>Regression_Suite</td>
<td>45</td>
<td>3</td>
<td>2</td>
<td>0</td>
<td>90%</td>
</tr>
<tr>
<td>chrome</td>
<td>45</td>
<td>3</td>
<td>2</td>
<td>0</td>
<td>90%</td>
</tr>
</tbody>
</table></div>
</div>
</div>
<div class="col-lg-6 col-md-12 sysenv-container">
<div class="card">
<div class="card-header"><p>System/Environment</p></div>
<div class="card-body pb-0 pt-0"><table class="table table-sm table-bordered">
<thead><tr class="bg-gray"><th>Name</th><th>Value</th></tr></thead>
<tbody>
<tr>
<td>Author</td>
<td>Kwazi Zwane</td>
</tr>
<tr>
<td>OS</td>
<td>Windows 11</td>
</tr>
<tr>
<td>Java Version</td>
<td>17.0.14</td>
</tr>
<tr>
<td>Browser</td>
<td>chrome</td>
</tr>
<tr>
<td>Browser Mode</td>
<td>normal</td>
</tr>
<tr>
<td>Environment</td>
<td>QA</td>
</tr>
<tr>
<td>Total Execution Time</td>
<td>00:09:55</td>
</tr>
<tr>
<td>Passed Tests</td>
<td>45</td>
</tr>
<tr>
<td>Failed Tests</td>
<td>3</td>
</tr>
<tr>
<td>Skipped Tests</td>
<td>2</td>
</tr>
<tr>
<td>Test Summary</td>
<td>[[Total Tests, 24]
[Passed, 45]
[Failed, 3]
[Skipped, 2]
[Execution Time, 00:09:55]]</td>
</tr>
</tbody>
</table></div>
</div>
</div>
</div>
</div>
<script>
var statusGroup = {
parentCount: 5,
passParent: 45,
failParent: 3,
warningParent: 0,
skipParent: 2,
childCount: 5,
passChild: 0,
failChild: 0,
warningChild: 0,
skipChild: 0,
infoChild: 0,
grandChildCount: 5,
passGrandChild: 0,
failGrandChild: 0,
warningGrandChild: 0,
skipGrandChild: 0,
infoGrandChild: 0,
eventsCount: 5,
passEvents: 45,
failEvents: 6,
warningEvents: 0,
skipEvents: 2,
infoEvents: 340
};
</script>        </div>
      </div>
    </div>
  </div>
<script src="https://cdn.jsdelivr.net/gh/extent-framework/extent-github-cdn@c05cd28cde1617b9d0c05a831daff6cb97fd9fd5/spark/js/spark-script.js"></script>
<script type="text/javascript"></script></body>
</html>