2025-05-05 15:08:10 INFO  LoggingManager:42 - Logging configuration initialized. Log file path: C:\Users\kwazinkosizwane\eclipse-workspace\MagentoTestingFramework\logs\Default suite_logs.log
2025-05-05 15:08:10 INFO  LoggingManager:51 - Loading the properties file
2025-05-05 15:08:11 INFO  Utils:112 - [Utils] DynamicGraphHelper.createDynamicGraph() took 6 ms.
2025-05-05 15:08:11 INFO  LoggingManager:51 - Running tests on browser: chrome
2025-05-05 15:08:11 INFO  LoggingManager:51 - Initializing chrome browser in normal mode
2025-05-05 15:08:19 INFO  LoggingManager:51 - WebDriver configured successfully
2025-05-05 15:08:27 INFO  LoggingManager:51 - Navigated to URL:https://magento.softwaretestingboard.com/ 
2025-05-05 15:08:28 INFO  LoggingManager:51 - Successfully performed click on element: [[ChromeDriver: chrome on windows (346a703066cb2cebab88648212670060)] -> xpath: //div[@class='panel header']//a[contains(text(),'Sign In')]]
2025-05-05 15:08:28 INFO  LoggingManager:51 - WebDriver quit successfully
2025-05-05 15:08:28 INFO  LoggingManager:51 - Running tests on browser: chrome
2025-05-05 15:08:28 INFO  LoggingManager:51 - Initializing chrome browser in normal mode
2025-05-05 15:08:30 INFO  LoggingManager:51 - WebDriver configured successfully
2025-05-05 15:08:37 INFO  LoggingManager:51 - Navigated to URL:https://magento.softwaretestingboard.com/ 
2025-05-05 15:08:39 INFO  LoggingManager:51 - Successfully performed click on element: [[ChromeDriver: chrome on windows (9412537ec864a6c1ef7cbfd2c7ef8990)] -> xpath: //div[@class='panel header']//a[contains(text(),'Sign In')]]
2025-05-05 15:08:40 INFO  LoggingManager:51 - Successfully performed click on element: [[ChromeDriver: chrome on windows (9412537ec864a6c1ef7cbfd2c7ef8990)] -> xpath: //a[@class='action create primary']]
2025-05-05 15:08:41 INFO  LoggingManager:51 - WebDriver quit successfully
2025-05-05 15:08:42 ERROR Utils:154 - [Error] exceptions.DataProviderException: Failed to load login test data
	at utils.dataproviders.MagentoDataProviders.getLoginData(MagentoDataProviders.java:33)
	at java.base/jdk.internal.reflect.NativeMethodAccessorImpl.invoke0(Native Method)
	at java.base/jdk.internal.reflect.NativeMethodAccessorImpl.invoke(NativeMethodAccessorImpl.java:77)
	at java.base/jdk.internal.reflect.DelegatingMethodAccessorImpl.invoke(DelegatingMethodAccessorImpl.java:43)
	at java.base/java.lang.reflect.Method.invoke(Method.java:568)
	at org.testng.internal.invokers.MethodInvocationHelper.invokeMethod(MethodInvocationHelper.java:141)
	at org.testng.internal.invokers.MethodInvocationHelper.invokeMethod(MethodInvocationHelper.java:86)
	at org.testng.internal.invokers.MethodInvocationHelper.invokeMethodNoCheckedException(MethodInvocationHelper.java:54)
	at org.testng.internal.invokers.MethodInvocationHelper.invokeDataProvider(MethodInvocationHelper.java:159)
	at org.testng.internal.Parameters.handleParameters(Parameters.java:809)
	at org.testng.internal.Parameters.handleParameters(Parameters.java:734)
	at org.testng.internal.invokers.ParameterHandler.handleParameters(ParameterHandler.java:72)
	at org.testng.internal.invokers.ParameterHandler.createParameters(ParameterHandler.java:51)
	at org.testng.internal.invokers.TestInvoker$MethodInvocationAgent.invoke(TestInvoker.java:946)
	at org.testng.internal.invokers.TestInvoker.invokeTestMethods(TestInvoker.java:203)
	at org.testng.internal.invokers.TestMethodWorker.invokeTestMethods(TestMethodWorker.java:154)
	at org.testng.internal.invokers.TestMethodWorker.run(TestMethodWorker.java:134)
	at java.base/java.util.ArrayList.forEach(ArrayList.java:1511)
	at org.testng.TestRunner.privateRun(TestRunner.java:739)
	at org.testng.TestRunner.run(TestRunner.java:614)
	at org.testng.SuiteRunner.runTest(SuiteRunner.java:421)
	at org.testng.SuiteRunner.runSequentially(SuiteRunner.java:413)
	at org.testng.SuiteRunner.privateRun(SuiteRunner.java:373)
	at org.testng.SuiteRunner.run(SuiteRunner.java:312)
	at org.testng.SuiteRunnerWorker.runSuite(SuiteRunnerWorker.java:52)
	at org.testng.SuiteRunnerWorker.run(SuiteRunnerWorker.java:95)
	at org.testng.TestNG.runSuitesSequentially(TestNG.java:1274)
	at org.testng.TestNG.runSuitesLocally(TestNG.java:1208)
	at org.testng.TestNG.runSuites(TestNG.java:1112)
	at org.testng.TestNG.run(TestNG.java:1079)
	at org.testng.remote.AbstractRemoteTestNG.run(AbstractRemoteTestNG.java:115)
	at org.testng.remote.RemoteTestNG.initAndRun(RemoteTestNG.java:293)
	at org.testng.remote.RemoteTestNG.main(RemoteTestNG.java:91)
Caused by: exceptions.DataProviderException: Error processing Excel file: /data/test-data.xlsx
	at utils.dataproviders.GenericExcelDataProvider.getTestData(GenericExcelDataProvider.java:39)
	at utils.dataproviders.MagentoDataProviders.getLoginData(MagentoDataProviders.java:27)
	... 32 more
Caused by: exceptions.DataProviderException: Missing expected column: Username
	at utils.dataproviders.GenericExcelDataProvider.validateHeaders(GenericExcelDataProvider.java:66)
	at utils.dataproviders.GenericExcelDataProvider.getTestData(GenericExcelDataProvider.java:27)
	... 33 more

2025-05-05 15:22:44 INFO  LoggingManager:42 - Logging configuration initialized. Log file path: C:\Users\kwazinkosizwane\eclipse-workspace\MagentoTestingFramework\logs\Default suite_logs.log
2025-05-05 15:22:44 INFO  LoggingManager:51 - Loading the properties file
2025-05-05 15:22:44 INFO  Utils:112 - [Utils] DynamicGraphHelper.createDynamicGraph() took 2 ms.
2025-05-05 15:22:44 INFO  LoggingManager:51 - Running tests on browser: chrome
2025-05-05 15:22:44 INFO  LoggingManager:51 - Initializing chrome browser in normal mode
2025-05-05 15:22:46 INFO  LoggingManager:51 - WebDriver configured successfully
2025-05-05 15:22:50 INFO  LoggingManager:51 - Navigated to URL:https://magento.softwaretestingboard.com/ 
2025-05-05 15:22:51 INFO  LoggingManager:51 - Successfully performed click on element: [[ChromeDriver: chrome on windows (0ca6865d1b13c3de4ee4d455f291ac0e)] -> xpath: //div[@class='panel header']//a[contains(text(),'Sign In')]]
2025-05-05 15:22:52 INFO  LoggingManager:51 - WebDriver quit successfully
2025-05-05 15:22:52 INFO  LoggingManager:51 - Running tests on browser: chrome
2025-05-05 15:22:52 INFO  LoggingManager:51 - Initializing chrome browser in normal mode
2025-05-05 15:22:54 INFO  LoggingManager:51 - WebDriver configured successfully
2025-05-05 15:22:58 INFO  LoggingManager:51 - Navigated to URL:https://magento.softwaretestingboard.com/ 
2025-05-05 15:23:01 INFO  LoggingManager:51 - Successfully performed click on element: [[ChromeDriver: chrome on windows (cb34817ce570ceaf16beec728ba50516)] -> xpath: //div[@class='panel header']//a[contains(text(),'Sign In')]]
2025-05-05 15:23:03 INFO  LoggingManager:51 - Successfully performed click on element: [[ChromeDriver: chrome on windows (cb34817ce570ceaf16beec728ba50516)] -> xpath: //a[@class='action create primary']]
2025-05-05 15:23:03 INFO  LoggingManager:51 - WebDriver quit successfully
2025-05-05 15:23:04 INFO  LoggingManager:51 - Running tests on browser: chrome
2025-05-05 15:23:04 INFO  LoggingManager:51 - Initializing chrome browser in normal mode
2025-05-05 15:23:06 INFO  LoggingManager:51 - WebDriver configured successfully
2025-05-05 15:23:10 INFO  LoggingManager:51 - Navigated to URL:https://magento.softwaretestingboard.com/ 
2025-05-05 15:23:13 INFO  LoggingManager:51 - Successfully performed click on element: [[ChromeDriver: chrome on windows (a230a36dd74091e74273d4751497d3de)] -> xpath: //div[@class='panel header']//a[contains(text(),'Sign In')]]
2025-05-05 15:23:38 INFO  LoggingManager:51 - =========================Starting test case: TC0=========================
2025-05-05 15:23:38 INFO  LoggingManager:51 - Successfully performed send keys to on element: [[ChromeDriver: chrome on windows (a230a36dd74091e74273d4751497d3de)] -> id: email]
2025-05-05 15:23:38 INFO  LoggingManager:51 - Successfully performed send keys to on element: [[ChromeDriver: chrome on windows (a230a36dd74091e74273d4751497d3de)] -> id: pass]
2025-05-05 15:23:39 INFO  LoggingManager:51 - Successfully performed click on element: [[ChromeDriver: chrome on windows (a230a36dd74091e74273d4751497d3de)] -> id: send2]
2025-05-05 15:23:39 INFO  LoggingManager:51 - Checking if login was successful
2025-05-05 15:24:11 INFO  LoggingManager:51 - Checking if error message is displayed
2025-05-05 15:24:22 INFO  LoggingManager:51 - Login was not successful.
2025-05-05 15:24:27 INFO  LoggingManager:51 - TC0 in LoginPageTest::testLoginFunctionality PASSED!
2025-05-05 15:24:27 INFO  LoggingManager:51 - WebDriver quit successfully
2025-05-05 15:24:27 INFO  LoggingManager:51 - Running tests on browser: chrome
2025-05-05 15:24:27 INFO  LoggingManager:51 - Initializing chrome browser in normal mode
2025-05-05 15:24:29 INFO  LoggingManager:51 - WebDriver configured successfully
2025-05-05 15:25:05 INFO  LoggingManager:51 - Navigated to URL:https://magento.softwaretestingboard.com/ 
2025-05-05 15:25:07 INFO  LoggingManager:51 - Successfully performed click on element: [[ChromeDriver: chrome on windows (e2da8eacbd12768763152944887ff128)] -> xpath: //div[@class='panel header']//a[contains(text(),'Sign In')]]
2025-05-05 15:38:55 INFO  LoggingManager:51 - =========================Starting test case: TC1=========================
2025-05-05 15:38:55 INFO  LoggingManager:51 - Successfully performed send keys to on element: [[ChromeDriver: chrome on windows (e2da8eacbd12768763152944887ff128)] -> id: email]
2025-05-05 15:38:55 INFO  LoggingManager:51 - Successfully performed send keys to on element: [[ChromeDriver: chrome on windows (e2da8eacbd12768763152944887ff128)] -> id: pass]
2025-05-05 15:38:55 INFO  LoggingManager:51 - Successfully performed click on element: [[ChromeDriver: chrome on windows (e2da8eacbd12768763152944887ff128)] -> id: send2]
2025-05-05 15:38:55 INFO  LoggingManager:51 - Checking if login was successful
2025-05-05 15:39:36 INFO  LoggingManager:51 - Checking if error message is displayed
2025-05-05 15:39:43 INFO  LoggingManager:51 - Login was not successful.
2025-05-05 15:39:49 INFO  LoggingManager:51 - TC1 in LoginPageTest::testLoginFunctionality PASSED!
2025-05-05 15:39:49 INFO  LoggingManager:51 - WebDriver quit successfully
2025-05-05 15:39:49 INFO  LoggingManager:51 - Running tests on browser: chrome
2025-05-05 15:39:49 INFO  LoggingManager:51 - Initializing chrome browser in normal mode
2025-05-05 15:39:52 INFO  LoggingManager:51 - WebDriver configured successfully
2025-05-05 15:39:54 INFO  LoggingManager:51 - Navigated to URL:https://magento.softwaretestingboard.com/ 
2025-05-05 15:39:56 INFO  LoggingManager:51 - Successfully performed click on element: [[ChromeDriver: chrome on windows (72462ae9d955c94e28ca73966b3ef988)] -> xpath: //div[@class='panel header']//a[contains(text(),'Sign In')]]
2025-05-05 15:40:04 INFO  LoggingManager:51 - =========================Starting test case: TC2=========================
2025-05-05 15:40:04 INFO  LoggingManager:51 - Successfully performed send keys to on element: [[ChromeDriver: chrome on windows (72462ae9d955c94e28ca73966b3ef988)] -> id: email]
2025-05-05 15:40:04 INFO  LoggingManager:51 - Successfully performed send keys to on element: [[ChromeDriver: chrome on windows (72462ae9d955c94e28ca73966b3ef988)] -> id: pass]
2025-05-05 15:40:04 INFO  LoggingManager:51 - Successfully performed click on element: [[ChromeDriver: chrome on windows (72462ae9d955c94e28ca73966b3ef988)] -> id: send2]
2025-05-05 15:40:04 INFO  LoggingManager:51 - Checking if login was successful
2025-05-05 15:40:08 INFO  LoggingManager:51 - Checking if error message is displayed
2025-05-05 15:40:26 INFO  LoggingManager:51 - Login was not successful.
2025-05-05 15:40:27 INFO  LoggingManager:51 - TC2 in LoginPageTest::testLoginFunctionality PASSED!
2025-05-05 15:40:28 INFO  LoggingManager:51 - WebDriver quit successfully
2025-05-05 15:40:28 INFO  LoggingManager:51 - Running tests on browser: chrome
2025-05-05 15:40:28 INFO  LoggingManager:51 - Initializing chrome browser in normal mode
2025-05-05 15:40:29 INFO  LoggingManager:51 - WebDriver configured successfully
2025-05-05 15:40:32 INFO  LoggingManager:51 - Navigated to URL:https://magento.softwaretestingboard.com/ 
2025-05-05 15:40:33 INFO  LoggingManager:51 - Successfully performed click on element: [[ChromeDriver: chrome on windows (89aa31faf6ebffaff883e84ea47c6a33)] -> xpath: //div[@class='panel header']//a[contains(text(),'Sign In')]]
2025-05-05 15:40:35 INFO  LoggingManager:51 - =========================Starting test case: TC3=========================
2025-05-05 15:40:35 INFO  LoggingManager:51 - Successfully performed send keys to on element: [[ChromeDriver: chrome on windows (89aa31faf6ebffaff883e84ea47c6a33)] -> id: email]
2025-05-05 15:40:35 INFO  LoggingManager:51 - Successfully performed send keys to on element: [[ChromeDriver: chrome on windows (89aa31faf6ebffaff883e84ea47c6a33)] -> id: pass]
2025-05-05 15:40:37 INFO  LoggingManager:51 - Successfully performed click on element: [[ChromeDriver: chrome on windows (89aa31faf6ebffaff883e84ea47c6a33)] -> id: send2]
2025-05-05 15:40:39 INFO  LoggingManager:51 - Checking if login was successful
2025-05-05 15:41:01 INFO  LoggingManager:51 - WebDriver quit successfully
2025-05-05 15:41:01 INFO  LoggingManager:51 - Running tests on browser: chrome
2025-05-05 15:41:01 INFO  LoggingManager:51 - Initializing chrome browser in normal mode
2025-05-05 15:41:03 INFO  LoggingManager:51 - WebDriver configured successfully
2025-05-05 15:41:34 INFO  LoggingManager:51 - Navigated to URL:https://magento.softwaretestingboard.com/ 
2025-05-05 15:41:35 INFO  LoggingManager:51 - Successfully performed click on element: [[ChromeDriver: chrome on windows (89eac120bd9e0fe4f9f4a597f06f6091)] -> xpath: //div[@class='panel header']//a[contains(text(),'Sign In')]]
2025-05-05 15:41:40 INFO  LoggingManager:51 - =========================Starting test case: TC4=========================
2025-05-05 15:41:40 INFO  LoggingManager:51 - Successfully performed send keys to on element: [[ChromeDriver: chrome on windows (89eac120bd9e0fe4f9f4a597f06f6091)] -> id: email]
2025-05-05 15:41:40 INFO  LoggingManager:51 - Successfully performed send keys to on element: [[ChromeDriver: chrome on windows (89eac120bd9e0fe4f9f4a597f06f6091)] -> id: pass]
2025-05-05 15:41:42 INFO  LoggingManager:51 - Successfully performed click on element: [[ChromeDriver: chrome on windows (89eac120bd9e0fe4f9f4a597f06f6091)] -> id: send2]
2025-05-05 15:41:44 INFO  LoggingManager:51 - Checking if login was successful
2025-05-05 15:42:14 INFO  LoggingManager:51 - WebDriver quit successfully
2025-05-05 15:56:48 INFO  LoggingManager:42 - Logging configuration initialized. Log file path: C:\Users\kwazinkosizwane\eclipse-workspace\MagentoTestingFramework\logs\Default suite_logs.log
2025-05-05 15:56:48 INFO  LoggingManager:51 - Loading the properties file
2025-05-05 15:56:49 INFO  Utils:112 - [Utils] DynamicGraphHelper.createDynamicGraph() took 3 ms.
2025-05-05 15:56:49 INFO  LoggingManager:51 - Running tests on browser: chrome
2025-05-05 15:56:49 INFO  LoggingManager:51 - Initializing chrome browser in normal mode
2025-05-05 15:56:51 INFO  LoggingManager:51 - WebDriver configured successfully
2025-05-05 15:56:55 INFO  LoggingManager:51 - Navigated to URL:https://magento.softwaretestingboard.com/ 
2025-05-05 15:56:58 INFO  LoggingManager:51 - Successfully performed click on element: [[ChromeDriver: chrome on windows (7f448e65eab2bca4bf23fdeed3366c12)] -> xpath: //div[@class='panel header']//a[contains(text(),'Sign In')]]
2025-05-05 15:56:58 INFO  LoggingManager:51 - WebDriver quit successfully
2025-05-05 15:56:58 INFO  LoggingManager:51 - Running tests on browser: chrome
2025-05-05 15:56:58 INFO  LoggingManager:51 - Initializing chrome browser in normal mode
2025-05-05 15:57:00 INFO  LoggingManager:51 - WebDriver configured successfully
2025-05-05 15:57:02 INFO  LoggingManager:51 - Navigated to URL:https://magento.softwaretestingboard.com/ 
2025-05-05 15:57:04 INFO  LoggingManager:51 - Successfully performed click on element: [[ChromeDriver: chrome on windows (074461ef602275326de5677f5e6459fe)] -> xpath: //div[@class='panel header']//a[contains(text(),'Sign In')]]
2025-05-05 15:57:06 INFO  LoggingManager:51 - Successfully performed click on element: [[ChromeDriver: chrome on windows (074461ef602275326de5677f5e6459fe)] -> xpath: //a[@class='action create primary']]
2025-05-05 15:57:07 INFO  LoggingManager:51 - WebDriver quit successfully
2025-05-05 15:57:08 INFO  LoggingManager:51 - Running tests on browser: chrome
2025-05-05 15:57:08 INFO  LoggingManager:51 - Initializing chrome browser in normal mode
2025-05-05 15:57:09 INFO  LoggingManager:51 - WebDriver configured successfully
2025-05-05 15:57:11 INFO  LoggingManager:51 - Navigated to URL:https://magento.softwaretestingboard.com/ 
2025-05-05 15:57:13 INFO  LoggingManager:51 - Successfully performed click on element: [[ChromeDriver: chrome on windows (ee843ae43032635ecdb010a87d38ce75)] -> xpath: //div[@class='panel header']//a[contains(text(),'Sign In')]]
2025-05-05 16:01:09 INFO  LoggingManager:51 - =========================Starting test case: TC0=========================
2025-05-05 16:01:10 INFO  LoggingManager:51 - Successfully performed send keys to on element: [[ChromeDriver: chrome on windows (ee843ae43032635ecdb010a87d38ce75)] -> id: email]
2025-05-05 16:01:10 INFO  LoggingManager:51 - Successfully performed send keys to on element: [[ChromeDriver: chrome on windows (ee843ae43032635ecdb010a87d38ce75)] -> id: pass]
2025-05-05 16:01:10 INFO  LoggingManager:51 - Successfully performed click on element: [[ChromeDriver: chrome on windows (ee843ae43032635ecdb010a87d38ce75)] -> id: send2]
2025-05-05 16:01:10 INFO  LoggingManager:51 - Checking if login was successful
2025-05-05 16:01:14 INFO  LoggingManager:51 - Checking if error message is displayed
2025-05-05 16:01:43 INFO  LoggingManager:51 - Login was not successful.
2025-05-05 16:01:45 INFO  LoggingManager:51 - TC0 in LoginPageTest::testLoginFunctionality PASSED!
2025-05-05 16:01:45 INFO  LoggingManager:51 - WebDriver quit successfully
2025-05-05 16:01:45 INFO  LoggingManager:51 - Running tests on browser: chrome
2025-05-05 16:01:45 INFO  LoggingManager:51 - Initializing chrome browser in normal mode
2025-05-05 16:01:47 INFO  LoggingManager:51 - WebDriver configured successfully
2025-05-05 16:01:51 INFO  LoggingManager:51 - Navigated to URL:https://magento.softwaretestingboard.com/ 
2025-05-05 16:01:52 INFO  LoggingManager:51 - Successfully performed click on element: [[ChromeDriver: chrome on windows (9abaf520b0a774c8a3f99046c63feb69)] -> xpath: //div[@class='panel header']//a[contains(text(),'Sign In')]]
2025-05-05 16:02:18 INFO  LoggingManager:51 - =========================Starting test case: TC1=========================
2025-05-05 16:02:18 INFO  LoggingManager:51 - Successfully performed send keys to on element: [[ChromeDriver: chrome on windows (9abaf520b0a774c8a3f99046c63feb69)] -> id: email]
2025-05-05 16:02:18 INFO  LoggingManager:51 - Successfully performed send keys to on element: [[ChromeDriver: chrome on windows (9abaf520b0a774c8a3f99046c63feb69)] -> id: pass]
2025-05-05 16:02:19 INFO  LoggingManager:51 - Successfully performed click on element: [[ChromeDriver: chrome on windows (9abaf520b0a774c8a3f99046c63feb69)] -> id: send2]
2025-05-05 16:02:19 INFO  LoggingManager:51 - Checking if login was successful
2025-05-05 16:02:26 INFO  LoggingManager:51 - Checking if error message is displayed
2025-05-05 16:02:36 INFO  LoggingManager:51 - Login was not successful.
2025-05-05 16:03:40 INFO  LoggingManager:51 - TC1 in LoginPageTest::testLoginFunctionality PASSED!
2025-05-05 16:03:40 INFO  LoggingManager:51 - WebDriver quit successfully
2025-05-05 16:03:40 INFO  LoggingManager:51 - Running tests on browser: chrome
2025-05-05 16:03:40 INFO  LoggingManager:51 - Initializing chrome browser in normal mode
2025-05-05 16:03:42 INFO  LoggingManager:51 - WebDriver configured successfully
2025-05-05 16:04:15 INFO  LoggingManager:51 - Navigated to URL:https://magento.softwaretestingboard.com/ 
2025-05-05 16:04:17 INFO  LoggingManager:51 - Successfully performed click on element: [[ChromeDriver: chrome on windows (c2f9b6ce28dabf439cb68d218d07d3e9)] -> xpath: //div[@class='panel header']//a[contains(text(),'Sign In')]]
2025-05-05 16:04:59 INFO  LoggingManager:51 - =========================Starting test case: TC2=========================
2025-05-05 16:04:59 INFO  LoggingManager:51 - Successfully performed send keys to on element: [[ChromeDriver: chrome on windows (c2f9b6ce28dabf439cb68d218d07d3e9)] -> id: email]
2025-05-05 16:04:59 INFO  LoggingManager:51 - Successfully performed send keys to on element: [[ChromeDriver: chrome on windows (c2f9b6ce28dabf439cb68d218d07d3e9)] -> id: pass]
2025-05-05 16:04:59 INFO  LoggingManager:51 - Successfully performed click on element: [[ChromeDriver: chrome on windows (c2f9b6ce28dabf439cb68d218d07d3e9)] -> id: send2]
2025-05-05 16:04:59 INFO  LoggingManager:51 - Checking if login was successful
2025-05-05 16:05:04 INFO  LoggingManager:51 - Checking if error message is displayed
2025-05-05 16:05:23 INFO  LoggingManager:51 - Login was not successful.
2025-05-05 16:05:30 INFO  LoggingManager:51 - TC2 in LoginPageTest::testLoginFunctionality PASSED!
2025-05-05 16:05:30 INFO  LoggingManager:51 - WebDriver quit successfully
2025-05-05 16:05:30 INFO  LoggingManager:51 - Running tests on browser: chrome
2025-05-05 16:05:30 INFO  LoggingManager:51 - Initializing chrome browser in normal mode
2025-05-05 16:05:32 INFO  LoggingManager:51 - WebDriver configured successfully
2025-05-05 16:06:03 INFO  LoggingManager:51 - Navigated to URL:https://magento.softwaretestingboard.com/ 
2025-05-05 16:06:05 INFO  LoggingManager:51 - Successfully performed click on element: [[ChromeDriver: chrome on windows (975c511f0287b5b1413e5c0132d4bf57)] -> xpath: //div[@class='panel header']//a[contains(text(),'Sign In')]]
2025-05-05 16:06:09 INFO  LoggingManager:51 - =========================Starting test case: TC3=========================
2025-05-05 16:06:10 INFO  LoggingManager:51 - Successfully performed send keys to on element: [[ChromeDriver: chrome on windows (975c511f0287b5b1413e5c0132d4bf57)] -> id: email]
2025-05-05 16:06:10 INFO  LoggingManager:51 - Successfully performed send keys to on element: [[ChromeDriver: chrome on windows (975c511f0287b5b1413e5c0132d4bf57)] -> id: pass]
2025-05-05 16:06:12 INFO  LoggingManager:51 - Successfully performed click on element: [[ChromeDriver: chrome on windows (975c511f0287b5b1413e5c0132d4bf57)] -> id: send2]
2025-05-05 16:06:14 INFO  LoggingManager:51 - Checking if login was successful
2025-05-05 16:06:16 INFO  LoggingManager:51 - WebDriver quit successfully
2025-05-05 16:06:16 INFO  LoggingManager:51 - Running tests on browser: chrome
2025-05-05 16:06:16 INFO  LoggingManager:51 - Initializing chrome browser in normal mode
2025-05-05 16:06:18 INFO  LoggingManager:51 - WebDriver configured successfully
2025-05-05 16:06:24 INFO  LoggingManager:51 - Navigated to URL:https://magento.softwaretestingboard.com/ 
2025-05-05 16:06:26 INFO  LoggingManager:51 - Successfully performed click on element: [[ChromeDriver: chrome on windows (57d9d97f66f74efc9c85c205949553df)] -> xpath: //div[@class='panel header']//a[contains(text(),'Sign In')]]
2025-05-05 16:06:32 INFO  LoggingManager:51 - =========================Starting test case: TC4=========================
2025-05-05 16:06:32 INFO  LoggingManager:51 - Successfully performed send keys to on element: [[ChromeDriver: chrome on windows (57d9d97f66f74efc9c85c205949553df)] -> id: email]
2025-05-05 16:06:32 INFO  LoggingManager:51 - Successfully performed send keys to on element: [[ChromeDriver: chrome on windows (57d9d97f66f74efc9c85c205949553df)] -> id: pass]
2025-05-05 16:06:34 INFO  LoggingManager:51 - Successfully performed click on element: [[ChromeDriver: chrome on windows (57d9d97f66f74efc9c85c205949553df)] -> id: send2]
2025-05-05 16:06:36 INFO  LoggingManager:51 - Checking if login was successful
2025-05-05 16:11:50 INFO  LoggingManager:42 - Logging configuration initialized. Log file path: C:\Users\kwazinkosizwane\eclipse-workspace\MagentoTestingFramework\logs\Default suite_logs.log
2025-05-05 16:11:50 INFO  LoggingManager:51 - Loading the properties file
2025-05-05 16:11:50 INFO  Utils:112 - [Utils] DynamicGraphHelper.createDynamicGraph() took 6 ms.
2025-05-05 16:11:51 INFO  LoggingManager:51 - Running tests on browser: chrome
2025-05-05 16:11:51 INFO  LoggingManager:51 - Initializing chrome browser in normal mode
2025-05-05 16:11:53 INFO  LoggingManager:51 - WebDriver configured successfully
2025-05-05 16:11:58 INFO  LoggingManager:51 - Navigated to URL:https://magento.softwaretestingboard.com/ 
2025-05-05 16:12:00 INFO  LoggingManager:51 - Successfully performed click on element: [[ChromeDriver: chrome on windows (bf7a90384b2815971b4b5a070abb620c)] -> xpath: //div[@class='panel header']//a[contains(text(),'Sign In')]]
2025-05-05 16:12:00 INFO  LoggingManager:51 - WebDriver quit successfully
2025-05-05 16:12:00 INFO  LoggingManager:51 - Running tests on browser: chrome
2025-05-05 16:12:00 INFO  LoggingManager:51 - Initializing chrome browser in normal mode
2025-05-05 16:12:02 INFO  LoggingManager:51 - WebDriver configured successfully
2025-05-05 16:12:03 INFO  LoggingManager:51 - Navigated to URL:https://magento.softwaretestingboard.com/ 
2025-05-05 16:12:12 INFO  LoggingManager:51 - Successfully performed click on element: [[ChromeDriver: chrome on windows (47aa0bc4aed00a3bf08e736e40253c0a)] -> xpath: //div[@class='panel header']//a[contains(text(),'Sign In')]]
2025-05-05 16:12:15 INFO  LoggingManager:51 - Successfully performed click on element: [[ChromeDriver: chrome on windows (47aa0bc4aed00a3bf08e736e40253c0a)] -> xpath: //a[@class='action create primary']]
2025-05-05 16:12:16 INFO  LoggingManager:51 - WebDriver quit successfully
2025-05-05 16:12:20 INFO  LoggingManager:51 - Running tests on browser: chrome
2025-05-05 16:12:20 INFO  LoggingManager:51 - Initializing chrome browser in normal mode
2025-05-05 16:12:22 INFO  LoggingManager:51 - WebDriver configured successfully
2025-05-05 16:12:27 INFO  LoggingManager:51 - Navigated to URL:https://magento.softwaretestingboard.com/ 
2025-05-05 16:12:36 INFO  LoggingManager:51 - Successfully performed click on element: [[ChromeDriver: chrome on windows (313561e6c8d6c2ec8534f55eef295b42)] -> xpath: //div[@class='panel header']//a[contains(text(),'Sign In')]]
2025-05-05 16:12:41 INFO  LoggingManager:51 - =========================Starting test case: TC0=========================
2025-05-05 16:12:41 INFO  LoggingManager:51 - Successfully performed send keys to on element: [[ChromeDriver: chrome on windows (313561e6c8d6c2ec8534f55eef295b42)] -> id: email]
2025-05-05 16:12:42 INFO  LoggingManager:51 - Successfully performed send keys to on element: [[ChromeDriver: chrome on windows (313561e6c8d6c2ec8534f55eef295b42)] -> id: pass]
2025-05-05 16:12:42 INFO  LoggingManager:51 - Successfully performed click on element: [[ChromeDriver: chrome on windows (313561e6c8d6c2ec8534f55eef295b42)] -> id: send2]
2025-05-05 16:12:42 INFO  LoggingManager:51 - Checking if login was successful
2025-05-05 16:12:43 INFO  LoggingManager:51 - Checking if error message is displayed
2025-05-05 16:12:47 INFO  LoggingManager:51 - Login was not successful.
2025-05-05 16:12:48 INFO  LoggingManager:51 - TC0 in LoginPageTest::testLoginFunctionality PASSED!
2025-05-05 16:12:48 INFO  LoggingManager:51 - WebDriver quit successfully
2025-05-05 16:12:48 INFO  LoggingManager:51 - Running tests on browser: chrome
2025-05-05 16:12:48 INFO  LoggingManager:51 - Initializing chrome browser in normal mode
2025-05-05 16:12:51 INFO  LoggingManager:51 - WebDriver configured successfully
2025-05-05 16:13:23 INFO  LoggingManager:51 - Navigated to URL:https://magento.softwaretestingboard.com/ 
2025-05-05 16:13:36 INFO  LoggingManager:51 - Successfully performed click on element: [[ChromeDriver: chrome on windows (e9e51add140a93f78b99a780fbd41921)] -> xpath: //div[@class='panel header']//a[contains(text(),'Sign In')]]
2025-05-05 16:13:43 INFO  LoggingManager:51 - =========================Starting test case: TC1=========================
2025-05-05 16:13:43 INFO  LoggingManager:51 - Successfully performed send keys to on element: [[ChromeDriver: chrome on windows (e9e51add140a93f78b99a780fbd41921)] -> id: email]
2025-05-05 16:13:44 INFO  LoggingManager:51 - Successfully performed send keys to on element: [[ChromeDriver: chrome on windows (e9e51add140a93f78b99a780fbd41921)] -> id: pass]
2025-05-05 16:13:44 INFO  LoggingManager:51 - Successfully performed click on element: [[ChromeDriver: chrome on windows (e9e51add140a93f78b99a780fbd41921)] -> id: send2]
2025-05-05 16:13:44 INFO  LoggingManager:51 - Checking if login was successful
2025-05-05 16:13:49 INFO  LoggingManager:51 - Checking if error message is displayed
2025-05-05 16:13:58 INFO  LoggingManager:51 - Login was not successful.
2025-05-05 16:14:05 INFO  LoggingManager:51 - TC1 in LoginPageTest::testLoginFunctionality PASSED!
2025-05-05 16:14:05 INFO  LoggingManager:51 - WebDriver quit successfully
2025-05-05 16:14:05 INFO  LoggingManager:51 - Running tests on browser: chrome
2025-05-05 16:14:05 INFO  LoggingManager:51 - Initializing chrome browser in normal mode
2025-05-05 16:14:07 INFO  LoggingManager:51 - WebDriver configured successfully
2025-05-05 16:14:14 INFO  LoggingManager:51 - Navigated to URL:https://magento.softwaretestingboard.com/ 
2025-05-05 16:14:25 INFO  LoggingManager:51 - Successfully performed click on element: [[ChromeDriver: chrome on windows (07a8c1503c33d726e2ddb3b713f70403)] -> xpath: //div[@class='panel header']//a[contains(text(),'Sign In')]]
2025-05-05 16:14:28 INFO  LoggingManager:51 - =========================Starting test case: TC2=========================
2025-05-05 16:14:29 INFO  LoggingManager:51 - Successfully performed send keys to on element: [[ChromeDriver: chrome on windows (07a8c1503c33d726e2ddb3b713f70403)] -> id: email]
2025-05-05 16:14:29 INFO  LoggingManager:51 - Successfully performed send keys to on element: [[ChromeDriver: chrome on windows (07a8c1503c33d726e2ddb3b713f70403)] -> id: pass]
2025-05-05 16:14:29 INFO  LoggingManager:51 - Successfully performed click on element: [[ChromeDriver: chrome on windows (07a8c1503c33d726e2ddb3b713f70403)] -> id: send2]
2025-05-05 16:14:29 INFO  LoggingManager:51 - Checking if login was successful
2025-05-05 16:14:31 INFO  LoggingManager:51 - Checking if error message is displayed
2025-05-05 16:14:36 INFO  LoggingManager:51 - Login was not successful.
2025-05-05 16:14:37 INFO  LoggingManager:51 - TC2 in LoginPageTest::testLoginFunctionality PASSED!
2025-05-05 16:14:38 INFO  LoggingManager:51 - WebDriver quit successfully
2025-05-05 16:14:38 INFO  LoggingManager:51 - Running tests on browser: chrome
2025-05-05 16:14:38 INFO  LoggingManager:51 - Initializing chrome browser in normal mode
2025-05-05 16:14:40 INFO  LoggingManager:51 - WebDriver configured successfully
2025-05-05 16:14:46 INFO  LoggingManager:51 - Navigated to URL:https://magento.softwaretestingboard.com/ 
2025-05-05 16:14:48 INFO  LoggingManager:51 - Successfully performed click on element: [[ChromeDriver: chrome on windows (f2ac66ca9186f4b1c4a1ad5169f011bd)] -> xpath: //div[@class='panel header']//a[contains(text(),'Sign In')]]
2025-05-05 16:14:50 INFO  LoggingManager:51 - =========================Starting test case: TC3=========================
2025-05-05 16:14:50 INFO  LoggingManager:51 - Successfully performed send keys to on element: [[ChromeDriver: chrome on windows (f2ac66ca9186f4b1c4a1ad5169f011bd)] -> id: email]
2025-05-05 16:14:50 INFO  LoggingManager:51 - Successfully performed send keys to on element: [[ChromeDriver: chrome on windows (f2ac66ca9186f4b1c4a1ad5169f011bd)] -> id: pass]
2025-05-05 16:14:52 INFO  LoggingManager:51 - Successfully performed click on element: [[ChromeDriver: chrome on windows (f2ac66ca9186f4b1c4a1ad5169f011bd)] -> id: send2]
2025-05-05 16:14:54 INFO  LoggingManager:51 - Checking if login was successful
2025-05-05 16:14:58 INFO  LoggingManager:51 - WebDriver quit successfully
2025-05-05 16:14:58 INFO  LoggingManager:51 - Running tests on browser: chrome
2025-05-05 16:14:58 INFO  LoggingManager:51 - Initializing chrome browser in normal mode
2025-05-05 16:15:01 INFO  LoggingManager:51 - WebDriver configured successfully
2025-05-05 16:15:07 INFO  LoggingManager:51 - Navigated to URL:https://magento.softwaretestingboard.com/ 
2025-05-05 16:15:10 INFO  LoggingManager:51 - Successfully performed click on element: [[ChromeDriver: chrome on windows (80b2821d21dc997a81056db4003430df)] -> xpath: //div[@class='panel header']//a[contains(text(),'Sign In')]]
2025-05-05 16:15:12 INFO  LoggingManager:51 - =========================Starting test case: TC4=========================
2025-05-05 16:15:13 INFO  LoggingManager:51 - Successfully performed send keys to on element: [[ChromeDriver: chrome on windows (80b2821d21dc997a81056db4003430df)] -> id: email]
2025-05-05 16:15:13 INFO  LoggingManager:51 - Successfully performed send keys to on element: [[ChromeDriver: chrome on windows (80b2821d21dc997a81056db4003430df)] -> id: pass]
2025-05-05 16:15:16 INFO  LoggingManager:51 - Successfully performed click on element: [[ChromeDriver: chrome on windows (80b2821d21dc997a81056db4003430df)] -> id: send2]
2025-05-05 16:15:19 INFO  LoggingManager:51 - Checking if login was successful
2025-05-05 16:15:30 INFO  LoggingManager:51 - Login was successful.
2025-05-05 16:15:36 INFO  LoggingManager:51 - TC4 in LoginPageTest::testLoginFunctionality PASSED!
2025-05-05 16:15:37 INFO  LoggingManager:51 - WebDriver quit successfully
